2026-05-10 09:39:28,454 - main - INFO - === Logging system initialized ===
2026-05-10 09:39:28,455 - main - INFO - Log file: logs/app_20260510_093928.log
2026-05-10 09:39:28,455 - main - INFO - Log level: INFO
2026-05-10 09:39:28,455 - main - INFO - Timestamp: 20260510_093928
2026-05-10 09:39:29,553 - main - INFO - Included router: routers.aihub.router
2026-05-10 09:39:29,578 - main - INFO - Included router: routers.auth.router
2026-05-10 09:39:29,627 - main - INFO - Included router: routers.betsmarts.router
2026-05-10 09:39:29,750 - main - INFO - Included router: routers.cash_ops.router
2026-05-10 09:39:29,798 - main - INFO - Included router: routers.cashes.router
2026-05-10 09:39:29,868 - main - INFO - Included router: routers.discrepancies.router
2026-05-10 09:39:29,871 - main - INFO - Included router: routers.health.router
2026-05-10 09:39:30,065 - main - INFO - Included router: routers.movements.router
2026-05-10 09:39:30,090 - main - INFO - Included router: routers.settings.router
2026-05-10 09:39:30,419 - main - INFO - Included router: routers.shifts.router
2026-05-10 09:39:30,458 - main - INFO - Included router: routers.storage.router
2026-05-10 09:39:30,469 - main - INFO - Included router: routers.user.router
2026-05-10 09:39:30,534 - main - INFO - Included router: routers.user_profiles.router
2026-05-10 09:39:30,580 - main - INFO - Included router: routers.vlts.router
2026-05-10 09:39:30,581 - main - INFO - === Application startup initiated ===
2026-05-10 09:39:30,581 - services.database - INFO - Ignore creating tables
2026-05-10 09:39:30,581 - services.mock_data - INFO - Ignore initialize data
2026-05-10 09:39:30,582 - services.auth - INFO - Ignore initialize admin
2026-05-10 09:39:30,582 - main - INFO - === Application startup completed successfully ===
2026-05-10 09:39:41,717 - services.database - DEBUG - [DB_OP] Starting database close
2026-05-10 09:39:41,717 - services.database - INFO - Database connections closed
2026-05-10 09:39:41,717 - services.database - DEBUG - [DB_OP] Database close completed in 0.0005s
