2026-05-11 04:30:04,311 - main - INFO - === Logging system initialized ===
2026-05-11 04:30:04,312 - main - INFO - Log file: logs/app_20260511_043004.log
2026-05-11 04:30:04,312 - main - INFO - Log level: INFO
2026-05-11 04:30:04,312 - main - INFO - Timestamp: 20260511_043004
2026-05-11 04:30:21,484 - main - INFO - Included router: routers.aihub.router
2026-05-11 04:30:21,589 - main - INFO - Included router: routers.auth.router
2026-05-11 04:30:21,700 - main - INFO - Included router: routers.betsmarts.router
2026-05-11 04:30:21,924 - main - INFO - Included router: routers.cash_ops.router
2026-05-11 04:30:22,020 - main - INFO - Included router: routers.cashes.router
2026-05-11 04:30:22,239 - main - INFO - Included router: routers.discrepancies.router
2026-05-11 04:30:22,290 - main - INFO - Included router: routers.health.router
2026-05-11 04:30:22,570 - main - INFO - Included router: routers.movements.router
2026-05-11 04:30:22,609 - main - INFO - Included router: routers.public_auth.router
2026-05-11 04:30:22,654 - main - INFO - Included router: routers.settings.router
2026-05-11 04:30:22,837 - main - INFO - Included router: routers.shifts.router
2026-05-11 04:30:22,991 - main - INFO - Included router: routers.storage.router
2026-05-11 04:30:23,154 - main - INFO - Included router: routers.user.router
2026-05-11 04:30:23,290 - main - INFO - Included router: routers.user_profiles.router
2026-05-11 04:30:23,423 - main - INFO - Included router: routers.vlts.router
2026-05-11 04:30:23,426 - main - INFO - === Application startup initiated ===
2026-05-11 04:30:23,426 - services.database - INFO - Ignore creating tables
2026-05-11 04:30:23,426 - services.mock_data - INFO - Ignore initialize data
2026-05-11 04:30:23,426 - services.auth - INFO - Ignore initialize admin
2026-05-11 04:30:23,426 - main - INFO - === Application startup completed successfully ===
2026-05-11 04:30:57,367 - core.config - DEBUG - Read dynamic attribute jwt_secret_key from environment variable JWT_SECRET_KEY
2026-05-11 04:30:57,368 - core.config - DEBUG - Read dynamic attribute jwt_algorithm from environment variable JWT_ALGORITHM
2026-05-11 04:30:57,582 - core.auth - DEBUG - Authentication token validated for user hash: 6368b9a2
2026-05-11 04:30:57,583 - core.database - DEBUG - [DB_OP] Starting get_db session creation
2026-05-11 04:30:57,583 - core.database - WARNING - Database session maker not available, attempting lazy initialization...
2026-05-11 04:30:57,585 - core.database - WARNING - Database not initialized, attempting lazy initialization...
2026-05-11 04:30:57,585 - core.database - INFO - Starting database initialization...
2026-05-11 04:30:57,585 - core.config - DEBUG - Read dynamic attribute database_url from environment variable DATABASE_URL
2026-05-11 04:30:57,585 - core.database - INFO - Normalizing database URL for async compatibility...
2026-05-11 04:30:57,586 - core.database - INFO - Creating async database engine...
2026-05-11 04:30:57,587 - core.database - INFO - Using QueuePool with connection pooling for non-Lambda environment
2026-05-11 04:30:57,691 - core.database - INFO - Database engine created successfully
2026-05-11 04:30:57,692 - core.database - INFO - Creating async session maker...
2026-05-11 04:30:57,692 - core.database - INFO - Async session maker created successfully
2026-05-11 04:30:57,692 - core.database - INFO - Database connection initialized successfully
2026-05-11 04:30:57,693 - core.database - DEBUG - [DB_OP] Starting create_tables
2026-05-11 04:30:57,693 - core.database - INFO - 🔧 Starting table creation...
2026-05-11 04:30:59,470 - core.database - INFO - Tables initialized successfully
2026-05-11 04:30:59,471 - core.database - DEBUG - [DB_OP] Create tables completed in 1.7777s
2026-05-11 04:30:59,535 - core.database - INFO - Lazy database initialization completed successfully
2026-05-11 04:30:59,536 - core.database - DEBUG - [DB_OP] Database session created successfully in 1.9527s
2026-05-11 04:31:00,056 - core.database - DEBUG - [DB_OP] Database session cleanup after 2.4729s
2026-05-11 04:31:00,129 - services.database - DEBUG - [DB_OP] Starting database close
2026-05-11 04:31:00,199 - core.database - INFO - Database connection closed and engine disposed
2026-05-11 04:31:00,200 - services.database - INFO - Database connections closed
2026-05-11 04:31:00,200 - services.database - DEBUG - [DB_OP] Database close completed in 0.0707s
