2026-05-11 04:43:30,210 - main - INFO - === Logging system initialized ===
2026-05-11 04:43:30,211 - main - INFO - Log file: logs/app_20260511_044330.log
2026-05-11 04:43:30,211 - main - INFO - Log level: INFO
2026-05-11 04:43:30,212 - main - INFO - Timestamp: 20260511_044330
2026-05-11 04:43:32,243 - main - INFO - Included router: routers.aihub.router
2026-05-11 04:43:32,279 - main - INFO - Included router: routers.auth.router
2026-05-11 04:43:32,333 - main - INFO - Included router: routers.betsmarts.router
2026-05-11 04:43:32,429 - main - INFO - Included router: routers.cash_ops.router
2026-05-11 04:43:32,475 - main - INFO - Included router: routers.cashes.router
2026-05-11 04:43:32,528 - main - INFO - Included router: routers.discrepancies.router
2026-05-11 04:43:32,533 - main - INFO - Included router: routers.health.router
2026-05-11 04:43:32,723 - main - INFO - Included router: routers.movements.router
2026-05-11 04:43:32,728 - main - INFO - Included router: routers.public_auth.router
2026-05-11 04:43:32,749 - main - INFO - Included router: routers.settings.router
2026-05-11 04:43:32,823 - main - INFO - Included router: routers.shifts.router
2026-05-11 04:43:32,859 - main - INFO - Included router: routers.storage.router
2026-05-11 04:43:32,868 - main - INFO - Included router: routers.user.router
2026-05-11 04:43:32,918 - main - INFO - Included router: routers.user_profiles.router
2026-05-11 04:43:32,964 - main - INFO - Included router: routers.vlts.router
2026-05-11 04:43:32,966 - main - INFO - === Application startup initiated ===
2026-05-11 04:43:32,966 - services.database - INFO - Ignore creating tables
2026-05-11 04:43:32,967 - services.mock_data - INFO - Ignore initialize data
2026-05-11 04:43:32,967 - services.auth - INFO - Ignore initialize admin
2026-05-11 04:43:32,967 - main - INFO - === Application startup completed successfully ===
2026-05-11 04:43:36,583 - services.database - DEBUG - [DB_OP] Starting database close
2026-05-11 04:43:36,584 - services.database - INFO - Database connections closed
2026-05-11 04:43:36,588 - services.database - DEBUG - [DB_OP] Database close completed in 0.0048s
