2026-05-10 09:52:23,168 - main - INFO - === Logging system initialized ===
2026-05-10 09:52:23,168 - main - INFO - Log file: logs/app_20260510_095223.log
2026-05-10 09:52:23,169 - main - INFO - Log level: INFO
2026-05-10 09:52:23,169 - main - INFO - Timestamp: 20260510_095223
2026-05-10 09:52:24,507 - main - INFO - Included router: routers.aihub.router
2026-05-10 09:52:24,535 - main - INFO - Included router: routers.auth.router
2026-05-10 09:52:24,582 - main - INFO - Included router: routers.betsmarts.router
2026-05-10 09:52:24,711 - main - INFO - Included router: routers.cash_ops.router
2026-05-10 09:52:24,758 - main - INFO - Included router: routers.cashes.router
2026-05-10 09:52:24,816 - main - INFO - Included router: routers.discrepancies.router
2026-05-10 09:52:24,821 - main - INFO - Included router: routers.health.router
2026-05-10 09:52:25,016 - main - INFO - Included router: routers.movements.router
2026-05-10 09:52:25,132 - main - INFO - Included router: routers.public_auth.router
2026-05-10 09:52:25,154 - main - INFO - Included router: routers.settings.router
2026-05-10 09:52:25,220 - main - INFO - Included router: routers.shifts.router
2026-05-10 09:52:25,257 - main - INFO - Included router: routers.storage.router
2026-05-10 09:52:25,269 - main - INFO - Included router: routers.user.router
2026-05-10 09:52:25,418 - main - INFO - Included router: routers.user_profiles.router
2026-05-10 09:52:25,469 - main - INFO - Included router: routers.vlts.router
2026-05-10 09:52:25,472 - main - INFO - === Application startup initiated ===
2026-05-10 09:52:25,473 - services.database - INFO - Ignore creating tables
2026-05-10 09:52:25,473 - services.mock_data - INFO - Ignore initialize data
2026-05-10 09:52:25,474 - services.auth - INFO - Ignore initialize admin
2026-05-10 09:52:25,474 - main - INFO - === Application startup completed successfully ===
2026-05-10 09:55:01,399 - core.database - DEBUG - [DB_OP] Starting get_db session creation
2026-05-10 09:55:01,399 - core.database - WARNING - Database session maker not available, attempting lazy initialization...
2026-05-10 09:55:01,399 - core.database - WARNING - Database not initialized, attempting lazy initialization...
2026-05-10 09:55:01,399 - core.database - INFO - Starting database initialization...
2026-05-10 09:55:01,400 - core.config - DEBUG - Read dynamic attribute database_url from environment variable DATABASE_URL
2026-05-10 09:55:01,400 - core.database - INFO - Normalizing database URL for async compatibility...
2026-05-10 09:55:01,400 - core.database - INFO - Creating async database engine...
2026-05-10 09:55:01,401 - core.database - INFO - Using QueuePool with connection pooling for non-Lambda environment
2026-05-10 09:55:01,461 - core.database - INFO - Database engine created successfully
2026-05-10 09:55:01,462 - core.database - INFO - Creating async session maker...
2026-05-10 09:55:01,462 - core.database - INFO - Async session maker created successfully
2026-05-10 09:55:01,462 - core.database - INFO - Database connection initialized successfully
2026-05-10 09:55:01,462 - core.database - DEBUG - [DB_OP] Starting create_tables
2026-05-10 09:55:01,462 - core.database - INFO - 🔧 Starting table creation...
2026-05-10 09:55:03,267 - core.database - INFO - Tables initialized successfully
2026-05-10 09:55:03,268 - core.database - DEBUG - [DB_OP] Create tables completed in 1.8055s
2026-05-10 09:55:03,333 - core.database - INFO - Lazy database initialization completed successfully
2026-05-10 09:55:03,334 - core.database - DEBUG - [DB_OP] Database session created successfully in 1.9351s
2026-05-10 09:55:03,798 - routers.public_auth - INFO - [login] Checking password for user natale.paolo@gmail.com, has stored hash: False
2026-05-10 09:55:03,799 - core.database - ERROR - Database session error: 401: Credenziali non valide
Traceback (most recent call last):
  File "/workspace/app/backend/core/database.py", line 553, in get_db
    yield session
  File "/data/chats/abb370935ea34647ae1e0e3402d49c13/.cache/python/lib/python3.10/site-packages/fastapi/routing.py", line 120, in app
    response = await f(request)
  File "/data/chats/abb370935ea34647ae1e0e3402d49c13/.cache/python/lib/python3.10/site-packages/fastapi/routing.py", line 674, in app
    raw_response = await run_endpoint_function(
  File "/data/chats/abb370935ea34647ae1e0e3402d49c13/.cache/python/lib/python3.10/site-packages/fastapi/routing.py", line 328, in run_endpoint_function
    return await dependant.call(**values)
  File "/workspace/app/backend/routers/public_auth.py", line 61, in login_password
    raise HTTPException(status_code=401, detail="Credenziali non valide")
fastapi.exceptions.HTTPException: 401: Credenziali non valide
2026-05-10 09:55:03,822 - core.database - DEBUG - [DB_OP] Database session cleanup after 2.4232s
2026-05-10 09:55:03,887 - core.database - ERROR - Failed to create database session: 401: Credenziali non valide
Traceback (most recent call last):
  File "/workspace/app/backend/core/database.py", line 553, in get_db
    yield session
  File "/data/chats/abb370935ea34647ae1e0e3402d49c13/.cache/python/lib/python3.10/site-packages/fastapi/routing.py", line 120, in app
    response = await f(request)
  File "/data/chats/abb370935ea34647ae1e0e3402d49c13/.cache/python/lib/python3.10/site-packages/fastapi/routing.py", line 674, in app
    raw_response = await run_endpoint_function(
  File "/data/chats/abb370935ea34647ae1e0e3402d49c13/.cache/python/lib/python3.10/site-packages/fastapi/routing.py", line 328, in run_endpoint_function
    return await dependant.call(**values)
  File "/workspace/app/backend/routers/public_auth.py", line 61, in login_password
    raise HTTPException(status_code=401, detail="Credenziali non valide")
fastapi.exceptions.HTTPException: 401: Credenziali non valide
2026-05-10 09:56:53,244 - core.database - DEBUG - [DB_OP] Starting get_db session creation
2026-05-10 09:56:53,244 - core.database - DEBUG - [DB_OP] Database session created successfully in 0.0005s
2026-05-10 09:56:53,566 - routers.public_auth - WARNING - [login] No profile found for username: admin
2026-05-10 09:56:53,567 - core.database - ERROR - Database session error: 401: Credenziali non valide
Traceback (most recent call last):
  File "/workspace/app/backend/core/database.py", line 553, in get_db
    yield session
  File "/data/chats/abb370935ea34647ae1e0e3402d49c13/.cache/python/lib/python3.10/site-packages/fastapi/routing.py", line 120, in app
    response = await f(request)
  File "/data/chats/abb370935ea34647ae1e0e3402d49c13/.cache/python/lib/python3.10/site-packages/fastapi/routing.py", line 674, in app
    raw_response = await run_endpoint_function(
  File "/data/chats/abb370935ea34647ae1e0e3402d49c13/.cache/python/lib/python3.10/site-packages/fastapi/routing.py", line 328, in run_endpoint_function
    return await dependant.call(**values)
  File "/workspace/app/backend/routers/public_auth.py", line 52, in login_password
    raise HTTPException(status_code=401, detail="Credenziali non valide")
fastapi.exceptions.HTTPException: 401: Credenziali non valide
2026-05-10 09:56:53,580 - core.database - DEBUG - [DB_OP] Database session cleanup after 0.3358s
2026-05-10 09:56:53,644 - core.database - ERROR - Failed to create database session: 401: Credenziali non valide
Traceback (most recent call last):
  File "/workspace/app/backend/core/database.py", line 553, in get_db
    yield session
  File "/data/chats/abb370935ea34647ae1e0e3402d49c13/.cache/python/lib/python3.10/site-packages/fastapi/routing.py", line 120, in app
    response = await f(request)
  File "/data/chats/abb370935ea34647ae1e0e3402d49c13/.cache/python/lib/python3.10/site-packages/fastapi/routing.py", line 674, in app
    raw_response = await run_endpoint_function(
  File "/data/chats/abb370935ea34647ae1e0e3402d49c13/.cache/python/lib/python3.10/site-packages/fastapi/routing.py", line 328, in run_endpoint_function
    return await dependant.call(**values)
  File "/workspace/app/backend/routers/public_auth.py", line 52, in login_password
    raise HTTPException(status_code=401, detail="Credenziali non valide")
fastapi.exceptions.HTTPException: 401: Credenziali non valide
2026-05-10 09:57:30,138 - core.database - DEBUG - [DB_OP] Starting get_db session creation
2026-05-10 09:57:30,139 - core.database - DEBUG - [DB_OP] Database session created successfully in 0.0004s
2026-05-10 09:57:30,461 - routers.public_auth - INFO - [login] Checking password for user admin, has stored hash: True
2026-05-10 09:57:30,461 - core.config - DEBUG - Read dynamic attribute jwt_expire_minutes from environment variable JWT_EXPIRE_MINUTES
2026-05-10 09:57:30,461 - core.config - DEBUG - Read dynamic attribute jwt_secret_key from environment variable JWT_SECRET_KEY
2026-05-10 09:57:30,461 - core.config - DEBUG - Read dynamic attribute jwt_algorithm from environment variable JWT_ALGORITHM
2026-05-10 09:57:30,731 - core.auth - DEBUG - Authentication token created for user hash: 6368b9a2
2026-05-10 09:57:30,737 - routers.public_auth - INFO - [login] Login successful for user admin, role=admin
2026-05-10 09:57:30,738 - core.database - DEBUG - [DB_OP] Database session cleanup after 0.5997s
2026-05-10 09:58:03,049 - services.database - DEBUG - [DB_OP] Starting database close
2026-05-10 09:58:03,118 - core.database - INFO - Database connection closed and engine disposed
2026-05-10 09:58:03,118 - services.database - INFO - Database connections closed
2026-05-10 09:58:03,118 - services.database - DEBUG - [DB_OP] Database close completed in 0.0690s
