2026-05-10 09:26:11,696 - main - INFO - === Logging system initialized ===
2026-05-10 09:26:11,697 - main - INFO - Log file: logs/app_20260510_092611.log
2026-05-10 09:26:11,697 - main - INFO - Log level: INFO
2026-05-10 09:26:11,697 - main - INFO - Timestamp: 20260510_092611
2026-05-10 09:26:26,030 - main - INFO - Included router: routers.aihub.router
2026-05-10 09:26:26,173 - main - INFO - Included router: routers.auth.router
2026-05-10 09:26:26,280 - main - INFO - Included router: routers.betsmarts.router
2026-05-10 09:26:26,432 - main - INFO - Included router: routers.cash_ops.router
2026-05-10 09:26:26,528 - main - INFO - Included router: routers.cashes.router
2026-05-10 09:26:26,711 - main - INFO - Included router: routers.discrepancies.router
2026-05-10 09:26:26,740 - main - INFO - Included router: routers.health.router
2026-05-10 09:26:27,005 - main - INFO - Included router: routers.movements.router
2026-05-10 09:26:27,101 - main - INFO - Included router: routers.settings.router
2026-05-10 09:26:27,224 - main - INFO - Included router: routers.shifts.router
2026-05-10 09:26:27,352 - main - INFO - Included router: routers.storage.router
2026-05-10 09:26:27,489 - main - INFO - Included router: routers.user.router
2026-05-10 09:26:27,600 - main - INFO - Included router: routers.user_profiles.router
2026-05-10 09:26:27,837 - main - INFO - Included router: routers.vlts.router
2026-05-10 09:26:27,839 - main - INFO - === Application startup initiated ===
2026-05-10 09:26:27,840 - services.database - INFO - Ignore creating tables
2026-05-10 09:26:27,840 - services.mock_data - INFO - Ignore initialize data
2026-05-10 09:26:27,840 - services.auth - INFO - Ignore initialize admin
2026-05-10 09:26:27,840 - main - INFO - === Application startup completed successfully ===
2026-05-10 09:27:36,358 - dependencies.auth - DEBUG - Authentication required for request GET /api/v1/auth/me
2026-05-10 09:27:47,787 - dependencies.auth - DEBUG - Authentication required for request GET /api/v1/auth/me
2026-05-10 09:39:26,430 - services.database - DEBUG - [DB_OP] Starting database close
2026-05-10 09:39:26,430 - services.database - INFO - Database connections closed
2026-05-10 09:39:26,430 - services.database - DEBUG - [DB_OP] Database close completed in 0.0007s
