2026-05-11 09:27:10,049 - main - INFO - === Logging system initialized ===
2026-05-11 09:27:10,049 - main - INFO - Log file: logs/app_20260511_092710.log
2026-05-11 09:27:10,050 - main - INFO - Log level: INFO
2026-05-11 09:27:10,050 - main - INFO - Timestamp: 20260511_092710
2026-05-11 09:27:30,767 - main - INFO - Included router: routers.aihub.router
2026-05-11 09:27:30,857 - main - INFO - Included router: routers.auth.router
2026-05-11 09:27:30,915 - main - INFO - Included router: routers.betsmarts.router
2026-05-11 09:27:31,142 - main - INFO - Included router: routers.cash_ops.router
2026-05-11 09:27:31,196 - main - INFO - Included router: routers.cashes.router
2026-05-11 09:27:31,266 - main - INFO - Included router: routers.discrepancies.router
2026-05-11 09:27:31,271 - main - INFO - Included router: routers.health.router
2026-05-11 09:27:31,445 - main - INFO - Included router: routers.movements.router
2026-05-11 09:27:31,485 - main - INFO - Included router: routers.public_auth.router
2026-05-11 09:27:31,511 - main - INFO - Included router: routers.settings.router
2026-05-11 09:27:31,577 - main - INFO - Included router: routers.shifts.router
2026-05-11 09:27:31,631 - main - INFO - Included router: routers.storage.router
2026-05-11 09:27:31,644 - main - INFO - Included router: routers.user.router
2026-05-11 09:27:31,798 - main - INFO - Included router: routers.user_profiles.router
2026-05-11 09:27:31,848 - main - INFO - Included router: routers.vlts.router
2026-05-11 09:27:31,850 - main - INFO - === Application startup initiated ===
2026-05-11 09:27:31,850 - services.database - INFO - Ignore creating tables
2026-05-11 09:27:31,850 - services.mock_data - INFO - Ignore initialize data
2026-05-11 09:27:31,850 - services.auth - INFO - Ignore initialize admin
2026-05-11 09:27:31,851 - main - INFO - === Application startup completed successfully ===
2026-05-11 09:44:40,879 - services.database - DEBUG - [DB_OP] Starting database close
2026-05-11 09:44:40,880 - services.database - INFO - Database connections closed
2026-05-11 09:44:40,880 - services.database - DEBUG - [DB_OP] Database close completed in 0.0007s
