2026-05-10 09:43:18,828 - main - INFO - === Logging system initialized ===
2026-05-10 09:43:18,828 - main - INFO - Log file: logs/app_20260510_094318.log
2026-05-10 09:43:18,828 - main - INFO - Log level: INFO
2026-05-10 09:43:18,829 - main - INFO - Timestamp: 20260510_094318
2026-05-10 09:43:19,981 - main - INFO - Included router: routers.aihub.router
2026-05-10 09:43:20,086 - main - INFO - Included router: routers.auth.router
2026-05-10 09:43:20,142 - main - INFO - Included router: routers.betsmarts.router
2026-05-10 09:43:20,261 - main - INFO - Included router: routers.cash_ops.router
2026-05-10 09:43:20,312 - main - INFO - Included router: routers.cashes.router
2026-05-10 09:43:20,403 - main - INFO - Included router: routers.discrepancies.router
2026-05-10 09:43:20,408 - main - INFO - Included router: routers.health.router
2026-05-10 09:43:20,642 - main - INFO - Included router: routers.movements.router
2026-05-10 09:43:20,671 - main - INFO - Included router: routers.settings.router
2026-05-10 09:43:20,746 - main - INFO - Included router: routers.shifts.router
2026-05-10 09:43:20,798 - main - INFO - Included router: routers.storage.router
2026-05-10 09:43:20,814 - main - INFO - Included router: routers.user.router
2026-05-10 09:43:20,866 - main - INFO - Included router: routers.user_profiles.router
2026-05-10 09:43:20,920 - main - INFO - Included router: routers.vlts.router
2026-05-10 09:43:20,921 - main - INFO - === Application startup initiated ===
2026-05-10 09:43:20,921 - services.database - INFO - Ignore creating tables
2026-05-10 09:43:20,922 - services.mock_data - INFO - Ignore initialize data
2026-05-10 09:43:20,922 - services.auth - INFO - Ignore initialize admin
2026-05-10 09:43:20,922 - main - INFO - === Application startup completed successfully ===
2026-05-10 09:44:21,582 - dependencies.auth - DEBUG - Authentication required for request GET /api/v1/auth/me
2026-05-10 09:44:30,392 - dependencies.auth - DEBUG - Authentication required for request GET /api/v1/auth/me
2026-05-10 09:44:44,677 - core.database - DEBUG - [DB_OP] Starting get_db session creation
2026-05-10 09:44:44,677 - core.database - WARNING - Database session maker not available, attempting lazy initialization...
2026-05-10 09:44:44,678 - core.database - WARNING - Database not initialized, attempting lazy initialization...
2026-05-10 09:44:44,678 - core.database - INFO - Starting database initialization...
2026-05-10 09:44:44,678 - core.config - DEBUG - Read dynamic attribute database_url from environment variable DATABASE_URL
2026-05-10 09:44:44,678 - core.database - INFO - Normalizing database URL for async compatibility...
2026-05-10 09:44:44,679 - core.database - INFO - Creating async database engine...
2026-05-10 09:44:44,679 - core.database - INFO - Using QueuePool with connection pooling for non-Lambda environment
2026-05-10 09:44:44,734 - core.database - INFO - Database engine created successfully
2026-05-10 09:44:44,734 - core.database - INFO - Creating async session maker...
2026-05-10 09:44:44,734 - core.database - INFO - Async session maker created successfully
2026-05-10 09:44:44,734 - core.database - INFO - Database connection initialized successfully
2026-05-10 09:44:44,734 - core.database - DEBUG - [DB_OP] Starting create_tables
2026-05-10 09:44:44,735 - core.database - INFO - 🔧 Starting table creation...
2026-05-10 09:44:46,539 - core.database - INFO - Tables initialized successfully
2026-05-10 09:44:46,540 - core.database - DEBUG - [DB_OP] Create tables completed in 1.8051s
2026-05-10 09:44:46,604 - core.database - INFO - Lazy database initialization completed successfully
2026-05-10 09:44:46,605 - core.database - DEBUG - [DB_OP] Database session created successfully in 1.9283s
2026-05-10 09:44:47,157 - core.database - ERROR - Database session error: 401: Credenziali non valide
Traceback (most recent call last):
  File "/workspace/app/backend/core/database.py", line 553, in get_db
    yield session
  File "/data/chats/abb370935ea34647ae1e0e3402d49c13/.cache/python/lib/python3.10/site-packages/fastapi/routing.py", line 120, in app
    response = await f(request)
  File "/data/chats/abb370935ea34647ae1e0e3402d49c13/.cache/python/lib/python3.10/site-packages/fastapi/routing.py", line 674, in app
    raw_response = await run_endpoint_function(
  File "/data/chats/abb370935ea34647ae1e0e3402d49c13/.cache/python/lib/python3.10/site-packages/fastapi/routing.py", line 328, in run_endpoint_function
    return await dependant.call(**values)
  File "/workspace/app/backend/routers/auth.py", line 351, in login_password
    raise HTTPException(status_code=401, detail="Credenziali non valide")
fastapi.exceptions.HTTPException: 401: Credenziali non valide
2026-05-10 09:44:47,192 - core.database - DEBUG - [DB_OP] Database session cleanup after 2.5148s
2026-05-10 09:44:47,258 - core.database - ERROR - Failed to create database session: 401: Credenziali non valide
Traceback (most recent call last):
  File "/workspace/app/backend/core/database.py", line 553, in get_db
    yield session
  File "/data/chats/abb370935ea34647ae1e0e3402d49c13/.cache/python/lib/python3.10/site-packages/fastapi/routing.py", line 120, in app
    response = await f(request)
  File "/data/chats/abb370935ea34647ae1e0e3402d49c13/.cache/python/lib/python3.10/site-packages/fastapi/routing.py", line 674, in app
    raw_response = await run_endpoint_function(
  File "/data/chats/abb370935ea34647ae1e0e3402d49c13/.cache/python/lib/python3.10/site-packages/fastapi/routing.py", line 328, in run_endpoint_function
    return await dependant.call(**values)
  File "/workspace/app/backend/routers/auth.py", line 351, in login_password
    raise HTTPException(status_code=401, detail="Credenziali non valide")
fastapi.exceptions.HTTPException: 401: Credenziali non valide
2026-05-10 09:44:59,931 - services.database - DEBUG - [DB_OP] Starting database close
2026-05-10 09:44:59,999 - core.database - INFO - Database connection closed and engine disposed
2026-05-10 09:45:00,000 - services.database - INFO - Database connections closed
2026-05-10 09:45:00,000 - services.database - DEBUG - [DB_OP] Database close completed in 0.0689s
