2026-05-10 10:09:30,483 - main - INFO - === Logging system initialized ===
2026-05-10 10:09:30,483 - main - INFO - Log file: logs/app_20260510_100930.log
2026-05-10 10:09:30,484 - main - INFO - Log level: INFO
2026-05-10 10:09:30,484 - main - INFO - Timestamp: 20260510_100930
2026-05-10 10:09:31,655 - main - INFO - Included router: routers.aihub.router
2026-05-10 10:09:31,681 - main - INFO - Included router: routers.auth.router
2026-05-10 10:09:31,733 - main - INFO - Included router: routers.betsmarts.router
2026-05-10 10:09:31,833 - main - INFO - Included router: routers.cash_ops.router
2026-05-10 10:09:31,888 - main - INFO - Included router: routers.cashes.router
2026-05-10 10:09:31,961 - main - INFO - Included router: routers.discrepancies.router
2026-05-10 10:09:31,968 - main - INFO - Included router: routers.health.router
2026-05-10 10:09:32,169 - main - INFO - Included router: routers.movements.router
2026-05-10 10:09:32,194 - main - INFO - Included router: routers.public_auth.router
2026-05-10 10:09:32,220 - main - INFO - Included router: routers.settings.router
2026-05-10 10:09:32,296 - main - INFO - Included router: routers.shifts.router
2026-05-10 10:09:32,337 - main - INFO - Included router: routers.storage.router
2026-05-10 10:09:32,348 - main - INFO - Included router: routers.user.router
2026-05-10 10:09:32,394 - main - INFO - Included router: routers.user_profiles.router
2026-05-10 10:09:32,439 - main - INFO - Included router: routers.vlts.router
2026-05-10 10:09:32,441 - main - INFO - === Application startup initiated ===
2026-05-10 10:09:32,442 - services.database - INFO - Ignore creating tables
2026-05-10 10:09:32,442 - services.mock_data - INFO - Ignore initialize data
2026-05-10 10:09:32,442 - services.auth - INFO - Ignore initialize admin
2026-05-10 10:09:32,442 - main - INFO - === Application startup completed successfully ===
2026-05-10 10:09:45,750 - core.config - DEBUG - Read dynamic attribute jwt_secret_key from environment variable JWT_SECRET_KEY
2026-05-10 10:09:45,751 - core.config - DEBUG - Read dynamic attribute jwt_algorithm from environment variable JWT_ALGORITHM
2026-05-10 10:09:45,766 - core.auth - DEBUG - Authentication token validated for user hash: 6368b9a2
2026-05-10 10:09:45,766 - core.database - DEBUG - [DB_OP] Starting get_db session creation
2026-05-10 10:09:45,767 - core.database - WARNING - Database session maker not available, attempting lazy initialization...
2026-05-10 10:09:45,767 - core.database - WARNING - Database not initialized, attempting lazy initialization...
2026-05-10 10:09:45,767 - core.database - INFO - Starting database initialization...
2026-05-10 10:09:45,767 - core.config - DEBUG - Read dynamic attribute database_url from environment variable DATABASE_URL
2026-05-10 10:09:45,767 - core.database - INFO - Normalizing database URL for async compatibility...
2026-05-10 10:09:45,769 - core.database - INFO - Creating async database engine...
2026-05-10 10:09:45,769 - core.database - INFO - Using QueuePool with connection pooling for non-Lambda environment
2026-05-10 10:09:45,831 - core.database - INFO - Database engine created successfully
2026-05-10 10:09:45,831 - core.database - INFO - Creating async session maker...
2026-05-10 10:09:45,831 - core.database - INFO - Async session maker created successfully
2026-05-10 10:09:45,831 - core.database - INFO - Database connection initialized successfully
2026-05-10 10:09:45,832 - core.database - DEBUG - [DB_OP] Starting create_tables
2026-05-10 10:09:45,832 - core.database - INFO - 🔧 Starting table creation...
2026-05-10 10:09:47,582 - core.database - INFO - Tables initialized successfully
2026-05-10 10:09:47,583 - core.database - DEBUG - [DB_OP] Create tables completed in 1.7511s
2026-05-10 10:09:47,646 - core.database - INFO - Lazy database initialization completed successfully
2026-05-10 10:09:47,647 - core.database - DEBUG - [DB_OP] Database session created successfully in 1.8804s
2026-05-10 10:09:48,163 - core.database - DEBUG - [DB_OP] Database session cleanup after 2.3967s
2026-05-10 10:09:48,359 - core.auth - DEBUG - Authentication token validated for user hash: 6368b9a2
2026-05-10 10:09:48,360 - core.database - DEBUG - [DB_OP] Starting get_db session creation
2026-05-10 10:09:48,361 - core.database - DEBUG - [DB_OP] Database session created successfully in 0.0003s
2026-05-10 10:09:49,360 - core.database - DEBUG - [DB_OP] Database session cleanup after 0.9995s
2026-05-10 10:10:35,119 - core.auth - DEBUG - Authentication token validated for user hash: 6368b9a2
2026-05-10 10:10:35,120 - core.database - DEBUG - [DB_OP] Starting get_db session creation
2026-05-10 10:10:35,121 - core.database - DEBUG - [DB_OP] Database session created successfully in 0.0004s
2026-05-10 10:10:35,824 - core.database - DEBUG - [DB_OP] Database session cleanup after 0.7043s
2026-05-10 10:11:15,471 - core.auth - DEBUG - Authentication token validated for user hash: 6368b9a2
2026-05-10 10:11:15,472 - core.database - DEBUG - [DB_OP] Starting get_db session creation
2026-05-10 10:11:15,473 - core.database - DEBUG - [DB_OP] Database session created successfully in 0.0008s
2026-05-10 10:11:15,856 - core.database - DEBUG - [DB_OP] Database session cleanup after 0.3843s
2026-05-10 10:11:16,073 - core.auth - DEBUG - Authentication token validated for user hash: 6368b9a2
2026-05-10 10:11:16,074 - core.database - DEBUG - [DB_OP] Starting get_db session creation
2026-05-10 10:11:16,074 - core.database - DEBUG - [DB_OP] Database session created successfully in 0.0002s
2026-05-10 10:11:16,778 - core.database - DEBUG - [DB_OP] Database session cleanup after 0.7037s
2026-05-10 10:11:46,424 - core.auth - DEBUG - Authentication token validated for user hash: 6368b9a2
2026-05-10 10:11:46,424 - core.database - DEBUG - [DB_OP] Starting get_db session creation
2026-05-10 10:11:46,424 - core.database - DEBUG - [DB_OP] Database session created successfully in 0.0002s
2026-05-10 10:11:47,128 - core.database - DEBUG - [DB_OP] Database session cleanup after 0.7034s
2026-05-10 10:12:16,431 - core.auth - DEBUG - Authentication token validated for user hash: 6368b9a2
2026-05-10 10:12:16,432 - core.database - DEBUG - [DB_OP] Starting get_db session creation
2026-05-10 10:12:16,432 - core.database - DEBUG - [DB_OP] Database session created successfully in 0.0003s
2026-05-10 10:12:17,143 - core.database - DEBUG - [DB_OP] Database session cleanup after 0.7113s
2026-05-10 10:12:46,438 - core.auth - DEBUG - Authentication token validated for user hash: 6368b9a2
2026-05-10 10:12:46,439 - core.database - DEBUG - [DB_OP] Starting get_db session creation
2026-05-10 10:12:46,440 - core.database - DEBUG - [DB_OP] Database session created successfully in 0.0004s
2026-05-10 10:12:47,145 - core.database - DEBUG - [DB_OP] Database session cleanup after 0.7059s
2026-05-10 10:13:16,423 - core.auth - DEBUG - Authentication token validated for user hash: 6368b9a2
2026-05-10 10:13:16,424 - core.database - DEBUG - [DB_OP] Starting get_db session creation
2026-05-10 10:13:16,425 - core.database - DEBUG - [DB_OP] Database session created successfully in 0.0004s
2026-05-10 10:13:17,129 - core.database - DEBUG - [DB_OP] Database session cleanup after 0.7049s
2026-05-10 10:13:46,440 - core.auth - DEBUG - Authentication token validated for user hash: 6368b9a2
2026-05-10 10:13:46,440 - core.database - DEBUG - [DB_OP] Starting get_db session creation
2026-05-10 10:13:46,441 - core.database - DEBUG - [DB_OP] Database session created successfully in 0.0003s
2026-05-10 10:13:47,144 - core.database - DEBUG - [DB_OP] Database session cleanup after 0.7032s
2026-05-10 10:14:16,426 - core.auth - DEBUG - Authentication token validated for user hash: 6368b9a2
2026-05-10 10:14:16,427 - core.database - DEBUG - [DB_OP] Starting get_db session creation
2026-05-10 10:14:16,427 - core.database - DEBUG - [DB_OP] Database session created successfully in 0.0003s
2026-05-10 10:14:17,129 - core.database - DEBUG - [DB_OP] Database session cleanup after 0.7028s
2026-05-10 10:15:06,437 - core.auth - DEBUG - Authentication token validated for user hash: 6368b9a2
2026-05-10 10:15:06,438 - core.database - DEBUG - [DB_OP] Starting get_db session creation
2026-05-10 10:15:06,440 - core.database - DEBUG - [DB_OP] Database session created successfully in 0.0017s
2026-05-10 10:15:07,271 - core.database - DEBUG - [DB_OP] Database session cleanup after 0.8335s
2026-05-10 10:16:06,439 - core.auth - DEBUG - Authentication token validated for user hash: 6368b9a2
2026-05-10 10:16:06,440 - core.database - DEBUG - [DB_OP] Starting get_db session creation
2026-05-10 10:16:06,440 - core.database - DEBUG - [DB_OP] Database session created successfully in 0.0002s
2026-05-10 10:16:07,143 - core.database - DEBUG - [DB_OP] Database session cleanup after 0.7030s
2026-05-10 10:17:06,443 - core.auth - DEBUG - Authentication token validated for user hash: 6368b9a2
2026-05-10 10:17:06,444 - core.database - DEBUG - [DB_OP] Starting get_db session creation
2026-05-10 10:17:06,445 - core.database - DEBUG - [DB_OP] Database session created successfully in 0.0006s
2026-05-10 10:17:07,150 - core.database - DEBUG - [DB_OP] Database session cleanup after 0.7066s
2026-05-10 10:18:06,528 - core.auth - DEBUG - Authentication token validated for user hash: 6368b9a2
2026-05-10 10:18:06,528 - core.database - DEBUG - [DB_OP] Starting get_db session creation
2026-05-10 10:18:06,528 - core.database - DEBUG - [DB_OP] Database session created successfully in 0.0002s
2026-05-10 10:18:07,232 - core.database - DEBUG - [DB_OP] Database session cleanup after 0.7039s
2026-05-10 10:19:06,451 - core.auth - DEBUG - Authentication token validated for user hash: 6368b9a2
2026-05-10 10:19:06,452 - core.database - DEBUG - [DB_OP] Starting get_db session creation
2026-05-10 10:19:06,452 - core.database - DEBUG - [DB_OP] Database session created successfully in 0.0002s
2026-05-10 10:19:07,155 - core.database - DEBUG - [DB_OP] Database session cleanup after 0.7031s
2026-05-10 10:20:06,443 - core.auth - DEBUG - Authentication token validated for user hash: 6368b9a2
2026-05-10 10:20:06,444 - core.database - DEBUG - [DB_OP] Starting get_db session creation
2026-05-10 10:20:06,444 - core.database - DEBUG - [DB_OP] Database session created successfully in 0.0004s
2026-05-10 10:20:07,146 - core.database - DEBUG - [DB_OP] Database session cleanup after 0.7020s
2026-05-10 10:21:06,440 - core.auth - DEBUG - Authentication token validated for user hash: 6368b9a2
2026-05-10 10:21:06,440 - core.database - DEBUG - [DB_OP] Starting get_db session creation
2026-05-10 10:21:06,440 - core.database - DEBUG - [DB_OP] Database session created successfully in 0.0002s
2026-05-10 10:21:07,270 - core.database - DEBUG - [DB_OP] Database session cleanup after 0.8296s
2026-05-10 10:22:06,435 - core.auth - DEBUG - Authentication token validated for user hash: 6368b9a2
2026-05-10 10:22:06,436 - core.database - DEBUG - [DB_OP] Starting get_db session creation
2026-05-10 10:22:06,436 - core.database - DEBUG - [DB_OP] Database session created successfully in 0.0002s
2026-05-10 10:22:07,137 - core.database - DEBUG - [DB_OP] Database session cleanup after 0.7007s
2026-05-10 10:23:06,440 - core.auth - DEBUG - Authentication token validated for user hash: 6368b9a2
2026-05-10 10:23:06,441 - core.database - DEBUG - [DB_OP] Starting get_db session creation
2026-05-10 10:23:06,441 - core.database - DEBUG - [DB_OP] Database session created successfully in 0.0002s
2026-05-10 10:23:07,143 - core.database - DEBUG - [DB_OP] Database session cleanup after 0.7024s
2026-05-10 10:24:06,451 - core.auth - DEBUG - Authentication token validated for user hash: 6368b9a2
2026-05-10 10:24:06,452 - core.database - DEBUG - [DB_OP] Starting get_db session creation
2026-05-10 10:24:06,452 - core.database - DEBUG - [DB_OP] Database session created successfully in 0.0006s
2026-05-10 10:24:07,156 - core.database - DEBUG - [DB_OP] Database session cleanup after 0.7045s
2026-05-10 10:25:06,448 - core.auth - DEBUG - Authentication token validated for user hash: 6368b9a2
2026-05-10 10:25:06,449 - core.database - DEBUG - [DB_OP] Starting get_db session creation
2026-05-10 10:25:06,449 - core.database - DEBUG - [DB_OP] Database session created successfully in 0.0005s
2026-05-10 10:25:07,154 - core.database - DEBUG - [DB_OP] Database session cleanup after 0.7054s
2026-05-10 10:26:06,453 - core.auth - DEBUG - Authentication token validated for user hash: 6368b9a2
2026-05-10 10:26:06,454 - core.database - DEBUG - [DB_OP] Starting get_db session creation
2026-05-10 10:26:06,454 - core.database - DEBUG - [DB_OP] Database session created successfully in 0.0004s
2026-05-10 10:26:07,158 - core.database - DEBUG - [DB_OP] Database session cleanup after 0.7043s
2026-05-10 10:27:06,451 - core.auth - DEBUG - Authentication token validated for user hash: 6368b9a2
2026-05-10 10:27:06,451 - core.database - DEBUG - [DB_OP] Starting get_db session creation
2026-05-10 10:27:06,452 - core.database - DEBUG - [DB_OP] Database session created successfully in 0.0002s
2026-05-10 10:27:07,281 - core.database - DEBUG - [DB_OP] Database session cleanup after 0.8295s
2026-05-10 10:27:57,619 - services.database - DEBUG - [DB_OP] Starting database close
2026-05-10 10:27:57,689 - core.database - INFO - Database connection closed and engine disposed
2026-05-10 10:27:57,690 - services.database - INFO - Database connections closed
2026-05-10 10:27:57,690 - services.database - DEBUG - [DB_OP] Database close completed in 0.0714s
