2026-05-10 03:34:06,985 - main - INFO - === Logging system initialized ===
2026-05-10 03:34:06,985 - main - INFO - Log file: logs/app_20260510_033406.log
2026-05-10 03:34:06,985 - main - INFO - Log level: INFO
2026-05-10 03:34:06,985 - main - INFO - Timestamp: 20260510_033406
2026-05-10 03:34:08,348 - main - INFO - Included router: routers.aihub.router
2026-05-10 03:34:08,378 - main - INFO - Included router: routers.auth.router
2026-05-10 03:34:08,428 - main - INFO - Included router: routers.betsmarts.router
2026-05-10 03:34:08,548 - main - INFO - Included router: routers.cash_ops.router
2026-05-10 03:34:08,597 - main - INFO - Included router: routers.cashes.router
2026-05-10 03:34:08,659 - main - INFO - Included router: routers.discrepancies.router
2026-05-10 03:34:08,663 - main - INFO - Included router: routers.health.router
2026-05-10 03:34:08,844 - main - INFO - Included router: routers.movements.router
2026-05-10 03:34:08,873 - main - INFO - Included router: routers.settings.router
2026-05-10 03:34:08,949 - main - INFO - Included router: routers.shifts.router
2026-05-10 03:34:08,992 - main - INFO - Included router: routers.storage.router
2026-05-10 03:34:09,004 - main - INFO - Included router: routers.user.router
2026-05-10 03:34:09,058 - main - INFO - Included router: routers.user_profiles.router
2026-05-10 03:34:09,109 - main - INFO - Included router: routers.vlts.router
2026-05-10 03:34:09,112 - main - INFO - === Application startup initiated ===
2026-05-10 03:34:09,112 - services.database - INFO - Ignore creating tables
2026-05-10 03:34:09,112 - services.mock_data - INFO - Ignore initialize data
2026-05-10 03:34:09,112 - services.auth - INFO - Ignore initialize admin
2026-05-10 03:34:09,112 - main - INFO - === Application startup completed successfully ===
2026-05-10 03:34:12,754 - dependencies.auth - DEBUG - Authentication required for request GET /api/v1/auth/me
2026-05-10 03:34:17,385 - core.database - DEBUG - [DB_OP] Starting get_db session creation
2026-05-10 03:34:17,385 - core.database - WARNING - Database session maker not available, attempting lazy initialization...
2026-05-10 03:34:17,385 - core.database - WARNING - Database not initialized, attempting lazy initialization...
2026-05-10 03:34:17,386 - core.database - INFO - Starting database initialization...
2026-05-10 03:34:17,386 - core.config - DEBUG - Read dynamic attribute database_url from environment variable DATABASE_URL
2026-05-10 03:34:17,386 - core.database - INFO - Normalizing database URL for async compatibility...
2026-05-10 03:34:17,387 - core.database - INFO - Creating async database engine...
2026-05-10 03:34:17,387 - core.database - INFO - Using QueuePool with connection pooling for non-Lambda environment
2026-05-10 03:34:17,501 - core.database - INFO - Database engine created successfully
2026-05-10 03:34:17,502 - core.database - INFO - Creating async session maker...
2026-05-10 03:34:17,502 - core.database - INFO - Async session maker created successfully
2026-05-10 03:34:17,502 - core.database - INFO - Database connection initialized successfully
2026-05-10 03:34:17,502 - core.database - DEBUG - [DB_OP] Starting create_tables
2026-05-10 03:34:17,502 - core.database - INFO - 🔧 Starting table creation...
2026-05-10 03:34:19,257 - core.database - INFO - Tables initialized successfully
2026-05-10 03:34:19,258 - core.database - DEBUG - [DB_OP] Create tables completed in 1.7559s
2026-05-10 03:34:19,322 - core.database - INFO - Lazy database initialization completed successfully
2026-05-10 03:34:19,322 - core.database - DEBUG - [DB_OP] Database session created successfully in 1.9373s
2026-05-10 03:34:19,968 - routers.auth - DEBUG - [get_dynamic_backend_url] mgx-external-domain=None, x-forwarded-host=p34jr-abb370935ea34647ae1e0e3402d49c13-preview.app.atoms.dev, host=localhost, scheme=https, dynamic_url=https://p34jr-abb370935ea34647ae1e0e3402d49c13-preview.app.atoms.dev
2026-05-10 03:34:19,969 - routers.auth - INFO - [login] Starting OIDC flow with redirect_uri=https://p34jr-abb370935ea34647ae1e0e3402d49c13-preview.app.atoms.dev/api/v1/auth/callback
2026-05-10 03:34:19,970 - core.config - DEBUG - Read dynamic attribute oidc_client_id from environment variable OIDC_CLIENT_ID
2026-05-10 03:34:19,971 - core.config - DEBUG - Read dynamic attribute oidc_scope from environment variable OIDC_SCOPE
2026-05-10 03:34:19,971 - core.config - DEBUG - Read dynamic attribute oidc_issuer_url from environment variable OIDC_ISSUER_URL
2026-05-10 03:34:19,972 - core.database - DEBUG - [DB_OP] Database session cleanup after 2.5869s
2026-05-10 03:35:12,926 - dependencies.auth - DEBUG - Authentication required for request GET /api/v1/auth/me
2026-05-10 03:35:23,186 - core.database - DEBUG - [DB_OP] Starting get_db session creation
2026-05-10 03:35:23,187 - core.database - DEBUG - [DB_OP] Database session created successfully in 0.0005s
2026-05-10 03:35:23,253 - core.database - DEBUG - [DB_OP] Starting get_db session creation
2026-05-10 03:35:23,254 - core.database - DEBUG - [DB_OP] Database session created successfully in 0.0005s
2026-05-10 03:35:23,629 - routers.auth - DEBUG - [get_dynamic_backend_url] mgx-external-domain=None, x-forwarded-host=p34jr-abb370935ea34647ae1e0e3402d49c13-preview.app.atoms.dev, host=localhost, scheme=https, dynamic_url=https://p34jr-abb370935ea34647ae1e0e3402d49c13-preview.app.atoms.dev
2026-05-10 03:35:23,630 - routers.auth - INFO - [login] Starting OIDC flow with redirect_uri=https://p34jr-abb370935ea34647ae1e0e3402d49c13-preview.app.atoms.dev/api/v1/auth/callback
2026-05-10 03:35:23,630 - core.database - DEBUG - [DB_OP] Database session cleanup after 0.4437s
2026-05-10 03:35:24,070 - routers.auth - DEBUG - [get_dynamic_backend_url] mgx-external-domain=None, x-forwarded-host=p34jr-abb370935ea34647ae1e0e3402d49c13-preview.app.atoms.dev, host=localhost, scheme=https, dynamic_url=https://p34jr-abb370935ea34647ae1e0e3402d49c13-preview.app.atoms.dev
2026-05-10 03:35:24,070 - routers.auth - INFO - [login] Starting OIDC flow with redirect_uri=https://p34jr-abb370935ea34647ae1e0e3402d49c13-preview.app.atoms.dev/api/v1/auth/callback
2026-05-10 03:35:24,070 - core.database - DEBUG - [DB_OP] Database session cleanup after 0.8173s
2026-05-10 03:38:21,551 - dependencies.auth - DEBUG - Authentication required for request GET /api/v1/auth/me
2026-05-10 03:39:02,764 - services.database - DEBUG - [DB_OP] Starting database close
2026-05-10 03:39:02,898 - core.database - INFO - Database connection closed and engine disposed
2026-05-10 03:39:02,899 - services.database - INFO - Database connections closed
2026-05-10 03:39:02,899 - services.database - DEBUG - [DB_OP] Database close completed in 0.1344s
