2026-05-11 04:31:08,566 - main - INFO - === Logging system initialized ===
2026-05-11 04:31:08,567 - main - INFO - Log file: logs/app_20260511_043108.log
2026-05-11 04:31:08,567 - main - INFO - Log level: INFO
2026-05-11 04:31:08,567 - main - INFO - Timestamp: 20260511_043108
2026-05-11 04:31:09,861 - main - INFO - Included router: routers.aihub.router
2026-05-11 04:31:09,894 - main - INFO - Included router: routers.auth.router
2026-05-11 04:31:09,948 - main - INFO - Included router: routers.betsmarts.router
2026-05-11 04:31:10,062 - main - INFO - Included router: routers.cash_ops.router
2026-05-11 04:31:10,119 - main - INFO - Included router: routers.cashes.router
2026-05-11 04:31:10,189 - main - INFO - Included router: routers.discrepancies.router
2026-05-11 04:31:10,193 - main - INFO - Included router: routers.health.router
2026-05-11 04:31:10,380 - main - INFO - Included router: routers.movements.router
2026-05-11 04:31:10,390 - main - INFO - Included router: routers.public_auth.router
2026-05-11 04:31:10,417 - main - INFO - Included router: routers.settings.router
2026-05-11 04:31:10,492 - main - INFO - Included router: routers.shifts.router
2026-05-11 04:31:10,532 - main - INFO - Included router: routers.storage.router
2026-05-11 04:31:10,545 - main - INFO - Included router: routers.user.router
2026-05-11 04:31:10,596 - main - INFO - Included router: routers.user_profiles.router
2026-05-11 04:31:10,640 - main - INFO - Included router: routers.vlts.router
2026-05-11 04:31:10,641 - main - INFO - === Application startup initiated ===
2026-05-11 04:31:10,641 - services.database - INFO - Ignore creating tables
2026-05-11 04:31:10,641 - services.mock_data - INFO - Ignore initialize data
2026-05-11 04:31:10,641 - services.auth - INFO - Ignore initialize admin
2026-05-11 04:31:10,641 - main - INFO - === Application startup completed successfully ===
2026-05-11 04:31:10,647 - core.config - DEBUG - Read dynamic attribute jwt_secret_key from environment variable JWT_SECRET_KEY
2026-05-11 04:31:10,648 - core.config - DEBUG - Read dynamic attribute jwt_algorithm from environment variable JWT_ALGORITHM
2026-05-11 04:31:10,665 - core.auth - DEBUG - Authentication token validated for user hash: 6368b9a2
2026-05-11 04:31:10,666 - core.database - DEBUG - [DB_OP] Starting get_db session creation
2026-05-11 04:31:10,666 - core.database - WARNING - Database session maker not available, attempting lazy initialization...
2026-05-11 04:31:10,667 - core.database - WARNING - Database not initialized, attempting lazy initialization...
2026-05-11 04:31:10,667 - core.database - INFO - Starting database initialization...
2026-05-11 04:31:10,667 - core.config - DEBUG - Read dynamic attribute database_url from environment variable DATABASE_URL
2026-05-11 04:31:10,667 - core.database - INFO - Normalizing database URL for async compatibility...
2026-05-11 04:31:10,669 - core.database - INFO - Creating async database engine...
2026-05-11 04:31:10,672 - core.database - INFO - Using QueuePool with connection pooling for non-Lambda environment
2026-05-11 04:31:10,761 - core.database - INFO - Database engine created successfully
2026-05-11 04:31:10,761 - core.database - INFO - Creating async session maker...
2026-05-11 04:31:10,762 - core.database - INFO - Async session maker created successfully
2026-05-11 04:31:10,762 - core.database - INFO - Database connection initialized successfully
2026-05-11 04:31:10,762 - core.database - DEBUG - [DB_OP] Starting create_tables
2026-05-11 04:31:10,762 - core.database - INFO - 🔧 Starting table creation...
2026-05-11 04:31:12,550 - core.database - INFO - Tables initialized successfully
2026-05-11 04:31:12,551 - core.database - DEBUG - [DB_OP] Create tables completed in 1.7896s
2026-05-11 04:31:12,616 - core.database - INFO - Lazy database initialization completed successfully
2026-05-11 04:31:12,617 - core.database - DEBUG - [DB_OP] Database session created successfully in 1.9507s
2026-05-11 04:31:13,759 - core.database - DEBUG - [DB_OP] Database session cleanup after 3.0925s
2026-05-11 04:31:44,062 - core.auth - DEBUG - Authentication token validated for user hash: 6368b9a2
2026-05-11 04:31:44,062 - core.database - DEBUG - [DB_OP] Starting get_db session creation
2026-05-11 04:31:44,063 - core.database - DEBUG - [DB_OP] Database session created successfully in 0.0003s
2026-05-11 04:31:44,774 - core.database - DEBUG - [DB_OP] Database session cleanup after 0.7116s
2026-05-11 04:31:59,651 - core.database - DEBUG - [DB_OP] Starting get_db session creation
2026-05-11 04:31:59,653 - core.database - DEBUG - [DB_OP] Database session created successfully in 0.0018s
2026-05-11 04:32:00,055 - routers.public_auth - WARNING - [login] No profile found for username: admin1@trezzanosnai.it
2026-05-11 04:32:00,056 - core.database - ERROR - Database session error: 401: Credenziali non valide
Traceback (most recent call last):
  File "/workspace/app/backend/core/database.py", line 553, in get_db
    yield session
  File "/data/chats/abb370935ea34647ae1e0e3402d49c13/.cache/python/lib/python3.10/site-packages/fastapi/routing.py", line 120, in app
    response = await f(request)
  File "/data/chats/abb370935ea34647ae1e0e3402d49c13/.cache/python/lib/python3.10/site-packages/fastapi/routing.py", line 674, in app
    raw_response = await run_endpoint_function(
  File "/data/chats/abb370935ea34647ae1e0e3402d49c13/.cache/python/lib/python3.10/site-packages/fastapi/routing.py", line 328, in run_endpoint_function
    return await dependant.call(**values)
  File "/workspace/app/backend/routers/public_auth.py", line 52, in login_password
    raise HTTPException(status_code=401, detail="Credenziali non valide")
fastapi.exceptions.HTTPException: 401: Credenziali non valide
2026-05-11 04:32:00,187 - core.database - DEBUG - [DB_OP] Database session cleanup after 0.5358s
2026-05-11 04:32:00,251 - core.database - ERROR - Failed to create database session: 401: Credenziali non valide
Traceback (most recent call last):
  File "/workspace/app/backend/core/database.py", line 553, in get_db
    yield session
  File "/data/chats/abb370935ea34647ae1e0e3402d49c13/.cache/python/lib/python3.10/site-packages/fastapi/routing.py", line 120, in app
    response = await f(request)
  File "/data/chats/abb370935ea34647ae1e0e3402d49c13/.cache/python/lib/python3.10/site-packages/fastapi/routing.py", line 674, in app
    raw_response = await run_endpoint_function(
  File "/data/chats/abb370935ea34647ae1e0e3402d49c13/.cache/python/lib/python3.10/site-packages/fastapi/routing.py", line 328, in run_endpoint_function
    return await dependant.call(**values)
  File "/workspace/app/backend/routers/public_auth.py", line 52, in login_password
    raise HTTPException(status_code=401, detail="Credenziali non valide")
fastapi.exceptions.HTTPException: 401: Credenziali non valide
2026-05-11 04:32:31,909 - core.auth - DEBUG - Authentication token validated for user hash: 6368b9a2
2026-05-11 04:32:31,911 - core.database - DEBUG - [DB_OP] Starting get_db session creation
2026-05-11 04:32:31,911 - core.database - DEBUG - [DB_OP] Database session created successfully in 0.0002s
2026-05-11 04:32:32,622 - core.database - DEBUG - [DB_OP] Database session cleanup after 0.7112s
2026-05-11 04:33:18,913 - core.auth - DEBUG - Authentication token validated for user hash: 6368b9a2
2026-05-11 04:33:18,914 - core.database - DEBUG - [DB_OP] Starting get_db session creation
2026-05-11 04:33:18,914 - core.database - DEBUG - [DB_OP] Database session created successfully in 0.0003s
2026-05-11 04:33:19,629 - core.database - DEBUG - [DB_OP] Database session cleanup after 0.7153s
2026-05-11 04:33:32,305 - core.auth - DEBUG - Authentication token validated for user hash: 6368b9a2
2026-05-11 04:33:32,306 - core.database - DEBUG - [DB_OP] Starting get_db session creation
2026-05-11 04:33:32,306 - core.database - DEBUG - [DB_OP] Database session created successfully in 0.0002s
2026-05-11 04:33:33,019 - core.database - DEBUG - [DB_OP] Database session cleanup after 0.7133s
2026-05-11 04:34:08,543 - core.auth - DEBUG - Authentication token validated for user hash: 6368b9a2
2026-05-11 04:34:08,543 - core.database - DEBUG - [DB_OP] Starting get_db session creation
2026-05-11 04:34:08,544 - core.database - DEBUG - [DB_OP] Database session created successfully in 0.0008s
2026-05-11 04:34:09,260 - core.database - DEBUG - [DB_OP] Database session cleanup after 0.7164s
2026-05-11 04:35:03,293 - core.auth - DEBUG - Authentication token validated for user hash: 6368b9a2
2026-05-11 04:35:03,294 - core.database - DEBUG - [DB_OP] Starting get_db session creation
2026-05-11 04:35:03,295 - core.database - DEBUG - [DB_OP] Database session created successfully in 0.0007s
2026-05-11 04:35:04,025 - core.database - DEBUG - [DB_OP] Database session cleanup after 0.7310s
2026-05-11 04:35:58,632 - core.auth - DEBUG - Authentication token validated for user hash: 6368b9a2
2026-05-11 04:35:58,633 - core.database - DEBUG - [DB_OP] Starting get_db session creation
2026-05-11 04:35:58,633 - core.database - DEBUG - [DB_OP] Database session created successfully in 0.0003s
2026-05-11 04:35:59,347 - core.database - DEBUG - [DB_OP] Database session cleanup after 0.7142s
2026-05-11 04:36:02,728 - core.auth - DEBUG - Authentication token validated for user hash: 6368b9a2
2026-05-11 04:36:02,729 - core.database - DEBUG - [DB_OP] Starting get_db session creation
2026-05-11 04:36:02,730 - core.database - DEBUG - [DB_OP] Database session created successfully in 0.0005s
2026-05-11 04:36:03,449 - core.database - DEBUG - [DB_OP] Database session cleanup after 0.7199s
2026-05-11 04:36:32,316 - core.auth - DEBUG - Authentication token validated for user hash: 6368b9a2
2026-05-11 04:36:32,316 - core.database - DEBUG - [DB_OP] Starting get_db session creation
2026-05-11 04:36:32,317 - core.database - DEBUG - [DB_OP] Database session created successfully in 0.0003s
2026-05-11 04:36:33,162 - core.database - DEBUG - [DB_OP] Database session cleanup after 0.8458s
2026-05-11 04:37:02,316 - core.auth - DEBUG - Authentication token validated for user hash: 6368b9a2
2026-05-11 04:37:02,316 - core.database - DEBUG - [DB_OP] Starting get_db session creation
2026-05-11 04:37:02,317 - core.database - DEBUG - [DB_OP] Database session created successfully in 0.0003s
2026-05-11 04:37:03,031 - core.database - DEBUG - [DB_OP] Database session cleanup after 0.7150s
2026-05-11 04:37:32,320 - core.auth - DEBUG - Authentication token validated for user hash: 6368b9a2
2026-05-11 04:37:32,321 - core.database - DEBUG - [DB_OP] Starting get_db session creation
2026-05-11 04:37:32,321 - core.database - DEBUG - [DB_OP] Database session created successfully in 0.0003s
2026-05-11 04:37:33,035 - core.database - DEBUG - [DB_OP] Database session cleanup after 0.7145s
2026-05-11 04:38:08,483 - core.auth - DEBUG - Authentication token validated for user hash: 6368b9a2
2026-05-11 04:38:08,483 - core.database - DEBUG - [DB_OP] Starting get_db session creation
2026-05-11 04:38:08,484 - core.database - DEBUG - [DB_OP] Database session created successfully in 0.0005s
2026-05-11 04:38:09,198 - core.database - DEBUG - [DB_OP] Database session cleanup after 0.7145s
2026-05-11 04:39:10,019 - core.auth - DEBUG - Authentication token validated for user hash: 6368b9a2
2026-05-11 04:39:10,020 - core.database - DEBUG - [DB_OP] Starting get_db session creation
2026-05-11 04:39:10,021 - core.database - DEBUG - [DB_OP] Database session created successfully in 0.0004s
2026-05-11 04:39:10,733 - core.database - DEBUG - [DB_OP] Database session cleanup after 0.7129s
2026-05-11 04:39:50,078 - core.auth - DEBUG - Authentication token validated for user hash: 6368b9a2
2026-05-11 04:39:50,079 - core.database - DEBUG - [DB_OP] Starting get_db session creation
2026-05-11 04:39:50,079 - core.database - DEBUG - [DB_OP] Database session created successfully in 0.0002s
2026-05-11 04:39:50,465 - core.database - DEBUG - [DB_OP] Database session cleanup after 0.3866s
2026-05-11 04:39:50,662 - core.auth - DEBUG - Authentication token validated for user hash: 6368b9a2
2026-05-11 04:39:50,664 - core.database - DEBUG - [DB_OP] Starting get_db session creation
2026-05-11 04:39:50,665 - core.database - DEBUG - [DB_OP] Database session created successfully in 0.0009s
2026-05-11 04:39:51,380 - core.database - DEBUG - [DB_OP] Database session cleanup after 0.7167s
2026-05-11 04:40:20,669 - core.auth - DEBUG - Authentication token validated for user hash: 6368b9a2
2026-05-11 04:40:20,670 - core.database - DEBUG - [DB_OP] Starting get_db session creation
2026-05-11 04:40:20,670 - core.database - DEBUG - [DB_OP] Database session created successfully in 0.0002s
2026-05-11 04:40:21,385 - core.database - DEBUG - [DB_OP] Database session cleanup after 0.7155s
2026-05-11 04:40:51,991 - core.auth - DEBUG - Authentication token validated for user hash: 6368b9a2
2026-05-11 04:40:51,992 - core.database - DEBUG - [DB_OP] Starting get_db session creation
2026-05-11 04:40:51,992 - core.database - DEBUG - [DB_OP] Database session created successfully in 0.0002s
2026-05-11 04:40:52,703 - core.database - DEBUG - [DB_OP] Database session cleanup after 0.7116s
2026-05-11 04:42:05,178 - core.auth - DEBUG - Authentication token validated for user hash: 6368b9a2
2026-05-11 04:42:05,178 - core.database - DEBUG - [DB_OP] Starting get_db session creation
2026-05-11 04:42:05,179 - core.database - DEBUG - [DB_OP] Database session created successfully in 0.0002s
2026-05-11 04:42:06,019 - core.database - DEBUG - [DB_OP] Database session cleanup after 0.8403s
2026-05-11 04:42:32,104 - core.auth - DEBUG - Authentication token validated for user hash: 6368b9a2
2026-05-11 04:42:32,104 - core.database - DEBUG - [DB_OP] Starting get_db session creation
2026-05-11 04:42:32,104 - core.database - DEBUG - [DB_OP] Database session created successfully in 0.0002s
2026-05-11 04:42:32,819 - core.database - DEBUG - [DB_OP] Database session cleanup after 0.7147s
2026-05-11 04:42:51,323 - core.auth - DEBUG - Authentication token validated for user hash: 6368b9a2
2026-05-11 04:42:51,324 - core.database - DEBUG - [DB_OP] Starting get_db session creation
2026-05-11 04:42:51,325 - core.database - DEBUG - [DB_OP] Database session created successfully in 0.0011s
2026-05-11 04:42:52,037 - core.database - DEBUG - [DB_OP] Database session cleanup after 0.7132s
2026-05-11 04:43:18,285 - services.database - DEBUG - [DB_OP] Starting database close
2026-05-11 04:43:18,352 - core.database - INFO - Database connection closed and engine disposed
2026-05-11 04:43:18,353 - services.database - INFO - Database connections closed
2026-05-11 04:43:18,354 - services.database - DEBUG - [DB_OP] Database close completed in 0.0694s
