2026-05-10 09:58:05,496 - main - INFO - === Logging system initialized ===
2026-05-10 09:58:05,496 - main - INFO - Log file: logs/app_20260510_095805.log
2026-05-10 09:58:05,496 - main - INFO - Log level: INFO
2026-05-10 09:58:05,496 - main - INFO - Timestamp: 20260510_095805
2026-05-10 09:58:06,707 - main - INFO - Included router: routers.aihub.router
2026-05-10 09:58:06,731 - main - INFO - Included router: routers.auth.router
2026-05-10 09:58:06,776 - main - INFO - Included router: routers.betsmarts.router
2026-05-10 09:58:06,857 - main - INFO - Included router: routers.cash_ops.router
2026-05-10 09:58:06,906 - main - INFO - Included router: routers.cashes.router
2026-05-10 09:58:06,968 - main - INFO - Included router: routers.discrepancies.router
2026-05-10 09:58:06,972 - main - INFO - Included router: routers.health.router
2026-05-10 09:58:07,220 - main - INFO - Included router: routers.movements.router
2026-05-10 09:58:07,238 - main - INFO - Included router: routers.public_auth.router
2026-05-10 09:58:07,265 - main - INFO - Included router: routers.settings.router
2026-05-10 09:58:07,337 - main - INFO - Included router: routers.shifts.router
2026-05-10 09:58:07,382 - main - INFO - Included router: routers.storage.router
2026-05-10 09:58:07,398 - main - INFO - Included router: routers.user.router
2026-05-10 09:58:07,452 - main - INFO - Included router: routers.user_profiles.router
2026-05-10 09:58:07,493 - main - INFO - Included router: routers.vlts.router
2026-05-10 09:58:07,495 - main - INFO - === Application startup initiated ===
2026-05-10 09:58:07,496 - services.database - INFO - Ignore creating tables
2026-05-10 09:58:07,496 - services.mock_data - INFO - Ignore initialize data
2026-05-10 09:58:07,496 - services.auth - INFO - Ignore initialize admin
2026-05-10 09:58:07,496 - main - INFO - === Application startup completed successfully ===
2026-05-10 10:01:24,716 - services.database - DEBUG - [DB_OP] Starting database close
2026-05-10 10:01:24,716 - services.database - INFO - Database connections closed
2026-05-10 10:01:24,716 - services.database - DEBUG - [DB_OP] Database close completed in 0.0007s
