2026-05-10 03:28:10,556 - main - INFO - === Logging system initialized ===
2026-05-10 03:28:10,556 - main - INFO - Log file: logs/app_20260510_032810.log
2026-05-10 03:28:10,557 - main - INFO - Log level: INFO
2026-05-10 03:28:10,557 - main - INFO - Timestamp: 20260510_032810
2026-05-10 03:28:11,670 - main - INFO - Included router: routers.aihub.router
2026-05-10 03:28:11,699 - main - INFO - Included router: routers.auth.router
2026-05-10 03:28:11,746 - main - INFO - Included router: routers.betsmarts.router
2026-05-10 03:28:11,836 - main - INFO - Included router: routers.cash_ops.router
2026-05-10 03:28:11,895 - main - INFO - Included router: routers.cashes.router
2026-05-10 03:28:11,955 - main - INFO - Included router: routers.discrepancies.router
2026-05-10 03:28:11,958 - main - INFO - Included router: routers.health.router
2026-05-10 03:28:12,135 - main - INFO - Included router: routers.movements.router
2026-05-10 03:28:12,163 - main - INFO - Included router: routers.settings.router
2026-05-10 03:28:12,240 - main - INFO - Included router: routers.shifts.router
2026-05-10 03:28:12,284 - main - INFO - Included router: routers.storage.router
2026-05-10 03:28:12,295 - main - INFO - Included router: routers.user.router
2026-05-10 03:28:12,355 - main - INFO - Included router: routers.user_profiles.router
2026-05-10 03:28:12,404 - main - INFO - Included router: routers.vlts.router
2026-05-10 03:28:12,405 - main - INFO - === Application startup initiated ===
2026-05-10 03:28:12,406 - services.database - INFO - Ignore creating tables
2026-05-10 03:28:12,406 - services.mock_data - INFO - Ignore initialize data
2026-05-10 03:28:12,407 - services.auth - INFO - Ignore initialize admin
2026-05-10 03:28:12,407 - main - INFO - === Application startup completed successfully ===
2026-05-10 03:28:16,453 - dependencies.auth - DEBUG - Authentication required for request GET /api/v1/auth/me
2026-05-10 03:28:36,650 - dependencies.auth - DEBUG - Authentication required for request GET /api/v1/auth/me
2026-05-10 03:30:25,030 - core.database - DEBUG - [DB_OP] Starting get_db session creation
2026-05-10 03:30:25,031 - core.database - WARNING - Database session maker not available, attempting lazy initialization...
2026-05-10 03:30:25,032 - core.database - WARNING - Database not initialized, attempting lazy initialization...
2026-05-10 03:30:25,032 - core.database - INFO - Starting database initialization...
2026-05-10 03:30:25,033 - core.config - DEBUG - Read dynamic attribute database_url from environment variable DATABASE_URL
2026-05-10 03:30:25,033 - core.database - INFO - Normalizing database URL for async compatibility...
2026-05-10 03:30:25,035 - core.database - INFO - Creating async database engine...
2026-05-10 03:30:25,035 - core.database - INFO - Using QueuePool with connection pooling for non-Lambda environment
2026-05-10 03:30:25,103 - core.database - INFO - Database engine created successfully
2026-05-10 03:30:25,104 - core.database - INFO - Creating async session maker...
2026-05-10 03:30:25,105 - core.database - INFO - Async session maker created successfully
2026-05-10 03:30:25,105 - core.database - INFO - Database connection initialized successfully
2026-05-10 03:30:25,106 - core.database - DEBUG - [DB_OP] Starting create_tables
2026-05-10 03:30:25,106 - core.database - INFO - 🔧 Starting table creation...
2026-05-10 03:30:26,881 - core.database - INFO - Tables initialized successfully
2026-05-10 03:30:26,881 - core.database - DEBUG - [DB_OP] Create tables completed in 1.7757s
2026-05-10 03:30:26,945 - core.database - INFO - Lazy database initialization completed successfully
2026-05-10 03:30:26,946 - core.database - DEBUG - [DB_OP] Database session created successfully in 1.9155s
2026-05-10 03:30:27,597 - routers.auth - DEBUG - [get_dynamic_backend_url] mgx-external-domain=None, x-forwarded-host=p34jr-abb370935ea34647ae1e0e3402d49c13-preview.app.atoms.dev, host=localhost, scheme=https, dynamic_url=https://p34jr-abb370935ea34647ae1e0e3402d49c13-preview.app.atoms.dev
2026-05-10 03:30:27,597 - routers.auth - INFO - [login] Starting OIDC flow with redirect_uri=https://p34jr-abb370935ea34647ae1e0e3402d49c13-preview.app.atoms.dev/api/v1/auth/callback
2026-05-10 03:30:27,598 - core.config - DEBUG - Read dynamic attribute oidc_client_id from environment variable OIDC_CLIENT_ID
2026-05-10 03:30:27,598 - core.config - DEBUG - Read dynamic attribute oidc_scope from environment variable OIDC_SCOPE
2026-05-10 03:30:27,598 - core.config - DEBUG - Read dynamic attribute oidc_issuer_url from environment variable OIDC_ISSUER_URL
2026-05-10 03:30:27,598 - core.database - DEBUG - [DB_OP] Database session cleanup after 2.5679s
2026-05-10 03:30:45,569 - dependencies.auth - DEBUG - Authentication required for request GET /api/v1/auth/me
2026-05-10 03:30:53,866 - dependencies.auth - DEBUG - Authentication required for request GET /api/v1/auth/me
2026-05-10 03:32:38,596 - dependencies.auth - DEBUG - Authentication required for request GET /api/v1/auth/me
2026-05-10 03:33:15,182 - dependencies.auth - DEBUG - Authentication required for request GET /api/v1/auth/me
2026-05-10 03:33:15,902 - dependencies.auth - DEBUG - Authentication required for request GET /api/v1/auth/me
2026-05-10 03:33:56,553 - core.database - DEBUG - [DB_OP] Starting get_db session creation
2026-05-10 03:33:56,554 - core.database - DEBUG - [DB_OP] Database session created successfully in 0.0005s
2026-05-10 03:33:57,001 - routers.auth - DEBUG - [get_dynamic_backend_url] mgx-external-domain=None, x-forwarded-host=p34jr-abb370935ea34647ae1e0e3402d49c13-preview.app.atoms.dev, host=localhost, scheme=https, dynamic_url=https://p34jr-abb370935ea34647ae1e0e3402d49c13-preview.app.atoms.dev
2026-05-10 03:33:57,002 - routers.auth - INFO - [login] Starting OIDC flow with redirect_uri=https://p34jr-abb370935ea34647ae1e0e3402d49c13-preview.app.atoms.dev/api/v1/auth/callback
2026-05-10 03:33:57,002 - core.database - DEBUG - [DB_OP] Database session cleanup after 0.4494s
2026-05-10 03:33:57,136 - services.database - DEBUG - [DB_OP] Starting database close
2026-05-10 03:33:57,203 - core.database - INFO - Database connection closed and engine disposed
2026-05-10 03:33:57,204 - services.database - INFO - Database connections closed
2026-05-10 03:33:57,204 - services.database - DEBUG - [DB_OP] Database close completed in 0.0678s
