2026-05-10 09:43:13,718 - main - INFO - === Logging system initialized ===
2026-05-10 09:43:13,719 - main - INFO - Log file: logs/app_20260510_094313.log
2026-05-10 09:43:13,719 - main - INFO - Log level: INFO
2026-05-10 09:43:13,719 - main - INFO - Timestamp: 20260510_094313
2026-05-10 09:43:14,646 - main - INFO - Included router: routers.aihub.router
2026-05-10 09:43:14,682 - main - WARNING - Failed to import module 'routers.auth': name 'BaseModel' is not defined
2026-05-10 09:43:14,727 - main - INFO - Included router: routers.betsmarts.router
2026-05-10 09:43:14,834 - main - INFO - Included router: routers.cash_ops.router
2026-05-10 09:43:14,885 - main - INFO - Included router: routers.cashes.router
2026-05-10 09:43:14,953 - main - INFO - Included router: routers.discrepancies.router
2026-05-10 09:43:14,958 - main - INFO - Included router: routers.health.router
2026-05-10 09:43:15,156 - main - INFO - Included router: routers.movements.router
2026-05-10 09:43:15,198 - main - INFO - Included router: routers.settings.router
2026-05-10 09:43:15,285 - main - INFO - Included router: routers.shifts.router
2026-05-10 09:43:15,587 - main - INFO - Included router: routers.storage.router
2026-05-10 09:43:15,600 - main - INFO - Included router: routers.user.router
2026-05-10 09:43:15,662 - main - INFO - Included router: routers.user_profiles.router
2026-05-10 09:43:15,706 - main - INFO - Included router: routers.vlts.router
2026-05-10 09:43:15,707 - main - INFO - === Application startup initiated ===
2026-05-10 09:43:15,708 - services.database - INFO - Ignore creating tables
2026-05-10 09:43:15,708 - services.mock_data - INFO - Ignore initialize data
2026-05-10 09:43:15,708 - services.auth - INFO - Ignore initialize admin
2026-05-10 09:43:15,708 - main - INFO - === Application startup completed successfully ===
2026-05-10 09:43:17,214 - services.database - DEBUG - [DB_OP] Starting database close
2026-05-10 09:43:17,214 - services.database - INFO - Database connections closed
2026-05-10 09:43:17,214 - services.database - DEBUG - [DB_OP] Database close completed in 0.0004s
