2026-05-10 03:26:16,209 - main - INFO - === Logging system initialized ===
2026-05-10 03:26:16,210 - main - INFO - Log file: logs/app_20260510_032616.log
2026-05-10 03:26:16,210 - main - INFO - Log level: INFO
2026-05-10 03:26:16,210 - main - INFO - Timestamp: 20260510_032616
2026-05-10 03:26:17,708 - main - INFO - Included router: routers.aihub.router
2026-05-10 03:26:17,738 - main - INFO - Included router: routers.auth.router
2026-05-10 03:26:17,785 - main - INFO - Included router: routers.betsmarts.router
2026-05-10 03:26:17,896 - main - INFO - Included router: routers.cash_ops.router
2026-05-10 03:26:17,954 - main - INFO - Included router: routers.cashes.router
2026-05-10 03:26:18,021 - main - INFO - Included router: routers.discrepancies.router
2026-05-10 03:26:18,023 - main - INFO - Included router: routers.health.router
2026-05-10 03:26:18,192 - main - INFO - Included router: routers.movements.router
2026-05-10 03:26:18,224 - main - INFO - Included router: routers.settings.router
2026-05-10 03:26:18,313 - main - INFO - Included router: routers.shifts.router
2026-05-10 03:26:18,383 - main - INFO - Included router: routers.storage.router
2026-05-10 03:26:18,412 - main - INFO - Included router: routers.user.router
2026-05-10 03:26:18,473 - main - INFO - Included router: routers.user_profiles.router
2026-05-10 03:26:18,524 - main - INFO - Included router: routers.vlts.router
2026-05-10 03:26:18,526 - main - INFO - === Application startup initiated ===
2026-05-10 03:26:18,527 - services.database - INFO - Ignore creating tables
2026-05-10 03:26:18,527 - services.mock_data - INFO - Ignore initialize data
2026-05-10 03:26:18,527 - services.auth - INFO - Ignore initialize admin
2026-05-10 03:26:18,527 - main - INFO - === Application startup completed successfully ===
2026-05-10 03:27:13,056 - dependencies.auth - DEBUG - Authentication required for request GET /api/v1/auth/me
2026-05-10 03:27:30,282 - services.database - DEBUG - [DB_OP] Starting database close
2026-05-10 03:27:30,283 - services.database - INFO - Database connections closed
2026-05-10 03:27:30,283 - services.database - DEBUG - [DB_OP] Database close completed in 0.0003s
