2026-05-10 03:48:54,772 - main - INFO - === Logging system initialized ===
2026-05-10 03:48:54,772 - main - INFO - Log file: logs/app_20260510_034854.log
2026-05-10 03:48:54,772 - main - INFO - Log level: INFO
2026-05-10 03:48:54,772 - main - INFO - Timestamp: 20260510_034854
2026-05-10 03:48:55,674 - main - INFO - Included router: routers.aihub.router
2026-05-10 03:48:55,694 - main - INFO - Included router: routers.auth.router
2026-05-10 03:48:55,737 - main - INFO - Included router: routers.betsmarts.router
2026-05-10 03:48:55,818 - main - INFO - Included router: routers.cash_ops.router
2026-05-10 03:48:55,869 - main - INFO - Included router: routers.cashes.router
2026-05-10 03:48:55,923 - main - INFO - Included router: routers.discrepancies.router
2026-05-10 03:48:55,926 - main - INFO - Included router: routers.health.router
2026-05-10 03:48:56,103 - main - INFO - Included router: routers.movements.router
2026-05-10 03:48:56,145 - main - INFO - Included router: routers.settings.router
2026-05-10 03:48:56,209 - main - INFO - Included router: routers.shifts.router
2026-05-10 03:48:56,499 - main - INFO - Included router: routers.storage.router
2026-05-10 03:48:56,508 - main - INFO - Included router: routers.user.router
2026-05-10 03:48:56,563 - main - INFO - Included router: routers.user_profiles.router
2026-05-10 03:48:56,602 - main - INFO - Included router: routers.vlts.router
2026-05-10 03:48:56,603 - main - INFO - === Application startup initiated ===
2026-05-10 03:48:56,604 - services.database - INFO - Ignore creating tables
2026-05-10 03:48:56,604 - services.mock_data - INFO - Ignore initialize data
2026-05-10 03:48:56,604 - services.auth - INFO - Ignore initialize admin
2026-05-10 03:48:56,604 - main - INFO - === Application startup completed successfully ===
2026-05-10 03:49:21,417 - core.config - DEBUG - Read dynamic attribute jwt_secret_key from environment variable JWT_SECRET_KEY
2026-05-10 03:49:21,417 - core.config - DEBUG - Read dynamic attribute jwt_algorithm from environment variable JWT_ALGORITHM
2026-05-10 03:49:21,466 - core.auth - DEBUG - Authentication token validated for user hash: 6368b9a2
2026-05-10 03:49:21,467 - core.database - DEBUG - [DB_OP] Starting get_db session creation
2026-05-10 03:49:21,470 - core.database - WARNING - Database session maker not available, attempting lazy initialization...
2026-05-10 03:49:21,471 - core.database - WARNING - Database not initialized, attempting lazy initialization...
2026-05-10 03:49:21,472 - core.database - INFO - Starting database initialization...
2026-05-10 03:49:21,473 - core.config - DEBUG - Read dynamic attribute database_url from environment variable DATABASE_URL
2026-05-10 03:49:21,474 - core.database - INFO - Normalizing database URL for async compatibility...
2026-05-10 03:49:21,475 - core.database - INFO - Creating async database engine...
2026-05-10 03:49:21,475 - core.database - INFO - Using QueuePool with connection pooling for non-Lambda environment
2026-05-10 03:49:21,566 - core.database - INFO - Database engine created successfully
2026-05-10 03:49:21,567 - core.database - INFO - Creating async session maker...
2026-05-10 03:49:21,567 - core.database - INFO - Async session maker created successfully
2026-05-10 03:49:21,567 - core.database - INFO - Database connection initialized successfully
2026-05-10 03:49:21,567 - core.database - DEBUG - [DB_OP] Starting create_tables
2026-05-10 03:49:21,567 - core.database - INFO - 🔧 Starting table creation...
2026-05-10 03:49:23,356 - core.database - INFO - Tables initialized successfully
2026-05-10 03:49:23,356 - core.database - DEBUG - [DB_OP] Create tables completed in 1.7890s
2026-05-10 03:49:23,420 - core.database - INFO - Lazy database initialization completed successfully
2026-05-10 03:49:23,420 - core.database - DEBUG - [DB_OP] Database session created successfully in 1.9534s
2026-05-10 03:49:24,134 - core.database - DEBUG - [DB_OP] Database session cleanup after 2.6671s
2026-05-10 03:49:27,219 - core.auth - DEBUG - Authentication token validated for user hash: 6368b9a2
2026-05-10 03:49:27,220 - core.database - DEBUG - [DB_OP] Starting get_db session creation
2026-05-10 03:49:27,221 - core.database - DEBUG - [DB_OP] Database session created successfully in 0.0007s
2026-05-10 03:49:27,224 - core.auth - DEBUG - Authentication token validated for user hash: 6368b9a2
2026-05-10 03:49:27,224 - core.database - DEBUG - [DB_OP] Starting get_db session creation
2026-05-10 03:49:27,225 - core.database - DEBUG - [DB_OP] Database session created successfully in 0.0003s
2026-05-10 03:49:27,603 - core.database - DEBUG - [DB_OP] Database session cleanup after 0.3826s
2026-05-10 03:49:27,848 - core.database - DEBUG - [DB_OP] Database session cleanup after 0.6231s
2026-05-10 03:49:39,486 - core.auth - DEBUG - Authentication token validated for user hash: 6368b9a2
2026-05-10 03:49:39,487 - core.database - DEBUG - [DB_OP] Starting get_db session creation
2026-05-10 03:49:39,487 - core.database - DEBUG - [DB_OP] Database session created successfully in 0.0002s
2026-05-10 03:49:39,500 - core.auth - DEBUG - Authentication token validated for user hash: 6368b9a2
2026-05-10 03:49:39,500 - core.database - DEBUG - [DB_OP] Starting get_db session creation
2026-05-10 03:49:39,500 - core.database - DEBUG - [DB_OP] Database session created successfully in 0.0002s
2026-05-10 03:49:39,521 - core.auth - DEBUG - Authentication token validated for user hash: 6368b9a2
2026-05-10 03:49:39,522 - core.database - DEBUG - [DB_OP] Starting get_db session creation
2026-05-10 03:49:39,522 - core.database - DEBUG - [DB_OP] Database session created successfully in 0.0006s
2026-05-10 03:49:39,883 - core.database - DEBUG - [DB_OP] Database session cleanup after 0.3960s
2026-05-10 03:49:39,949 - core.database - DEBUG - [DB_OP] Database session cleanup after 0.4484s
2026-05-10 03:49:40,154 - core.database - DEBUG - [DB_OP] Database session cleanup after 0.6325s
2026-05-10 03:49:54,977 - core.auth - DEBUG - Authentication token validated for user hash: 6368b9a2
2026-05-10 03:49:54,977 - core.database - DEBUG - [DB_OP] Starting get_db session creation
2026-05-10 03:49:54,978 - core.database - DEBUG - [DB_OP] Database session created successfully in 0.0003s
2026-05-10 03:49:54,980 - core.auth - DEBUG - Authentication token validated for user hash: 6368b9a2
2026-05-10 03:49:54,980 - core.database - DEBUG - [DB_OP] Starting get_db session creation
2026-05-10 03:49:54,980 - core.database - DEBUG - [DB_OP] Database session created successfully in 0.0001s
2026-05-10 03:49:55,296 - core.database - DEBUG - [DB_OP] Database session cleanup after 0.3185s
2026-05-10 03:49:55,361 - core.database - DEBUG - [DB_OP] Database session cleanup after 0.3806s
2026-05-10 03:50:02,398 - core.auth - DEBUG - Authentication token validated for user hash: 6368b9a2
2026-05-10 03:50:02,398 - core.database - DEBUG - [DB_OP] Starting get_db session creation
2026-05-10 03:50:02,399 - core.database - DEBUG - [DB_OP] Database session created successfully in 0.0007s
2026-05-10 03:50:03,594 - core.database - DEBUG - [DB_OP] Database session cleanup after 1.1956s
2026-05-10 03:50:05,233 - dependencies.auth - DEBUG - Authentication required for request GET /api/v1/auth/me
2026-05-10 03:50:07,773 - core.auth - DEBUG - Authentication token validated for user hash: 6368b9a2
2026-05-10 03:50:07,774 - core.database - DEBUG - [DB_OP] Starting get_db session creation
2026-05-10 03:50:07,774 - core.database - DEBUG - [DB_OP] Database session created successfully in 0.0005s
2026-05-10 03:50:08,730 - core.database - DEBUG - [DB_OP] Database session cleanup after 0.9558s
2026-05-10 03:50:19,922 - core.auth - DEBUG - Authentication token validated for user hash: 6368b9a2
2026-05-10 03:50:19,923 - core.database - DEBUG - [DB_OP] Starting get_db session creation
2026-05-10 03:50:19,923 - core.database - DEBUG - [DB_OP] Database session created successfully in 0.0002s
2026-05-10 03:50:19,934 - core.auth - DEBUG - Authentication token validated for user hash: 6368b9a2
2026-05-10 03:50:19,934 - core.database - DEBUG - [DB_OP] Starting get_db session creation
2026-05-10 03:50:19,935 - core.database - DEBUG - [DB_OP] Database session created successfully in 0.0003s
2026-05-10 03:50:20,330 - core.database - DEBUG - [DB_OP] Database session cleanup after 0.3962s
2026-05-10 03:50:20,951 - core.database - DEBUG - [DB_OP] Database session cleanup after 1.0280s
2026-05-10 03:50:40,078 - dependencies.auth - DEBUG - Authentication required for request GET /api/v1/auth/me
2026-05-10 03:50:54,199 - core.auth - DEBUG - Authentication token validated for user hash: 6368b9a2
2026-05-10 03:50:54,471 - core.auth - DEBUG - Authentication token validated for user hash: 6368b9a2
2026-05-10 03:50:54,471 - core.database - DEBUG - [DB_OP] Starting get_db session creation
2026-05-10 03:50:54,471 - core.database - DEBUG - [DB_OP] Database session created successfully in 0.0004s
2026-05-10 03:50:54,851 - core.database - DEBUG - [DB_OP] Database session cleanup after 0.3803s
2026-05-10 03:50:55,045 - core.auth - DEBUG - Authentication token validated for user hash: 6368b9a2
2026-05-10 03:50:55,045 - core.database - DEBUG - [DB_OP] Starting get_db session creation
2026-05-10 03:50:55,045 - core.database - DEBUG - [DB_OP] Database session created successfully in 0.0002s
2026-05-10 03:50:55,770 - core.database - DEBUG - [DB_OP] Database session cleanup after 0.7248s
2026-05-10 03:51:19,304 - core.auth - DEBUG - Authentication token validated for user hash: 6368b9a2
2026-05-10 03:51:19,304 - core.database - DEBUG - [DB_OP] Starting get_db session creation
2026-05-10 03:51:19,304 - core.database - DEBUG - [DB_OP] Database session created successfully in 0.0001s
2026-05-10 03:51:19,305 - core.auth - DEBUG - Authentication token validated for user hash: 6368b9a2
2026-05-10 03:51:19,306 - core.database - DEBUG - [DB_OP] Starting get_db session creation
2026-05-10 03:51:19,306 - core.database - DEBUG - [DB_OP] Database session created successfully in 0.0001s
2026-05-10 03:51:19,624 - core.database - DEBUG - [DB_OP] Database session cleanup after 0.3181s
2026-05-10 03:51:20,010 - core.database - DEBUG - [DB_OP] Database session cleanup after 0.7058s
2026-05-10 03:51:21,400 - services.database - DEBUG - [DB_OP] Starting database close
2026-05-10 03:51:21,601 - core.database - INFO - Database connection closed and engine disposed
2026-05-10 03:51:21,601 - services.database - INFO - Database connections closed
2026-05-10 03:51:21,601 - services.database - DEBUG - [DB_OP] Database close completed in 0.2012s
