2026-05-10 03:27:39,674 - main - INFO - === Logging system initialized ===
2026-05-10 03:27:39,675 - main - INFO - Log file: logs/app_20260510_032739.log
2026-05-10 03:27:39,675 - main - INFO - Log level: INFO
2026-05-10 03:27:39,675 - main - INFO - Timestamp: 20260510_032739
2026-05-10 03:27:40,728 - main - INFO - Included router: routers.aihub.router
2026-05-10 03:27:40,752 - main - INFO - Included router: routers.auth.router
2026-05-10 03:27:40,797 - main - INFO - Included router: routers.betsmarts.router
2026-05-10 03:27:40,899 - main - INFO - Included router: routers.cash_ops.router
2026-05-10 03:27:40,955 - main - INFO - Included router: routers.cashes.router
2026-05-10 03:27:41,031 - main - INFO - Included router: routers.discrepancies.router
2026-05-10 03:27:41,033 - main - INFO - Included router: routers.health.router
2026-05-10 03:27:41,240 - main - INFO - Included router: routers.movements.router
2026-05-10 03:27:41,288 - main - INFO - Included router: routers.settings.router
2026-05-10 03:27:41,357 - main - INFO - Included router: routers.shifts.router
2026-05-10 03:27:41,420 - main - INFO - Included router: routers.storage.router
2026-05-10 03:27:41,462 - main - INFO - Included router: routers.user.router
2026-05-10 03:27:41,532 - main - INFO - Included router: routers.user_profiles.router
2026-05-10 03:27:41,582 - main - INFO - Included router: routers.vlts.router
2026-05-10 03:27:41,584 - main - INFO - === Application startup initiated ===
2026-05-10 03:27:41,584 - services.database - INFO - Ignore creating tables
2026-05-10 03:27:41,584 - services.mock_data - INFO - Ignore initialize data
2026-05-10 03:27:41,584 - services.auth - INFO - Ignore initialize admin
2026-05-10 03:27:41,585 - main - INFO - === Application startup completed successfully ===
2026-05-10 03:27:46,242 - dependencies.auth - DEBUG - Authentication required for request GET /api/v1/auth/me
2026-05-10 03:27:59,660 - services.database - DEBUG - [DB_OP] Starting database close
2026-05-10 03:27:59,660 - services.database - INFO - Database connections closed
2026-05-10 03:27:59,660 - services.database - DEBUG - [DB_OP] Database close completed in 0.0005s
