2026-05-11 05:07:34,269 - main - INFO - === Logging system initialized ===
2026-05-11 05:07:34,270 - main - INFO - Log file: logs/app_20260511_050734.log
2026-05-11 05:07:34,270 - main - INFO - Log level: INFO
2026-05-11 05:07:34,270 - main - INFO - Timestamp: 20260511_050734
2026-05-11 05:07:35,824 - main - INFO - Included router: routers.aihub.router
2026-05-11 05:07:35,859 - main - INFO - Included router: routers.auth.router
2026-05-11 05:07:35,913 - main - INFO - Included router: routers.betsmarts.router
2026-05-11 05:07:36,052 - main - INFO - Included router: routers.cash_ops.router
2026-05-11 05:07:36,113 - main - INFO - Included router: routers.cashes.router
2026-05-11 05:07:36,186 - main - INFO - Included router: routers.discrepancies.router
2026-05-11 05:07:36,194 - main - INFO - Included router: routers.health.router
2026-05-11 05:07:36,399 - main - INFO - Included router: routers.movements.router
2026-05-11 05:07:36,413 - main - INFO - Included router: routers.public_auth.router
2026-05-11 05:07:36,454 - main - INFO - Included router: routers.settings.router
2026-05-11 05:07:36,545 - main - INFO - Included router: routers.shifts.router
2026-05-11 05:07:36,588 - main - INFO - Included router: routers.storage.router
2026-05-11 05:07:36,609 - main - INFO - Included router: routers.user.router
2026-05-11 05:07:36,660 - main - INFO - Included router: routers.user_profiles.router
2026-05-11 05:07:36,726 - main - INFO - Included router: routers.vlts.router
2026-05-11 05:07:36,730 - main - INFO - === Application startup initiated ===
2026-05-11 05:07:36,731 - services.database - INFO - Ignore creating tables
2026-05-11 05:07:36,731 - services.mock_data - INFO - Ignore initialize data
2026-05-11 05:07:36,731 - services.auth - INFO - Ignore initialize admin
2026-05-11 05:07:36,731 - main - INFO - === Application startup completed successfully ===
2026-05-11 05:07:37,636 - services.database - DEBUG - [DB_OP] Starting database close
2026-05-11 05:07:37,636 - services.database - INFO - Database connections closed
2026-05-11 05:07:37,636 - services.database - DEBUG - [DB_OP] Database close completed in 0.0005s
