2026-05-10 09:48:29,384 - main - INFO - === Logging system initialized ===
2026-05-10 09:48:29,385 - main - INFO - Log file: logs/app_20260510_094829.log
2026-05-10 09:48:29,385 - main - INFO - Log level: INFO
2026-05-10 09:48:29,385 - main - INFO - Timestamp: 20260510_094829
2026-05-10 09:48:30,583 - main - INFO - Included router: routers.aihub.router
2026-05-10 09:48:30,610 - main - INFO - Included router: routers.auth.router
2026-05-10 09:48:30,656 - main - INFO - Included router: routers.betsmarts.router
2026-05-10 09:48:30,764 - main - INFO - Included router: routers.cash_ops.router
2026-05-10 09:48:30,810 - main - INFO - Included router: routers.cashes.router
2026-05-10 09:48:30,866 - main - INFO - Included router: routers.discrepancies.router
2026-05-10 09:48:30,869 - main - INFO - Included router: routers.health.router
2026-05-10 09:48:31,101 - main - INFO - Included router: routers.movements.router
2026-05-10 09:48:31,127 - main - INFO - Included router: routers.public_auth.router
2026-05-10 09:48:31,149 - main - INFO - Included router: routers.settings.router
2026-05-10 09:48:31,236 - main - INFO - Included router: routers.shifts.router
2026-05-10 09:48:31,285 - main - INFO - Included router: routers.storage.router
2026-05-10 09:48:31,298 - main - INFO - Included router: routers.user.router
2026-05-10 09:48:31,349 - main - INFO - Included router: routers.user_profiles.router
2026-05-10 09:48:31,395 - main - INFO - Included router: routers.vlts.router
2026-05-10 09:48:31,399 - main - INFO - === Application startup initiated ===
2026-05-10 09:48:31,399 - services.database - INFO - Ignore creating tables
2026-05-10 09:48:31,399 - services.mock_data - INFO - Ignore initialize data
2026-05-10 09:48:31,399 - services.auth - INFO - Ignore initialize admin
2026-05-10 09:48:31,399 - main - INFO - === Application startup completed successfully ===
2026-05-10 09:48:31,902 - services.database - DEBUG - [DB_OP] Starting database close
2026-05-10 09:48:31,902 - services.database - INFO - Database connections closed
2026-05-10 09:48:31,902 - services.database - DEBUG - [DB_OP] Database close completed in 0.0004s
