2026-05-11 05:40:38,271 - main - INFO - === Logging system initialized ===
2026-05-11 05:40:38,271 - main - INFO - Log file: logs/app_20260511_054038.log
2026-05-11 05:40:38,272 - main - INFO - Log level: INFO
2026-05-11 05:40:38,272 - main - INFO - Timestamp: 20260511_054038
2026-05-11 05:40:39,860 - main - INFO - Included router: routers.aihub.router
2026-05-11 05:40:39,891 - main - INFO - Included router: routers.auth.router
2026-05-11 05:40:39,948 - main - INFO - Included router: routers.betsmarts.router
2026-05-11 05:40:40,058 - main - INFO - Included router: routers.cash_ops.router
2026-05-11 05:40:40,149 - main - INFO - Included router: routers.cashes.router
2026-05-11 05:40:40,220 - main - INFO - Included router: routers.discrepancies.router
2026-05-11 05:40:40,225 - main - INFO - Included router: routers.health.router
2026-05-11 05:40:40,440 - main - INFO - Included router: routers.movements.router
2026-05-11 05:40:40,447 - main - INFO - Included router: routers.public_auth.router
2026-05-11 05:40:40,472 - main - INFO - Included router: routers.settings.router
2026-05-11 05:40:40,555 - main - INFO - Included router: routers.shifts.router
2026-05-11 05:40:40,615 - main - INFO - Included router: routers.storage.router
2026-05-11 05:40:40,632 - main - INFO - Included router: routers.user.router
2026-05-11 05:40:40,681 - main - INFO - Included router: routers.user_profiles.router
2026-05-11 05:40:40,721 - main - INFO - Included router: routers.vlts.router
2026-05-11 05:40:40,724 - main - INFO - === Application startup initiated ===
2026-05-11 05:40:40,725 - services.database - INFO - Ignore creating tables
2026-05-11 05:40:40,725 - services.mock_data - INFO - Ignore initialize data
2026-05-11 05:40:40,725 - services.auth - INFO - Ignore initialize admin
2026-05-11 05:40:40,725 - main - INFO - === Application startup completed successfully ===
2026-05-11 06:15:43,904 - services.database - DEBUG - [DB_OP] Starting database close
2026-05-11 06:15:43,905 - services.database - INFO - Database connections closed
2026-05-11 06:15:43,905 - services.database - DEBUG - [DB_OP] Database close completed in 0.0011s
