2026-05-11 04:31:03,480 - main - INFO - === Logging system initialized ===
2026-05-11 04:31:03,480 - main - INFO - Log file: logs/app_20260511_043103.log
2026-05-11 04:31:03,480 - main - INFO - Log level: INFO
2026-05-11 04:31:03,480 - main - INFO - Timestamp: 20260511_043103
2026-05-11 04:31:05,284 - main - INFO - Included router: routers.aihub.router
2026-05-11 04:31:05,318 - main - INFO - Included router: routers.auth.router
2026-05-11 04:31:05,459 - main - INFO - Included router: routers.betsmarts.router
2026-05-11 04:31:05,579 - main - INFO - Included router: routers.cash_ops.router
2026-05-11 04:31:05,632 - main - INFO - Included router: routers.cashes.router
2026-05-11 04:31:05,703 - main - INFO - Included router: routers.discrepancies.router
2026-05-11 04:31:05,709 - main - INFO - Included router: routers.health.router
2026-05-11 04:31:05,892 - main - INFO - Included router: routers.movements.router
2026-05-11 04:31:05,913 - main - INFO - Included router: routers.public_auth.router
2026-05-11 04:31:05,940 - main - INFO - Included router: routers.settings.router
2026-05-11 04:31:06,018 - main - INFO - Included router: routers.shifts.router
2026-05-11 04:31:06,089 - main - INFO - Included router: routers.storage.router
2026-05-11 04:31:06,103 - main - INFO - Included router: routers.user.router
2026-05-11 04:31:06,155 - main - INFO - Included router: routers.user_profiles.router
2026-05-11 04:31:06,203 - main - INFO - Included router: routers.vlts.router
2026-05-11 04:31:06,207 - main - INFO - === Application startup initiated ===
2026-05-11 04:31:06,207 - services.database - INFO - Ignore creating tables
2026-05-11 04:31:06,207 - services.mock_data - INFO - Ignore initialize data
2026-05-11 04:31:06,207 - services.auth - INFO - Ignore initialize admin
2026-05-11 04:31:06,207 - main - INFO - === Application startup completed successfully ===
2026-05-11 04:31:06,308 - services.database - DEBUG - [DB_OP] Starting database close
2026-05-11 04:31:06,309 - services.database - INFO - Database connections closed
2026-05-11 04:31:06,309 - services.database - DEBUG - [DB_OP] Database close completed in 0.0005s
