2026-05-10 03:44:12,697 - main - INFO - === Logging system initialized ===
2026-05-10 03:44:12,697 - main - INFO - Log file: logs/app_20260510_034412.log
2026-05-10 03:44:12,697 - main - INFO - Log level: INFO
2026-05-10 03:44:12,697 - main - INFO - Timestamp: 20260510_034412
2026-05-10 03:44:13,872 - main - INFO - Included router: routers.aihub.router
2026-05-10 03:44:13,893 - main - INFO - Included router: routers.auth.router
2026-05-10 03:44:13,935 - main - INFO - Included router: routers.betsmarts.router
2026-05-10 03:44:14,052 - main - INFO - Included router: routers.cash_ops.router
2026-05-10 03:44:14,108 - main - INFO - Included router: routers.cashes.router
2026-05-10 03:44:14,171 - main - INFO - Included router: routers.discrepancies.router
2026-05-10 03:44:14,175 - main - INFO - Included router: routers.health.router
2026-05-10 03:44:14,407 - main - INFO - Included router: routers.movements.router
2026-05-10 03:44:14,442 - main - INFO - Included router: routers.settings.router
2026-05-10 03:44:14,517 - main - INFO - Included router: routers.shifts.router
2026-05-10 03:44:14,561 - main - INFO - Included router: routers.storage.router
2026-05-10 03:44:14,575 - main - INFO - Included router: routers.user.router
2026-05-10 03:44:14,630 - main - INFO - Included router: routers.user_profiles.router
2026-05-10 03:44:14,683 - main - INFO - Included router: routers.vlts.router
2026-05-10 03:44:14,686 - main - INFO - === Application startup initiated ===
2026-05-10 03:44:14,687 - services.database - INFO - Ignore creating tables
2026-05-10 03:44:14,687 - services.mock_data - INFO - Ignore initialize data
2026-05-10 03:44:14,687 - services.auth - INFO - Ignore initialize admin
2026-05-10 03:44:14,687 - main - INFO - === Application startup completed successfully ===
2026-05-10 03:44:19,067 - dependencies.auth - DEBUG - Authentication required for request GET /api/v1/auth/me
2026-05-10 03:44:21,915 - core.database - DEBUG - [DB_OP] Starting get_db session creation
2026-05-10 03:44:21,916 - core.database - WARNING - Database session maker not available, attempting lazy initialization...
2026-05-10 03:44:21,916 - core.database - WARNING - Database not initialized, attempting lazy initialization...
2026-05-10 03:44:21,916 - core.database - INFO - Starting database initialization...
2026-05-10 03:44:21,916 - core.config - DEBUG - Read dynamic attribute database_url from environment variable DATABASE_URL
2026-05-10 03:44:21,916 - core.database - INFO - Normalizing database URL for async compatibility...
2026-05-10 03:44:21,917 - core.database - INFO - Creating async database engine...
2026-05-10 03:44:21,918 - core.database - INFO - Using QueuePool with connection pooling for non-Lambda environment
2026-05-10 03:44:21,992 - core.database - INFO - Database engine created successfully
2026-05-10 03:44:21,992 - core.database - INFO - Creating async session maker...
2026-05-10 03:44:21,993 - core.database - INFO - Async session maker created successfully
2026-05-10 03:44:21,994 - core.database - INFO - Database connection initialized successfully
2026-05-10 03:44:21,994 - core.database - DEBUG - [DB_OP] Starting create_tables
2026-05-10 03:44:21,994 - core.database - INFO - 🔧 Starting table creation...
2026-05-10 03:44:23,819 - core.database - INFO - Tables initialized successfully
2026-05-10 03:44:23,821 - core.database - DEBUG - [DB_OP] Create tables completed in 1.8277s
2026-05-10 03:44:23,887 - core.database - INFO - Lazy database initialization completed successfully
2026-05-10 03:44:23,894 - core.database - DEBUG - [DB_OP] Database session created successfully in 1.9791s
2026-05-10 03:44:24,562 - routers.auth - DEBUG - [get_dynamic_backend_url] mgx-external-domain=None, x-forwarded-host=p34jr-abb370935ea34647ae1e0e3402d49c13-preview.app.atoms.dev, host=localhost, scheme=https, dynamic_url=https://p34jr-abb370935ea34647ae1e0e3402d49c13-preview.app.atoms.dev
2026-05-10 03:44:24,562 - routers.auth - INFO - [login] Starting OIDC flow with redirect_uri=https://p34jr-abb370935ea34647ae1e0e3402d49c13-preview.app.atoms.dev/api/v1/auth/callback
2026-05-10 03:44:24,564 - core.config - DEBUG - Read dynamic attribute oidc_client_id from environment variable OIDC_CLIENT_ID
2026-05-10 03:44:24,564 - core.config - DEBUG - Read dynamic attribute oidc_scope from environment variable OIDC_SCOPE
2026-05-10 03:44:24,564 - core.config - DEBUG - Read dynamic attribute oidc_issuer_url from environment variable OIDC_ISSUER_URL
2026-05-10 03:44:24,564 - core.database - DEBUG - [DB_OP] Database session cleanup after 2.6492s
2026-05-10 03:44:29,546 - core.database - DEBUG - [DB_OP] Starting get_db session creation
2026-05-10 03:44:29,546 - core.database - DEBUG - [DB_OP] Database session created successfully in 0.0004s
2026-05-10 03:44:29,547 - routers.auth - DEBUG - [get_dynamic_backend_url] mgx-external-domain=None, x-forwarded-host=p34jr-abb370935ea34647ae1e0e3402d49c13-preview.app.atoms.dev, host=localhost, scheme=https, dynamic_url=https://p34jr-abb370935ea34647ae1e0e3402d49c13-preview.app.atoms.dev
2026-05-10 03:44:30,208 - routers.auth - INFO - [callback] Exchanging code for tokens with redirect_uri=https://p34jr-abb370935ea34647ae1e0e3402d49c13-preview.app.atoms.dev/api/v1/auth/callback
2026-05-10 03:44:30,209 - core.config - DEBUG - Read dynamic attribute oidc_client_secret from environment variable OIDC_CLIENT_SECRET
2026-05-10 03:44:30,498 - httpcore.connection - DEBUG - connect_tcp.started host='auth.atoms.dev' port=443 local_address=None timeout=5.0 socket_options=None
2026-05-10 03:44:30,563 - httpcore.connection - DEBUG - connect_tcp.complete return_value=<httpcore._backends.anyio.AnyIOStream object at 0x7f3ed44ec490>
2026-05-10 03:44:30,564 - httpcore.connection - DEBUG - start_tls.started ssl_context=<ssl.SSLContext object at 0x7f3ed477a2c0> server_hostname='auth.atoms.dev' timeout=5.0
2026-05-10 03:44:30,574 - httpcore.connection - DEBUG - start_tls.complete return_value=<httpcore._backends.anyio.AnyIOStream object at 0x7f3ed44ec1f0>
2026-05-10 03:44:30,575 - httpcore.http11 - DEBUG - send_request_headers.started request=<Request [b'POST']>
2026-05-10 03:44:30,575 - httpcore.http11 - DEBUG - send_request_headers.complete
2026-05-10 03:44:30,576 - httpcore.http11 - DEBUG - send_request_body.started request=<Request [b'POST']>
2026-05-10 03:44:30,576 - httpcore.http11 - DEBUG - send_request_body.complete
2026-05-10 03:44:30,576 - httpcore.http11 - DEBUG - receive_response_headers.started request=<Request [b'POST']>
2026-05-10 03:44:30,661 - httpcore.http11 - DEBUG - receive_response_headers.complete return_value=(b'HTTP/1.1', 200, b'OK', [(b'Date', b'Sun, 10 May 2026 10:44:30 GMT'), (b'Content-Type', b'application/json'), (b'Transfer-Encoding', b'chunked'), (b'Connection', b'keep-alive'), (b'x-response-time', b'0.059s'), (b'x-request-id', b'imA7njdPLcybYzjdO-gQBEUTWKrbjHcQIk4YsTrqess'), (b'cf-cache-status', b'DYNAMIC'), (b'Content-Encoding', b'gzip'), (b'Server', b'cloudflare'), (b'CF-RAY', b'9f98595889ee16df-LAX')])
2026-05-10 03:44:30,662 - httpx - INFO - HTTP Request: POST https://auth.atoms.dev/api/v1/oidc/token "HTTP/1.1 200 OK"
2026-05-10 03:44:30,662 - httpcore.http11 - DEBUG - receive_response_body.started request=<Request [b'POST']>
2026-05-10 03:44:30,663 - httpcore.http11 - DEBUG - receive_response_body.complete
2026-05-10 03:44:30,663 - httpcore.http11 - DEBUG - response_closed.started
2026-05-10 03:44:30,663 - httpcore.http11 - DEBUG - response_closed.complete
2026-05-10 03:44:30,663 - httpcore.connection - DEBUG - close.started
2026-05-10 03:44:30,664 - httpcore.connection - DEBUG - close.complete
2026-05-10 03:44:30,693 - core.auth - INFO - Fetching JWKS from: https://auth.atoms.dev/api/v1/oidc/.well-known/jwks.json
2026-05-10 03:44:30,694 - httpcore.connection - DEBUG - connect_tcp.started host='auth.atoms.dev' port=443 local_address=None timeout=60.0 socket_options=None
2026-05-10 03:44:30,708 - httpcore.connection - DEBUG - connect_tcp.complete return_value=<httpcore._backends.anyio.AnyIOStream object at 0x7f3ed44ede70>
2026-05-10 03:44:30,708 - httpcore.connection - DEBUG - start_tls.started ssl_context=<ssl.SSLContext object at 0x7f3ed4ff7140> server_hostname='auth.atoms.dev' timeout=60.0
2026-05-10 03:44:30,717 - httpcore.connection - DEBUG - start_tls.complete return_value=<httpcore._backends.anyio.AnyIOStream object at 0x7f3ed44edc00>
2026-05-10 03:44:30,718 - httpcore.http11 - DEBUG - send_request_headers.started request=<Request [b'GET']>
2026-05-10 03:44:30,718 - httpcore.http11 - DEBUG - send_request_headers.complete
2026-05-10 03:44:30,718 - httpcore.http11 - DEBUG - send_request_body.started request=<Request [b'GET']>
2026-05-10 03:44:30,719 - httpcore.http11 - DEBUG - send_request_body.complete
2026-05-10 03:44:30,719 - httpcore.http11 - DEBUG - receive_response_headers.started request=<Request [b'GET']>
2026-05-10 03:44:30,745 - httpcore.http11 - DEBUG - receive_response_headers.complete return_value=(b'HTTP/1.1', 200, b'OK', [(b'Date', b'Sun, 10 May 2026 10:44:30 GMT'), (b'Content-Type', b'application/json'), (b'Transfer-Encoding', b'chunked'), (b'Connection', b'keep-alive'), (b'cache-control', b'public, max-age=3600'), (b'x-response-time', b'0.001s'), (b'x-request-id', b'b29760fa71b6336a2c2ff12b1f0416a3'), (b'cf-cache-status', b'DYNAMIC'), (b'Content-Encoding', b'gzip'), (b'Server', b'cloudflare'), (b'CF-RAY', b'9f9859596afb69cd-LAX')])
2026-05-10 03:44:30,746 - httpx - INFO - HTTP Request: GET https://auth.atoms.dev/api/v1/oidc/.well-known/jwks.json "HTTP/1.1 200 OK"
2026-05-10 03:44:30,747 - httpcore.http11 - DEBUG - receive_response_body.started request=<Request [b'GET']>
2026-05-10 03:44:30,747 - httpcore.http11 - DEBUG - receive_response_body.complete
2026-05-10 03:44:30,748 - httpcore.http11 - DEBUG - response_closed.started
2026-05-10 03:44:30,748 - httpcore.http11 - DEBUG - response_closed.complete
2026-05-10 03:44:30,749 - core.auth - INFO - Successfully fetched JWKS with 1 keys
2026-05-10 03:44:30,751 - httpcore.connection - DEBUG - close.started
2026-05-10 03:44:30,751 - httpcore.connection - DEBUG - close.complete
2026-05-10 03:44:30,774 - core.auth - INFO - ID token successfully validated for user hash: 6368b9a2
2026-05-10 03:44:30,774 - services.auth - DEBUG - [DB_OP] Starting get_or_create_user - platform_sub: 395057
2026-05-10 03:44:31,170 - services.auth - DEBUG - [DB_OP] User lookup completed in 0.3959s - found: True
2026-05-10 03:44:31,173 - services.auth - DEBUG - [DB_OP] Starting user commit/refresh
2026-05-10 03:44:31,698 - services.auth - DEBUG - [DB_OP] User commit/refresh completed in 0.5256s
2026-05-10 03:44:31,699 - core.config - DEBUG - Read dynamic attribute jwt_expire_minutes from environment variable JWT_EXPIRE_MINUTES
2026-05-10 03:44:31,699 - core.config - DEBUG - Read dynamic attribute jwt_secret_key from environment variable JWT_SECRET_KEY
2026-05-10 03:44:31,699 - core.config - DEBUG - Read dynamic attribute jwt_algorithm from environment variable JWT_ALGORITHM
2026-05-10 03:44:31,699 - core.auth - DEBUG - Authentication token created for user hash: 6368b9a2
2026-05-10 03:44:31,700 - routers.auth - INFO - [callback] OIDC callback successful, redirecting to https://p34jr-abb370935ea34647ae1e0e3402d49c13-preview.app.atoms.dev/auth/callback?token=eyJhbGciOiJIUzI1NiIsInR5cCI6IkpXVCJ9.eyJzdWIiOiIzOTUwNTciLCJlbWFpbCI6Im5hdGFsZS5wYW9sb0BnbWFpbC5jb20iLCJyb2xlIjoiYWRtaW4iLCJuYW1lIjoibmF0YWxlLnBhb2xvIiwibGFzdF9sb2dpbiI6IjIwMjYtMDUtMTBUMTA6NDQ6MzEuMTczMDU3KzAwOjAwIiwiZXhwIjoxNzgxMDAxODcxLCJpYXQiOjE3Nzg0MDk4NzEsIm5iZiI6MTc3ODQwOTg3MX0.uqJsd9Pd05Ucgd_UtysF4S6GSBYFXW3S-6pM-o2RLiI&expires_at=1781001871&token_type=Bearer
2026-05-10 03:44:31,700 - core.database - DEBUG - [DB_OP] Database session cleanup after 2.1540s
2026-05-10 03:44:34,641 - core.auth - DEBUG - Authentication token validated for user hash: 6368b9a2
2026-05-10 03:44:34,842 - core.auth - DEBUG - Authentication token validated for user hash: 6368b9a2
2026-05-10 03:44:34,842 - core.database - DEBUG - [DB_OP] Starting get_db session creation
2026-05-10 03:44:34,843 - core.database - DEBUG - [DB_OP] Database session created successfully in 0.0003s
2026-05-10 03:44:35,370 - services.cash_ops_service - INFO - Upgraded existing user natale.paolo@gmail.com (395057) to admin role
2026-05-10 03:44:35,438 - core.database - DEBUG - [DB_OP] Database session cleanup after 0.5952s
2026-05-10 03:44:35,625 - core.auth - DEBUG - Authentication token validated for user hash: 6368b9a2
2026-05-10 03:44:35,625 - core.database - DEBUG - [DB_OP] Starting get_db session creation
2026-05-10 03:44:35,625 - core.database - DEBUG - [DB_OP] Database session created successfully in 0.0001s
2026-05-10 03:44:36,624 - core.database - DEBUG - [DB_OP] Database session cleanup after 0.9991s
2026-05-10 03:45:05,645 - core.auth - DEBUG - Authentication token validated for user hash: 6368b9a2
2026-05-10 03:45:05,647 - core.database - DEBUG - [DB_OP] Starting get_db session creation
2026-05-10 03:45:05,648 - core.database - DEBUG - [DB_OP] Database session created successfully in 0.0004s
2026-05-10 03:45:06,372 - core.database - DEBUG - [DB_OP] Database session cleanup after 0.7248s
2026-05-10 03:45:35,632 - core.auth - DEBUG - Authentication token validated for user hash: 6368b9a2
2026-05-10 03:45:35,633 - core.database - DEBUG - [DB_OP] Starting get_db session creation
2026-05-10 03:45:35,633 - core.database - DEBUG - [DB_OP] Database session created successfully in 0.0003s
2026-05-10 03:45:36,356 - core.database - DEBUG - [DB_OP] Database session cleanup after 0.7224s
2026-05-10 03:46:06,545 - core.auth - DEBUG - Authentication token validated for user hash: 6368b9a2
2026-05-10 03:46:06,545 - core.database - DEBUG - [DB_OP] Starting get_db session creation
2026-05-10 03:46:06,545 - core.database - DEBUG - [DB_OP] Database session created successfully in 0.0004s
2026-05-10 03:46:07,271 - core.database - DEBUG - [DB_OP] Database session cleanup after 0.7257s
2026-05-10 03:46:26,518 - core.auth - DEBUG - Authentication token validated for user hash: 6368b9a2
2026-05-10 03:46:26,519 - core.database - DEBUG - [DB_OP] Starting get_db session creation
2026-05-10 03:46:26,519 - core.database - DEBUG - [DB_OP] Database session created successfully in 0.0002s
2026-05-10 03:46:26,978 - core.database - DEBUG - [DB_OP] Database session cleanup after 0.4591s
2026-05-10 03:48:45,109 - services.database - DEBUG - [DB_OP] Starting database close
2026-05-10 03:48:45,182 - core.database - INFO - Database connection closed and engine disposed
2026-05-10 03:48:45,182 - services.database - INFO - Database connections closed
2026-05-10 03:48:45,182 - services.database - DEBUG - [DB_OP] Database close completed in 0.0736s
