2026-05-10 03:51:31,998 - main - INFO - === Logging system initialized ===
2026-05-10 03:51:31,998 - main - INFO - Log file: logs/app_20260510_035131.log
2026-05-10 03:51:31,998 - main - INFO - Log level: INFO
2026-05-10 03:51:31,998 - main - INFO - Timestamp: 20260510_035131
2026-05-10 03:51:33,492 - main - INFO - Included router: routers.aihub.router
2026-05-10 03:51:33,514 - main - INFO - Included router: routers.auth.router
2026-05-10 03:51:33,561 - main - INFO - Included router: routers.betsmarts.router
2026-05-10 03:51:33,659 - main - INFO - Included router: routers.cash_ops.router
2026-05-10 03:51:33,708 - main - INFO - Included router: routers.cashes.router
2026-05-10 03:51:33,767 - main - INFO - Included router: routers.discrepancies.router
2026-05-10 03:51:33,770 - main - INFO - Included router: routers.health.router
2026-05-10 03:51:33,957 - main - INFO - Included router: routers.movements.router
2026-05-10 03:51:33,996 - main - INFO - Included router: routers.settings.router
2026-05-10 03:51:34,055 - main - INFO - Included router: routers.shifts.router
2026-05-10 03:51:34,093 - main - INFO - Included router: routers.storage.router
2026-05-10 03:51:34,105 - main - INFO - Included router: routers.user.router
2026-05-10 03:51:34,153 - main - INFO - Included router: routers.user_profiles.router
2026-05-10 03:51:34,194 - main - INFO - Included router: routers.vlts.router
2026-05-10 03:51:34,195 - main - INFO - === Application startup initiated ===
2026-05-10 03:51:34,196 - services.database - INFO - Ignore creating tables
2026-05-10 03:51:34,196 - services.mock_data - INFO - Ignore initialize data
2026-05-10 03:51:34,196 - services.auth - INFO - Ignore initialize admin
2026-05-10 03:51:34,196 - main - INFO - === Application startup completed successfully ===
2026-05-10 03:51:40,471 - core.config - DEBUG - Read dynamic attribute jwt_secret_key from environment variable JWT_SECRET_KEY
2026-05-10 03:51:40,472 - core.config - DEBUG - Read dynamic attribute jwt_algorithm from environment variable JWT_ALGORITHM
2026-05-10 03:51:40,484 - core.auth - DEBUG - Authentication token validated for user hash: 6368b9a2
2026-05-10 03:51:40,695 - core.auth - DEBUG - Authentication token validated for user hash: 6368b9a2
2026-05-10 03:51:40,696 - core.database - DEBUG - [DB_OP] Starting get_db session creation
2026-05-10 03:51:40,696 - core.database - WARNING - Database session maker not available, attempting lazy initialization...
2026-05-10 03:51:40,696 - core.database - WARNING - Database not initialized, attempting lazy initialization...
2026-05-10 03:51:40,696 - core.database - INFO - Starting database initialization...
2026-05-10 03:51:40,697 - core.config - DEBUG - Read dynamic attribute database_url from environment variable DATABASE_URL
2026-05-10 03:51:40,697 - core.database - INFO - Normalizing database URL for async compatibility...
2026-05-10 03:51:40,698 - core.database - INFO - Creating async database engine...
2026-05-10 03:51:40,698 - core.database - INFO - Using QueuePool with connection pooling for non-Lambda environment
2026-05-10 03:51:40,754 - core.database - INFO - Database engine created successfully
2026-05-10 03:51:40,754 - core.database - INFO - Creating async session maker...
2026-05-10 03:51:40,754 - core.database - INFO - Async session maker created successfully
2026-05-10 03:51:40,754 - core.database - INFO - Database connection initialized successfully
2026-05-10 03:51:40,754 - core.database - DEBUG - [DB_OP] Starting create_tables
2026-05-10 03:51:40,755 - core.database - INFO - 🔧 Starting table creation...
2026-05-10 03:51:42,513 - core.database - INFO - Tables initialized successfully
2026-05-10 03:51:42,514 - core.database - DEBUG - [DB_OP] Create tables completed in 1.7590s
2026-05-10 03:51:42,578 - core.database - INFO - Lazy database initialization completed successfully
2026-05-10 03:51:42,579 - core.database - DEBUG - [DB_OP] Database session created successfully in 1.8829s
2026-05-10 03:51:43,098 - core.database - DEBUG - [DB_OP] Database session cleanup after 2.4023s
2026-05-10 03:51:43,281 - core.auth - DEBUG - Authentication token validated for user hash: 6368b9a2
2026-05-10 03:51:43,282 - core.database - DEBUG - [DB_OP] Starting get_db session creation
2026-05-10 03:51:43,282 - core.database - DEBUG - [DB_OP] Database session created successfully in 0.0002s
2026-05-10 03:51:44,256 - core.database - DEBUG - [DB_OP] Database session cleanup after 0.9746s
2026-05-10 03:51:49,652 - core.auth - DEBUG - Authentication token validated for user hash: 6368b9a2
2026-05-10 03:51:49,652 - core.database - DEBUG - [DB_OP] Starting get_db session creation
2026-05-10 03:51:49,653 - core.database - DEBUG - [DB_OP] Database session created successfully in 0.0002s
2026-05-10 03:51:50,098 - core.database - DEBUG - [DB_OP] Database session cleanup after 0.4458s
2026-05-10 03:52:47,200 - core.auth - DEBUG - Authentication token validated for user hash: 6368b9a2
2026-05-10 03:52:47,201 - core.database - DEBUG - [DB_OP] Starting get_db session creation
2026-05-10 03:52:47,201 - core.database - DEBUG - [DB_OP] Database session created successfully in 0.0002s
2026-05-10 03:52:47,983 - services.cash_ops_service - INFO - Admin 395057 created user profile: paolo.prova with role operator_plus
2026-05-10 03:52:47,984 - core.database - DEBUG - [DB_OP] Database session cleanup after 0.7836s
2026-05-10 03:52:48,183 - core.auth - DEBUG - Authentication token validated for user hash: 6368b9a2
2026-05-10 03:52:48,183 - core.database - DEBUG - [DB_OP] Starting get_db session creation
2026-05-10 03:52:48,183 - core.database - DEBUG - [DB_OP] Database session created successfully in 0.0002s
2026-05-10 03:52:48,566 - core.database - DEBUG - [DB_OP] Database session cleanup after 0.3834s
2026-05-10 03:53:31,937 - core.auth - DEBUG - Authentication token validated for user hash: 6368b9a2
2026-05-10 03:53:31,938 - core.database - DEBUG - [DB_OP] Starting get_db session creation
2026-05-10 03:53:31,938 - core.database - DEBUG - [DB_OP] Database session created successfully in 0.0002s
2026-05-10 03:53:32,516 - services.cash_ops_service - INFO - Admin 395057 created user profile: Bruna with role admin
2026-05-10 03:53:32,518 - core.database - DEBUG - [DB_OP] Database session cleanup after 0.5799s
2026-05-10 03:53:32,859 - core.auth - DEBUG - Authentication token validated for user hash: 6368b9a2
2026-05-10 03:53:32,860 - core.database - DEBUG - [DB_OP] Starting get_db session creation
2026-05-10 03:53:32,860 - core.database - DEBUG - [DB_OP] Database session created successfully in 0.0002s
2026-05-10 03:53:33,241 - core.database - DEBUG - [DB_OP] Database session cleanup after 0.3818s
2026-05-10 03:55:45,121 - core.auth - DEBUG - Authentication token validated for user hash: 6368b9a2
2026-05-10 03:55:45,299 - core.auth - DEBUG - Authentication token validated for user hash: 6368b9a2
2026-05-10 03:55:45,300 - core.database - DEBUG - [DB_OP] Starting get_db session creation
2026-05-10 03:55:45,300 - core.database - DEBUG - [DB_OP] Database session created successfully in 0.0002s
2026-05-10 03:55:45,691 - core.database - DEBUG - [DB_OP] Database session cleanup after 0.3910s
2026-05-10 03:55:45,880 - core.auth - DEBUG - Authentication token validated for user hash: 6368b9a2
2026-05-10 03:55:45,881 - core.database - DEBUG - [DB_OP] Starting get_db session creation
2026-05-10 03:55:45,881 - core.database - DEBUG - [DB_OP] Database session created successfully in 0.0002s
2026-05-10 03:55:46,588 - core.database - DEBUG - [DB_OP] Database session cleanup after 0.7074s
2026-05-10 03:56:08,098 - core.config - DEBUG - Read dynamic attribute frontend_url from environment variable FRONTEND_URL
2026-05-10 03:56:08,098 - core.config - DEBUG - Read dynamic attribute oidc_issuer_url from environment variable OIDC_ISSUER_URL
2026-05-10 03:56:10,025 - dependencies.auth - DEBUG - Authentication required for request GET /api/v1/auth/me
2026-05-10 03:56:11,463 - core.database - DEBUG - [DB_OP] Starting get_db session creation
2026-05-10 03:56:11,464 - core.database - DEBUG - [DB_OP] Database session created successfully in 0.0005s
2026-05-10 03:56:12,045 - routers.auth - DEBUG - [get_dynamic_backend_url] mgx-external-domain=None, x-forwarded-host=p34jr-abb370935ea34647ae1e0e3402d49c13-preview.app.atoms.dev, host=localhost, scheme=https, dynamic_url=https://p34jr-abb370935ea34647ae1e0e3402d49c13-preview.app.atoms.dev
2026-05-10 03:56:12,045 - routers.auth - INFO - [login] Starting OIDC flow with redirect_uri=https://p34jr-abb370935ea34647ae1e0e3402d49c13-preview.app.atoms.dev/api/v1/auth/callback
2026-05-10 03:56:12,045 - core.config - DEBUG - Read dynamic attribute oidc_client_id from environment variable OIDC_CLIENT_ID
2026-05-10 03:56:12,046 - core.config - DEBUG - Read dynamic attribute oidc_scope from environment variable OIDC_SCOPE
2026-05-10 03:56:12,046 - core.database - DEBUG - [DB_OP] Database session cleanup after 0.5830s
2026-05-10 04:13:58,882 - services.database - DEBUG - [DB_OP] Starting database close
2026-05-10 04:13:58,883 - core.database - INFO - Database connection closed and engine disposed
2026-05-10 04:13:58,883 - services.database - INFO - Database connections closed
2026-05-10 04:13:58,883 - services.database - DEBUG - [DB_OP] Database close completed in 0.0012s
