2026-05-10 09:45:09,844 - main - INFO - === Logging system initialized ===
2026-05-10 09:45:09,844 - main - INFO - Log file: logs/app_20260510_094509.log
2026-05-10 09:45:09,845 - main - INFO - Log level: INFO
2026-05-10 09:45:09,845 - main - INFO - Timestamp: 20260510_094509
2026-05-10 09:45:10,857 - main - INFO - Included router: routers.aihub.router
2026-05-10 09:45:10,881 - main - INFO - Included router: routers.auth.router
2026-05-10 09:45:10,928 - main - INFO - Included router: routers.betsmarts.router
2026-05-10 09:45:11,015 - main - INFO - Included router: routers.cash_ops.router
2026-05-10 09:45:11,092 - main - INFO - Included router: routers.cashes.router
2026-05-10 09:45:11,163 - main - INFO - Included router: routers.discrepancies.router
2026-05-10 09:45:11,167 - main - INFO - Included router: routers.health.router
2026-05-10 09:45:11,347 - main - INFO - Included router: routers.movements.router
2026-05-10 09:45:11,392 - main - INFO - Included router: routers.settings.router
2026-05-10 09:45:11,477 - main - INFO - Included router: routers.shifts.router
2026-05-10 09:45:11,520 - main - INFO - Included router: routers.storage.router
2026-05-10 09:45:11,534 - main - INFO - Included router: routers.user.router
2026-05-10 09:45:11,582 - main - INFO - Included router: routers.user_profiles.router
2026-05-10 09:45:11,638 - main - INFO - Included router: routers.vlts.router
2026-05-10 09:45:11,640 - main - INFO - === Application startup initiated ===
2026-05-10 09:45:11,641 - services.database - INFO - Ignore creating tables
2026-05-10 09:45:11,641 - services.mock_data - INFO - Ignore initialize data
2026-05-10 09:45:11,641 - services.auth - INFO - Ignore initialize admin
2026-05-10 09:45:11,641 - main - INFO - === Application startup completed successfully ===
2026-05-10 09:45:15,521 - dependencies.auth - DEBUG - Authentication required for request GET /api/v1/auth/me
2026-05-10 09:45:20,175 - core.database - DEBUG - [DB_OP] Starting get_db session creation
2026-05-10 09:45:20,176 - core.database - WARNING - Database session maker not available, attempting lazy initialization...
2026-05-10 09:45:20,176 - core.database - WARNING - Database not initialized, attempting lazy initialization...
2026-05-10 09:45:20,176 - core.database - INFO - Starting database initialization...
2026-05-10 09:45:20,177 - core.config - DEBUG - Read dynamic attribute database_url from environment variable DATABASE_URL
2026-05-10 09:45:20,177 - core.database - INFO - Normalizing database URL for async compatibility...
2026-05-10 09:45:20,178 - core.database - INFO - Creating async database engine...
2026-05-10 09:45:20,179 - core.database - INFO - Using QueuePool with connection pooling for non-Lambda environment
2026-05-10 09:45:20,248 - core.database - INFO - Database engine created successfully
2026-05-10 09:45:20,249 - core.database - INFO - Creating async session maker...
2026-05-10 09:45:20,249 - core.database - INFO - Async session maker created successfully
2026-05-10 09:45:20,249 - core.database - INFO - Database connection initialized successfully
2026-05-10 09:45:20,249 - core.database - DEBUG - [DB_OP] Starting create_tables
2026-05-10 09:45:20,249 - core.database - INFO - 🔧 Starting table creation...
2026-05-10 09:45:22,039 - core.database - INFO - Tables initialized successfully
2026-05-10 09:45:22,040 - core.database - DEBUG - [DB_OP] Create tables completed in 1.7906s
2026-05-10 09:45:22,105 - core.database - INFO - Lazy database initialization completed successfully
2026-05-10 09:45:22,106 - core.database - DEBUG - [DB_OP] Database session created successfully in 1.9302s
2026-05-10 09:45:22,634 - core.database - ERROR - Database session error: 401: Credenziali non valide
Traceback (most recent call last):
  File "/workspace/app/backend/core/database.py", line 553, in get_db
    yield session
  File "/data/chats/abb370935ea34647ae1e0e3402d49c13/.cache/python/lib/python3.10/site-packages/fastapi/routing.py", line 120, in app
    response = await f(request)
  File "/data/chats/abb370935ea34647ae1e0e3402d49c13/.cache/python/lib/python3.10/site-packages/fastapi/routing.py", line 674, in app
    raw_response = await run_endpoint_function(
  File "/data/chats/abb370935ea34647ae1e0e3402d49c13/.cache/python/lib/python3.10/site-packages/fastapi/routing.py", line 328, in run_endpoint_function
    return await dependant.call(**values)
  File "/workspace/app/backend/routers/auth.py", line 351, in login_password
    raise HTTPException(status_code=401, detail="Credenziali non valide")
fastapi.exceptions.HTTPException: 401: Credenziali non valide
2026-05-10 09:45:22,658 - core.database - DEBUG - [DB_OP] Database session cleanup after 2.4823s
2026-05-10 09:45:22,723 - core.database - ERROR - Failed to create database session: 401: Credenziali non valide
Traceback (most recent call last):
  File "/workspace/app/backend/core/database.py", line 553, in get_db
    yield session
  File "/data/chats/abb370935ea34647ae1e0e3402d49c13/.cache/python/lib/python3.10/site-packages/fastapi/routing.py", line 120, in app
    response = await f(request)
  File "/data/chats/abb370935ea34647ae1e0e3402d49c13/.cache/python/lib/python3.10/site-packages/fastapi/routing.py", line 674, in app
    raw_response = await run_endpoint_function(
  File "/data/chats/abb370935ea34647ae1e0e3402d49c13/.cache/python/lib/python3.10/site-packages/fastapi/routing.py", line 328, in run_endpoint_function
    return await dependant.call(**values)
  File "/workspace/app/backend/routers/auth.py", line 351, in login_password
    raise HTTPException(status_code=401, detail="Credenziali non valide")
fastapi.exceptions.HTTPException: 401: Credenziali non valide
2026-05-10 09:46:51,040 - dependencies.auth - DEBUG - Authentication required for request GET /api/v1/auth/me
2026-05-10 09:47:50,957 - services.database - DEBUG - [DB_OP] Starting database close
2026-05-10 09:47:51,025 - core.database - INFO - Database connection closed and engine disposed
2026-05-10 09:47:51,025 - services.database - INFO - Database connections closed
2026-05-10 09:47:51,025 - services.database - DEBUG - [DB_OP] Database close completed in 0.0682s
