2026-05-10 03:48:51,269 - main - INFO - === Logging system initialized ===
2026-05-10 03:48:51,269 - main - INFO - Log file: logs/app_20260510_034851.log
2026-05-10 03:48:51,270 - main - INFO - Log level: INFO
2026-05-10 03:48:51,270 - main - INFO - Timestamp: 20260510_034851
2026-05-10 03:48:52,426 - main - INFO - Included router: routers.aihub.router
2026-05-10 03:48:52,491 - main - INFO - Included router: routers.auth.router
2026-05-10 03:48:52,540 - main - INFO - Included router: routers.betsmarts.router
2026-05-10 03:48:52,628 - main - INFO - Included router: routers.cash_ops.router
2026-05-10 03:48:52,672 - main - INFO - Included router: routers.cashes.router
2026-05-10 03:48:52,724 - main - INFO - Included router: routers.discrepancies.router
2026-05-10 03:48:52,727 - main - INFO - Included router: routers.health.router
2026-05-10 03:48:52,873 - main - INFO - Included router: routers.movements.router
2026-05-10 03:48:52,897 - main - INFO - Included router: routers.settings.router
2026-05-10 03:48:52,960 - main - INFO - Included router: routers.shifts.router
2026-05-10 03:48:53,004 - main - INFO - Included router: routers.storage.router
2026-05-10 03:48:53,015 - main - INFO - Included router: routers.user.router
2026-05-10 03:48:53,062 - main - INFO - Included router: routers.user_profiles.router
2026-05-10 03:48:53,104 - main - INFO - Included router: routers.vlts.router
2026-05-10 03:48:53,108 - main - INFO - === Application startup initiated ===
2026-05-10 03:48:53,108 - services.database - INFO - Ignore creating tables
2026-05-10 03:48:53,109 - services.mock_data - INFO - Ignore initialize data
2026-05-10 03:48:53,109 - services.auth - INFO - Ignore initialize admin
2026-05-10 03:48:53,109 - main - INFO - === Application startup completed successfully ===
2026-05-10 03:48:53,210 - services.database - DEBUG - [DB_OP] Starting database close
2026-05-10 03:48:53,210 - services.database - INFO - Database connections closed
2026-05-10 03:48:53,210 - services.database - DEBUG - [DB_OP] Database close completed in 0.0004s
