2026-05-11 05:07:39,458 - main - INFO - === Logging system initialized ===
2026-05-11 05:07:39,458 - main - INFO - Log file: logs/app_20260511_050739.log
2026-05-11 05:07:39,458 - main - INFO - Log level: INFO
2026-05-11 05:07:39,458 - main - INFO - Timestamp: 20260511_050739
2026-05-11 05:07:40,585 - main - INFO - Included router: routers.aihub.router
2026-05-11 05:07:40,613 - main - INFO - Included router: routers.auth.router
2026-05-11 05:07:40,658 - main - INFO - Included router: routers.betsmarts.router
2026-05-11 05:07:40,742 - main - INFO - Included router: routers.cash_ops.router
2026-05-11 05:07:40,813 - main - INFO - Included router: routers.cashes.router
2026-05-11 05:07:40,868 - main - INFO - Included router: routers.discrepancies.router
2026-05-11 05:07:40,872 - main - INFO - Included router: routers.health.router
2026-05-11 05:07:41,048 - main - INFO - Included router: routers.movements.router
2026-05-11 05:07:41,053 - main - INFO - Included router: routers.public_auth.router
2026-05-11 05:07:41,075 - main - INFO - Included router: routers.settings.router
2026-05-11 05:07:41,142 - main - INFO - Included router: routers.shifts.router
2026-05-11 05:07:41,183 - main - INFO - Included router: routers.storage.router
2026-05-11 05:07:41,198 - main - INFO - Included router: routers.user.router
2026-05-11 05:07:41,249 - main - INFO - Included router: routers.user_profiles.router
2026-05-11 05:07:41,292 - main - INFO - Included router: routers.vlts.router
2026-05-11 05:07:41,293 - main - INFO - === Application startup initiated ===
2026-05-11 05:07:41,293 - services.database - INFO - Ignore creating tables
2026-05-11 05:07:41,293 - services.mock_data - INFO - Ignore initialize data
2026-05-11 05:07:41,294 - services.auth - INFO - Ignore initialize admin
2026-05-11 05:07:41,294 - main - INFO - === Application startup completed successfully ===
2026-05-11 05:07:41,897 - services.database - DEBUG - [DB_OP] Starting database close
2026-05-11 05:07:41,897 - services.database - INFO - Database connections closed
2026-05-11 05:07:41,898 - services.database - DEBUG - [DB_OP] Database close completed in 0.0010s
