2026-05-10 09:48:25,253 - main - INFO - === Logging system initialized ===
2026-05-10 09:48:25,254 - main - INFO - Log file: logs/app_20260510_094825.log
2026-05-10 09:48:25,254 - main - INFO - Log level: INFO
2026-05-10 09:48:25,254 - main - INFO - Timestamp: 20260510_094825
2026-05-10 09:48:26,292 - main - INFO - Included router: routers.aihub.router
2026-05-10 09:48:26,317 - main - INFO - Included router: routers.auth.router
2026-05-10 09:48:26,363 - main - INFO - Included router: routers.betsmarts.router
2026-05-10 09:48:26,450 - main - INFO - Included router: routers.cash_ops.router
2026-05-10 09:48:26,499 - main - INFO - Included router: routers.cashes.router
2026-05-10 09:48:26,557 - main - INFO - Included router: routers.discrepancies.router
2026-05-10 09:48:26,562 - main - INFO - Included router: routers.health.router
2026-05-10 09:48:26,776 - main - INFO - Included router: routers.movements.router
2026-05-10 09:48:26,796 - main - INFO - Included router: routers.public_auth.router
2026-05-10 09:48:26,819 - main - INFO - Included router: routers.settings.router
2026-05-10 09:48:26,887 - main - INFO - Included router: routers.shifts.router
2026-05-10 09:48:26,932 - main - INFO - Included router: routers.storage.router
2026-05-10 09:48:26,944 - main - INFO - Included router: routers.user.router
2026-05-10 09:48:26,990 - main - INFO - Included router: routers.user_profiles.router
2026-05-10 09:48:27,031 - main - INFO - Included router: routers.vlts.router
2026-05-10 09:48:27,033 - main - INFO - === Application startup initiated ===
2026-05-10 09:48:27,033 - services.database - INFO - Ignore creating tables
2026-05-10 09:48:27,033 - services.mock_data - INFO - Ignore initialize data
2026-05-10 09:48:27,033 - services.auth - INFO - Ignore initialize admin
2026-05-10 09:48:27,033 - main - INFO - === Application startup completed successfully ===
2026-05-10 09:48:27,736 - services.database - DEBUG - [DB_OP] Starting database close
2026-05-10 09:48:27,737 - services.database - INFO - Database connections closed
2026-05-10 09:48:27,737 - services.database - DEBUG - [DB_OP] Database close completed in 0.0006s
