2026-05-10 03:39:13,926 - main - INFO - === Logging system initialized ===
2026-05-10 03:39:13,926 - main - INFO - Log file: logs/app_20260510_033913.log
2026-05-10 03:39:13,926 - main - INFO - Log level: INFO
2026-05-10 03:39:13,927 - main - INFO - Timestamp: 20260510_033913
2026-05-10 03:39:15,137 - main - INFO - Included router: routers.aihub.router
2026-05-10 03:39:15,162 - main - INFO - Included router: routers.auth.router
2026-05-10 03:39:15,217 - main - INFO - Included router: routers.betsmarts.router
2026-05-10 03:39:15,332 - main - INFO - Included router: routers.cash_ops.router
2026-05-10 03:39:15,387 - main - INFO - Included router: routers.cashes.router
2026-05-10 03:39:15,450 - main - INFO - Included router: routers.discrepancies.router
2026-05-10 03:39:15,456 - main - INFO - Included router: routers.health.router
2026-05-10 03:39:15,685 - main - INFO - Included router: routers.movements.router
2026-05-10 03:39:15,723 - main - INFO - Included router: routers.settings.router
2026-05-10 03:39:15,806 - main - INFO - Included router: routers.shifts.router
2026-05-10 03:39:15,855 - main - INFO - Included router: routers.storage.router
2026-05-10 03:39:15,869 - main - INFO - Included router: routers.user.router
2026-05-10 03:39:15,931 - main - INFO - Included router: routers.user_profiles.router
2026-05-10 03:39:15,976 - main - INFO - Included router: routers.vlts.router
2026-05-10 03:39:15,980 - main - INFO - === Application startup initiated ===
2026-05-10 03:39:15,980 - services.database - INFO - Ignore creating tables
2026-05-10 03:39:15,981 - services.mock_data - INFO - Ignore initialize data
2026-05-10 03:39:15,981 - services.auth - INFO - Ignore initialize admin
2026-05-10 03:39:15,981 - main - INFO - === Application startup completed successfully ===
2026-05-10 03:39:19,388 - dependencies.auth - DEBUG - Authentication required for request GET /api/v1/auth/me
2026-05-10 03:39:30,643 - dependencies.auth - DEBUG - Authentication required for request GET /api/v1/auth/me
2026-05-10 03:39:37,140 - core.database - DEBUG - [DB_OP] Starting get_db session creation
2026-05-10 03:39:37,140 - core.database - WARNING - Database session maker not available, attempting lazy initialization...
2026-05-10 03:39:37,140 - core.database - WARNING - Database not initialized, attempting lazy initialization...
2026-05-10 03:39:37,140 - core.database - INFO - Starting database initialization...
2026-05-10 03:39:37,141 - core.config - DEBUG - Read dynamic attribute database_url from environment variable DATABASE_URL
2026-05-10 03:39:37,141 - core.database - INFO - Normalizing database URL for async compatibility...
2026-05-10 03:39:37,142 - core.database - INFO - Creating async database engine...
2026-05-10 03:39:37,142 - core.database - INFO - Using QueuePool with connection pooling for non-Lambda environment
2026-05-10 03:39:37,233 - core.database - INFO - Database engine created successfully
2026-05-10 03:39:37,233 - core.database - INFO - Creating async session maker...
2026-05-10 03:39:37,234 - core.database - INFO - Async session maker created successfully
2026-05-10 03:39:37,234 - core.database - INFO - Database connection initialized successfully
2026-05-10 03:39:37,234 - core.database - DEBUG - [DB_OP] Starting create_tables
2026-05-10 03:39:37,234 - core.database - INFO - 🔧 Starting table creation...
2026-05-10 03:39:38,995 - core.database - INFO - Tables initialized successfully
2026-05-10 03:39:38,995 - core.database - DEBUG - [DB_OP] Create tables completed in 1.7607s
2026-05-10 03:39:39,058 - core.database - INFO - Lazy database initialization completed successfully
2026-05-10 03:39:39,058 - core.database - DEBUG - [DB_OP] Database session created successfully in 1.9187s
2026-05-10 03:39:39,707 - routers.auth - DEBUG - [get_dynamic_backend_url] mgx-external-domain=None, x-forwarded-host=p34jr-abb370935ea34647ae1e0e3402d49c13-preview.app.atoms.dev, host=localhost, scheme=https, dynamic_url=https://p34jr-abb370935ea34647ae1e0e3402d49c13-preview.app.atoms.dev
2026-05-10 03:39:39,707 - routers.auth - INFO - [login] Starting OIDC flow with redirect_uri=https://p34jr-abb370935ea34647ae1e0e3402d49c13-preview.app.atoms.dev/api/v1/auth/callback
2026-05-10 03:39:39,707 - core.config - DEBUG - Read dynamic attribute oidc_client_id from environment variable OIDC_CLIENT_ID
2026-05-10 03:39:39,707 - core.config - DEBUG - Read dynamic attribute oidc_scope from environment variable OIDC_SCOPE
2026-05-10 03:39:39,707 - core.config - DEBUG - Read dynamic attribute oidc_issuer_url from environment variable OIDC_ISSUER_URL
2026-05-10 03:39:39,708 - core.database - DEBUG - [DB_OP] Database session cleanup after 2.5681s
2026-05-10 03:39:46,570 - core.database - DEBUG - [DB_OP] Starting get_db session creation
2026-05-10 03:39:46,571 - core.database - DEBUG - [DB_OP] Database session created successfully in 0.0005s
2026-05-10 03:39:46,574 - routers.auth - DEBUG - [get_dynamic_backend_url] mgx-external-domain=None, x-forwarded-host=p34jr-abb370935ea34647ae1e0e3402d49c13-preview.app.atoms.dev, host=localhost, scheme=https, dynamic_url=https://p34jr-abb370935ea34647ae1e0e3402d49c13-preview.app.atoms.dev
2026-05-10 03:39:47,208 - routers.auth - INFO - [callback] Exchanging code for tokens with redirect_uri=https://p34jr-abb370935ea34647ae1e0e3402d49c13-preview.app.atoms.dev/api/v1/auth/callback
2026-05-10 03:39:47,209 - core.config - DEBUG - Read dynamic attribute oidc_client_secret from environment variable OIDC_CLIENT_SECRET
2026-05-10 03:39:48,728 - httpcore.connection - DEBUG - connect_tcp.started host='auth.atoms.dev' port=443 local_address=None timeout=5.0 socket_options=None
2026-05-10 03:39:48,742 - httpcore.connection - DEBUG - connect_tcp.complete return_value=<httpcore._backends.anyio.AnyIOStream object at 0x7f7a9d044490>
2026-05-10 03:39:48,742 - httpcore.connection - DEBUG - start_tls.started ssl_context=<ssl.SSLContext object at 0x7f7a9cf3f8c0> server_hostname='auth.atoms.dev' timeout=5.0
2026-05-10 03:39:48,752 - httpcore.connection - DEBUG - start_tls.complete return_value=<httpcore._backends.anyio.AnyIOStream object at 0x7f7a9d045c00>
2026-05-10 03:39:48,752 - httpcore.http11 - DEBUG - send_request_headers.started request=<Request [b'POST']>
2026-05-10 03:39:48,753 - httpcore.http11 - DEBUG - send_request_headers.complete
2026-05-10 03:39:48,753 - httpcore.http11 - DEBUG - send_request_body.started request=<Request [b'POST']>
2026-05-10 03:39:48,753 - httpcore.http11 - DEBUG - send_request_body.complete
2026-05-10 03:39:48,754 - httpcore.http11 - DEBUG - receive_response_headers.started request=<Request [b'POST']>
2026-05-10 03:39:48,842 - httpcore.http11 - DEBUG - receive_response_headers.complete return_value=(b'HTTP/1.1', 200, b'OK', [(b'Date', b'Sun, 10 May 2026 10:39:48 GMT'), (b'Content-Type', b'application/json'), (b'Transfer-Encoding', b'chunked'), (b'Connection', b'keep-alive'), (b'x-response-time', b'0.059s'), (b'x-request-id', b'mGCc7DWl2QlJEFTGWQb3UUJMseUHM91DlrKn-_JbHZs'), (b'cf-cache-status', b'DYNAMIC'), (b'Content-Encoding', b'gzip'), (b'Server', b'cloudflare'), (b'CF-RAY', b'9f9852771aed2f3a-LAX')])
2026-05-10 03:39:48,843 - httpx - INFO - HTTP Request: POST https://auth.atoms.dev/api/v1/oidc/token "HTTP/1.1 200 OK"
2026-05-10 03:39:48,844 - httpcore.http11 - DEBUG - receive_response_body.started request=<Request [b'POST']>
2026-05-10 03:39:48,845 - httpcore.http11 - DEBUG - receive_response_body.complete
2026-05-10 03:39:48,845 - httpcore.http11 - DEBUG - response_closed.started
2026-05-10 03:39:48,845 - httpcore.http11 - DEBUG - response_closed.complete
2026-05-10 03:39:48,846 - httpcore.connection - DEBUG - close.started
2026-05-10 03:39:48,846 - httpcore.connection - DEBUG - close.complete
2026-05-10 03:39:48,878 - core.auth - INFO - Fetching JWKS from: https://auth.atoms.dev/api/v1/oidc/.well-known/jwks.json
2026-05-10 03:39:48,879 - httpcore.connection - DEBUG - connect_tcp.started host='auth.atoms.dev' port=443 local_address=None timeout=60.0 socket_options=None
2026-05-10 03:39:48,892 - httpcore.connection - DEBUG - connect_tcp.complete return_value=<httpcore._backends.anyio.AnyIOStream object at 0x7f7a9ce27f40>
2026-05-10 03:39:48,892 - httpcore.connection - DEBUG - start_tls.started ssl_context=<ssl.SSLContext object at 0x7f7a9d0af440> server_hostname='auth.atoms.dev' timeout=60.0
2026-05-10 03:39:48,901 - httpcore.connection - DEBUG - start_tls.complete return_value=<httpcore._backends.anyio.AnyIOStream object at 0x7f7a9d044f40>
2026-05-10 03:39:48,901 - httpcore.http11 - DEBUG - send_request_headers.started request=<Request [b'GET']>
2026-05-10 03:39:48,902 - httpcore.http11 - DEBUG - send_request_headers.complete
2026-05-10 03:39:48,902 - httpcore.http11 - DEBUG - send_request_body.started request=<Request [b'GET']>
2026-05-10 03:39:48,903 - httpcore.http11 - DEBUG - send_request_body.complete
2026-05-10 03:39:48,903 - httpcore.http11 - DEBUG - receive_response_headers.started request=<Request [b'GET']>
2026-05-10 03:39:48,926 - httpcore.http11 - DEBUG - receive_response_headers.complete return_value=(b'HTTP/1.1', 200, b'OK', [(b'Date', b'Sun, 10 May 2026 10:39:48 GMT'), (b'Content-Type', b'application/json'), (b'Transfer-Encoding', b'chunked'), (b'Connection', b'keep-alive'), (b'cache-control', b'public, max-age=3600'), (b'x-response-time', b'0.001s'), (b'x-request-id', b'bfe946387a1aa8a181b92a8f078df965'), (b'cf-cache-status', b'DYNAMIC'), (b'Content-Encoding', b'gzip'), (b'Server', b'cloudflare'), (b'CF-RAY', b'9f9852780a8c2b5c-LAX')])
2026-05-10 03:39:48,927 - httpx - INFO - HTTP Request: GET https://auth.atoms.dev/api/v1/oidc/.well-known/jwks.json "HTTP/1.1 200 OK"
2026-05-10 03:39:48,927 - httpcore.http11 - DEBUG - receive_response_body.started request=<Request [b'GET']>
2026-05-10 03:39:48,928 - httpcore.http11 - DEBUG - receive_response_body.complete
2026-05-10 03:39:48,928 - httpcore.http11 - DEBUG - response_closed.started
2026-05-10 03:39:48,929 - httpcore.http11 - DEBUG - response_closed.complete
2026-05-10 03:39:48,929 - core.auth - INFO - Successfully fetched JWKS with 1 keys
2026-05-10 03:39:48,929 - httpcore.connection - DEBUG - close.started
2026-05-10 03:39:48,929 - httpcore.connection - DEBUG - close.complete
2026-05-10 03:39:49,015 - core.auth - INFO - ID token successfully validated for user hash: 6368b9a2
2026-05-10 03:39:49,015 - services.auth - DEBUG - [DB_OP] Starting get_or_create_user - platform_sub: 395057
2026-05-10 03:39:49,395 - services.auth - DEBUG - [DB_OP] User lookup completed in 0.3799s - found: True
2026-05-10 03:39:49,396 - services.auth - DEBUG - [DB_OP] Starting user commit/refresh
2026-05-10 03:39:49,906 - services.auth - DEBUG - [DB_OP] User commit/refresh completed in 0.5104s
2026-05-10 03:39:49,907 - core.config - DEBUG - Read dynamic attribute jwt_expire_minutes from environment variable JWT_EXPIRE_MINUTES
2026-05-10 03:39:49,907 - core.config - DEBUG - Read dynamic attribute jwt_secret_key from environment variable JWT_SECRET_KEY
2026-05-10 03:39:49,907 - core.config - DEBUG - Read dynamic attribute jwt_algorithm from environment variable JWT_ALGORITHM
2026-05-10 03:39:49,908 - core.auth - DEBUG - Authentication token created for user hash: 6368b9a2
2026-05-10 03:39:49,908 - routers.auth - INFO - [callback] OIDC callback successful, redirecting to https://p34jr-abb370935ea34647ae1e0e3402d49c13-preview.app.atoms.dev/auth/callback?token=eyJhbGciOiJIUzI1NiIsInR5cCI6IkpXVCJ9.eyJzdWIiOiIzOTUwNTciLCJlbWFpbCI6Im5hdGFsZS5wYW9sb0BnbWFpbC5jb20iLCJyb2xlIjoiYWRtaW4iLCJuYW1lIjoibmF0YWxlLnBhb2xvIiwibGFzdF9sb2dpbiI6IjIwMjYtMDUtMTBUMTA6Mzk6NDkuMzk2MjAxKzAwOjAwIiwiZXhwIjoxNzgxMDAxNTg5LCJpYXQiOjE3Nzg0MDk1ODksIm5iZiI6MTc3ODQwOTU4OX0.epp6l2z5Q4PJRVdzvW6IOeXVEXGslbdIhmUm02M8mdY&expires_at=1781001589&token_type=Bearer
2026-05-10 03:39:49,908 - core.database - DEBUG - [DB_OP] Database session cleanup after 3.3379s
2026-05-10 03:39:52,544 - core.auth - DEBUG - Authentication token validated for user hash: 6368b9a2
2026-05-10 03:39:52,784 - core.auth - DEBUG - Authentication token validated for user hash: 6368b9a2
2026-05-10 03:39:52,785 - core.database - DEBUG - [DB_OP] Starting get_db session creation
2026-05-10 03:39:52,785 - core.database - DEBUG - [DB_OP] Database session created successfully in 0.0002s
2026-05-10 03:39:53,360 - core.database - DEBUG - [DB_OP] Database session cleanup after 0.5754s
2026-05-10 03:39:53,544 - core.auth - DEBUG - Authentication token validated for user hash: 6368b9a2
2026-05-10 03:39:53,544 - core.database - DEBUG - [DB_OP] Starting get_db session creation
2026-05-10 03:39:53,545 - core.database - DEBUG - [DB_OP] Database session created successfully in 0.0003s
2026-05-10 03:39:53,547 - core.auth - DEBUG - Authentication token validated for user hash: 6368b9a2
2026-05-10 03:39:53,548 - core.database - DEBUG - [DB_OP] Starting get_db session creation
2026-05-10 03:39:53,548 - core.database - DEBUG - [DB_OP] Database session created successfully in 0.0004s
2026-05-10 03:39:53,925 - core.database - DEBUG - [DB_OP] Database session cleanup after 0.3808s
2026-05-10 03:39:54,157 - core.database - DEBUG - [DB_OP] Database session cleanup after 0.6097s
2026-05-10 03:40:04,880 - core.auth - DEBUG - Authentication token validated for user hash: 6368b9a2
2026-05-10 03:40:04,880 - core.database - DEBUG - [DB_OP] Starting get_db session creation
2026-05-10 03:40:04,880 - core.database - DEBUG - [DB_OP] Database session created successfully in 0.0002s
2026-05-10 03:40:05,457 - core.database - DEBUG - [DB_OP] Database session cleanup after 0.5763s
2026-05-10 03:40:06,233 - core.auth - DEBUG - Authentication token validated for user hash: 6368b9a2
2026-05-10 03:40:06,234 - core.database - DEBUG - [DB_OP] Starting get_db session creation
2026-05-10 03:40:06,234 - core.database - DEBUG - [DB_OP] Database session created successfully in 0.0002s
2026-05-10 03:40:06,236 - core.auth - DEBUG - Authentication token validated for user hash: 6368b9a2
2026-05-10 03:40:06,236 - core.database - DEBUG - [DB_OP] Starting get_db session creation
2026-05-10 03:40:06,237 - core.database - DEBUG - [DB_OP] Database session created successfully in 0.0002s
2026-05-10 03:40:06,238 - core.auth - DEBUG - Authentication token validated for user hash: 6368b9a2
2026-05-10 03:40:06,238 - core.database - DEBUG - [DB_OP] Starting get_db session creation
2026-05-10 03:40:06,238 - core.database - DEBUG - [DB_OP] Database session created successfully in 0.0001s
2026-05-10 03:40:06,615 - core.database - DEBUG - [DB_OP] Database session cleanup after 0.3790s
2026-05-10 03:40:06,680 - core.database - DEBUG - [DB_OP] Database session cleanup after 0.4462s
2026-05-10 03:40:06,859 - core.database - DEBUG - [DB_OP] Database session cleanup after 0.6205s
2026-05-10 03:40:10,335 - core.auth - DEBUG - Authentication token validated for user hash: 6368b9a2
2026-05-10 03:40:10,336 - core.database - DEBUG - [DB_OP] Starting get_db session creation
2026-05-10 03:40:10,337 - core.database - DEBUG - [DB_OP] Database session created successfully in 0.0006s
2026-05-10 03:40:10,339 - core.auth - DEBUG - Authentication token validated for user hash: 6368b9a2
2026-05-10 03:40:10,339 - core.database - DEBUG - [DB_OP] Starting get_db session creation
2026-05-10 03:40:10,339 - core.database - DEBUG - [DB_OP] Database session created successfully in 0.0001s
2026-05-10 03:40:10,654 - core.database - DEBUG - [DB_OP] Database session cleanup after 0.3181s
2026-05-10 03:40:10,717 - core.database - DEBUG - [DB_OP] Database session cleanup after 0.3777s
2026-05-10 03:40:17,631 - core.config - DEBUG - Read dynamic attribute frontend_url from environment variable FRONTEND_URL
2026-05-10 03:40:19,035 - dependencies.auth - DEBUG - Authentication required for request GET /api/v1/auth/me
2026-05-10 03:40:21,972 - core.database - DEBUG - [DB_OP] Starting get_db session creation
2026-05-10 03:40:21,973 - core.database - DEBUG - [DB_OP] Database session created successfully in 0.0005s
2026-05-10 03:40:22,620 - routers.auth - DEBUG - [get_dynamic_backend_url] mgx-external-domain=None, x-forwarded-host=p34jr-abb370935ea34647ae1e0e3402d49c13-preview.app.atoms.dev, host=localhost, scheme=https, dynamic_url=https://p34jr-abb370935ea34647ae1e0e3402d49c13-preview.app.atoms.dev
2026-05-10 03:40:22,620 - routers.auth - INFO - [login] Starting OIDC flow with redirect_uri=https://p34jr-abb370935ea34647ae1e0e3402d49c13-preview.app.atoms.dev/api/v1/auth/callback
2026-05-10 03:40:22,621 - core.database - DEBUG - [DB_OP] Database session cleanup after 0.6485s
2026-05-10 03:42:23,462 - services.database - DEBUG - [DB_OP] Starting database close
2026-05-10 03:42:23,663 - core.database - INFO - Database connection closed and engine disposed
2026-05-10 03:42:23,663 - services.database - INFO - Database connections closed
2026-05-10 03:42:23,663 - services.database - DEBUG - [DB_OP] Database close completed in 0.2014s
