2026-05-10 02:30:02,617 - main - INFO - === Logging system initialized ===
2026-05-10 02:30:02,618 - main - INFO - Log file: logs/app_20260510_023002.log
2026-05-10 02:30:02,618 - main - INFO - Log level: INFO
2026-05-10 02:30:02,618 - main - INFO - Timestamp: 20260510_023002
2026-05-10 02:30:03,612 - main - INFO - Included router: routers.aihub.router
2026-05-10 02:30:03,635 - main - INFO - Included router: routers.auth.router
2026-05-10 02:30:03,683 - main - INFO - Included router: routers.betsmarts.router
2026-05-10 02:30:03,763 - main - INFO - Included router: routers.cash_ops.router
2026-05-10 02:30:03,808 - main - INFO - Included router: routers.cashes.router
2026-05-10 02:30:03,861 - main - INFO - Included router: routers.discrepancies.router
2026-05-10 02:30:03,863 - main - INFO - Included router: routers.health.router
2026-05-10 02:30:04,026 - main - INFO - Included router: routers.movements.router
2026-05-10 02:30:04,070 - main - INFO - Included router: routers.settings.router
2026-05-10 02:30:04,155 - main - INFO - Included router: routers.shifts.router
2026-05-10 02:30:04,193 - main - INFO - Included router: routers.storage.router
2026-05-10 02:30:04,206 - main - INFO - Included router: routers.user.router
2026-05-10 02:30:04,263 - main - INFO - Included router: routers.user_profiles.router
2026-05-10 02:30:04,311 - main - INFO - Included router: routers.vlts.router
2026-05-10 02:30:04,314 - main - INFO - === Application startup initiated ===
2026-05-10 02:30:04,314 - services.database - INFO - Ignore creating tables
2026-05-10 02:30:04,314 - services.mock_data - INFO - Ignore initialize data
2026-05-10 02:30:04,314 - services.auth - INFO - Ignore initialize admin
2026-05-10 02:30:04,314 - main - INFO - === Application startup completed successfully ===
2026-05-10 02:30:10,831 - services.database - DEBUG - [DB_OP] Starting database close
2026-05-10 02:30:10,831 - services.database - INFO - Database connections closed
2026-05-10 02:30:10,832 - services.database - DEBUG - [DB_OP] Database close completed in 0.0004s
