2026-05-10 03:24:28,256 - main - INFO - === Logging system initialized ===
2026-05-10 03:24:28,256 - main - INFO - Log file: logs/app_20260510_032428.log
2026-05-10 03:24:28,256 - main - INFO - Log level: INFO
2026-05-10 03:24:28,256 - main - INFO - Timestamp: 20260510_032428
2026-05-10 03:24:35,708 - main - INFO - Included router: routers.aihub.router
2026-05-10 03:24:35,862 - main - INFO - Included router: routers.auth.router
2026-05-10 03:24:35,957 - main - INFO - Included router: routers.betsmarts.router
2026-05-10 03:24:36,218 - main - INFO - Included router: routers.cash_ops.router
2026-05-10 03:24:36,333 - main - INFO - Included router: routers.cashes.router
2026-05-10 03:24:36,474 - main - INFO - Included router: routers.discrepancies.router
2026-05-10 03:24:36,567 - main - INFO - Included router: routers.health.router
2026-05-10 03:24:36,679 - main - INFO - Included router: routers.movements.router
2026-05-10 03:24:36,728 - main - INFO - Included router: routers.settings.router
2026-05-10 03:24:36,849 - main - INFO - Included router: routers.shifts.router
2026-05-10 03:24:36,958 - main - INFO - Included router: routers.storage.router
2026-05-10 03:24:37,025 - main - INFO - Included router: routers.user.router
2026-05-10 03:24:37,204 - main - INFO - Included router: routers.user_profiles.router
2026-05-10 03:24:37,315 - main - INFO - Included router: routers.vlts.router
2026-05-10 03:24:37,317 - main - INFO - === Application startup initiated ===
2026-05-10 03:24:37,318 - services.database - INFO - Ignore creating tables
2026-05-10 03:24:37,319 - services.mock_data - INFO - Ignore initialize data
2026-05-10 03:24:37,319 - services.auth - INFO - Ignore initialize admin
2026-05-10 03:24:37,319 - main - INFO - === Application startup completed successfully ===
2026-05-10 03:24:43,054 - dependencies.auth - DEBUG - Authentication required for request GET /api/v1/auth/me
2026-05-10 03:26:13,841 - services.database - DEBUG - [DB_OP] Starting database close
2026-05-10 03:26:13,841 - services.database - INFO - Database connections closed
2026-05-10 03:26:13,842 - services.database - DEBUG - [DB_OP] Database close completed in 0.0004s
