2026-05-11 05:40:11,267 - main - INFO - === Logging system initialized ===
2026-05-11 05:40:11,267 - main - INFO - Log file: logs/app_20260511_054011.log
2026-05-11 05:40:11,267 - main - INFO - Log level: INFO
2026-05-11 05:40:11,267 - main - INFO - Timestamp: 20260511_054011
2026-05-11 05:40:12,939 - main - INFO - Included router: routers.aihub.router
2026-05-11 05:40:12,982 - main - INFO - Included router: routers.auth.router
2026-05-11 05:40:13,041 - main - INFO - Included router: routers.betsmarts.router
2026-05-11 05:40:13,162 - main - INFO - Included router: routers.cash_ops.router
2026-05-11 05:40:13,226 - main - INFO - Included router: routers.cashes.router
2026-05-11 05:40:13,297 - main - INFO - Included router: routers.discrepancies.router
2026-05-11 05:40:13,304 - main - INFO - Included router: routers.health.router
2026-05-11 05:40:13,502 - main - INFO - Included router: routers.movements.router
2026-05-11 05:40:13,530 - main - INFO - Included router: routers.public_auth.router
2026-05-11 05:40:13,553 - main - INFO - Included router: routers.settings.router
2026-05-11 05:40:13,636 - main - INFO - Included router: routers.shifts.router
2026-05-11 05:40:13,682 - main - INFO - Included router: routers.storage.router
2026-05-11 05:40:13,707 - main - INFO - Included router: routers.user.router
2026-05-11 05:40:13,756 - main - INFO - Included router: routers.user_profiles.router
2026-05-11 05:40:13,807 - main - INFO - Included router: routers.vlts.router
2026-05-11 05:40:13,810 - main - INFO - === Application startup initiated ===
2026-05-11 05:40:13,811 - services.database - INFO - Ignore creating tables
2026-05-11 05:40:13,811 - services.mock_data - INFO - Ignore initialize data
2026-05-11 05:40:13,811 - services.auth - INFO - Ignore initialize admin
2026-05-11 05:40:13,811 - main - INFO - === Application startup completed successfully ===
2026-05-11 05:40:26,750 - services.database - DEBUG - [DB_OP] Starting database close
2026-05-11 05:40:26,750 - services.database - INFO - Database connections closed
2026-05-11 05:40:26,750 - services.database - DEBUG - [DB_OP] Database close completed in 0.0005s
