2026-05-10 02:47:38,234 - main - INFO - === Logging system initialized ===
2026-05-10 02:47:38,234 - main - INFO - Log file: logs/app_20260510_024738.log
2026-05-10 02:47:38,235 - main - INFO - Log level: INFO
2026-05-10 02:47:38,235 - main - INFO - Timestamp: 20260510_024738
2026-05-10 02:47:39,292 - main - INFO - Included router: routers.aihub.router
2026-05-10 02:47:39,317 - main - INFO - Included router: routers.auth.router
2026-05-10 02:47:39,364 - main - INFO - Included router: routers.betsmarts.router
2026-05-10 02:47:39,475 - main - INFO - Included router: routers.cash_ops.router
2026-05-10 02:47:39,531 - main - INFO - Included router: routers.cashes.router
2026-05-10 02:47:39,591 - main - INFO - Included router: routers.discrepancies.router
2026-05-10 02:47:39,594 - main - INFO - Included router: routers.health.router
2026-05-10 02:47:39,809 - main - INFO - Included router: routers.movements.router
2026-05-10 02:47:39,835 - main - INFO - Included router: routers.settings.router
2026-05-10 02:47:39,901 - main - INFO - Included router: routers.shifts.router
2026-05-10 02:47:39,939 - main - INFO - Included router: routers.storage.router
2026-05-10 02:47:39,948 - main - INFO - Included router: routers.user.router
2026-05-10 02:47:39,999 - main - INFO - Included router: routers.user_profiles.router
2026-05-10 02:47:40,071 - main - INFO - Included router: routers.vlts.router
2026-05-10 02:47:40,073 - main - INFO - === Application startup initiated ===
2026-05-10 02:47:40,073 - services.database - INFO - Ignore creating tables
2026-05-10 02:47:40,073 - services.mock_data - INFO - Ignore initialize data
2026-05-10 02:47:40,073 - services.auth - INFO - Ignore initialize admin
2026-05-10 02:47:40,073 - main - INFO - === Application startup completed successfully ===
2026-05-10 03:03:46,606 - services.database - DEBUG - [DB_OP] Starting database close
2026-05-10 03:03:46,606 - services.database - INFO - Database connections closed
2026-05-10 03:03:46,606 - services.database - DEBUG - [DB_OP] Database close completed in 0.0009s
