2026-05-10 09:47:52,908 - main - INFO - === Logging system initialized ===
2026-05-10 09:47:52,908 - main - INFO - Log file: logs/app_20260510_094752.log
2026-05-10 09:47:52,909 - main - INFO - Log level: INFO
2026-05-10 09:47:52,909 - main - INFO - Timestamp: 20260510_094752
2026-05-10 09:47:54,063 - main - INFO - Included router: routers.aihub.router
2026-05-10 09:47:54,089 - main - INFO - Included router: routers.auth.router
2026-05-10 09:47:54,135 - main - INFO - Included router: routers.betsmarts.router
2026-05-10 09:47:54,226 - main - INFO - Included router: routers.cash_ops.router
2026-05-10 09:47:54,278 - main - INFO - Included router: routers.cashes.router
2026-05-10 09:47:54,337 - main - INFO - Included router: routers.discrepancies.router
2026-05-10 09:47:54,341 - main - INFO - Included router: routers.health.router
2026-05-10 09:47:54,547 - main - INFO - Included router: routers.movements.router
2026-05-10 09:47:54,579 - main - INFO - Included router: routers.public_auth.router
2026-05-10 09:47:54,602 - main - INFO - Included router: routers.settings.router
2026-05-10 09:47:54,676 - main - INFO - Included router: routers.shifts.router
2026-05-10 09:47:54,723 - main - INFO - Included router: routers.storage.router
2026-05-10 09:47:54,736 - main - INFO - Included router: routers.user.router
2026-05-10 09:47:54,783 - main - INFO - Included router: routers.user_profiles.router
2026-05-10 09:47:54,827 - main - INFO - Included router: routers.vlts.router
2026-05-10 09:47:54,829 - main - INFO - === Application startup initiated ===
2026-05-10 09:47:54,829 - services.database - INFO - Ignore creating tables
2026-05-10 09:47:54,830 - services.mock_data - INFO - Ignore initialize data
2026-05-10 09:47:54,830 - services.auth - INFO - Ignore initialize admin
2026-05-10 09:47:54,830 - main - INFO - === Application startup completed successfully ===
2026-05-10 09:48:13,189 - services.database - DEBUG - [DB_OP] Starting database close
2026-05-10 09:48:13,189 - services.database - INFO - Database connections closed
2026-05-10 09:48:13,189 - services.database - DEBUG - [DB_OP] Database close completed in 0.0006s
