2026-05-10 09:41:23,212 - main - INFO - === Logging system initialized ===
2026-05-10 09:41:23,212 - main - INFO - Log file: logs/app_20260510_094123.log
2026-05-10 09:41:23,212 - main - INFO - Log level: INFO
2026-05-10 09:41:23,212 - main - INFO - Timestamp: 20260510_094123
2026-05-10 09:41:24,188 - main - INFO - Included router: routers.aihub.router
2026-05-10 09:41:24,208 - main - INFO - Included router: routers.auth.router
2026-05-10 09:41:24,251 - main - INFO - Included router: routers.betsmarts.router
2026-05-10 09:41:24,355 - main - INFO - Included router: routers.cash_ops.router
2026-05-10 09:41:24,417 - main - INFO - Included router: routers.cashes.router
2026-05-10 09:41:24,481 - main - INFO - Included router: routers.discrepancies.router
2026-05-10 09:41:24,483 - main - INFO - Included router: routers.health.router
2026-05-10 09:41:24,680 - main - INFO - Included router: routers.movements.router
2026-05-10 09:41:24,720 - main - INFO - Included router: routers.settings.router
2026-05-10 09:41:24,784 - main - INFO - Included router: routers.shifts.router
2026-05-10 09:41:24,823 - main - INFO - Included router: routers.storage.router
2026-05-10 09:41:24,833 - main - INFO - Included router: routers.user.router
2026-05-10 09:41:24,879 - main - INFO - Included router: routers.user_profiles.router
2026-05-10 09:41:24,918 - main - INFO - Included router: routers.vlts.router
2026-05-10 09:41:24,919 - main - INFO - === Application startup initiated ===
2026-05-10 09:41:24,919 - services.database - INFO - Ignore creating tables
2026-05-10 09:41:24,919 - services.mock_data - INFO - Ignore initialize data
2026-05-10 09:41:24,919 - services.auth - INFO - Ignore initialize admin
2026-05-10 09:41:24,920 - main - INFO - === Application startup completed successfully ===
2026-05-10 09:41:29,816 - dependencies.auth - DEBUG - Authentication required for request GET /api/v1/auth/me
2026-05-10 09:43:12,058 - services.database - DEBUG - [DB_OP] Starting database close
2026-05-10 09:43:12,058 - services.database - INFO - Database connections closed
2026-05-10 09:43:12,058 - services.database - DEBUG - [DB_OP] Database close completed in 0.0005s
