2026-05-11 05:10:05,822 - main - INFO - === Logging system initialized ===
2026-05-11 05:10:05,822 - main - INFO - Log file: logs/app_20260511_051005.log
2026-05-11 05:10:05,823 - main - INFO - Log level: INFO
2026-05-11 05:10:05,823 - main - INFO - Timestamp: 20260511_051005
2026-05-11 05:10:07,864 - main - INFO - Included router: routers.aihub.router
2026-05-11 05:10:07,893 - main - INFO - Included router: routers.auth.router
2026-05-11 05:10:07,952 - main - INFO - Included router: routers.betsmarts.router
2026-05-11 05:10:08,061 - main - INFO - Included router: routers.cash_ops.router
2026-05-11 05:10:08,113 - main - INFO - Included router: routers.cashes.router
2026-05-11 05:10:08,182 - main - INFO - Included router: routers.discrepancies.router
2026-05-11 05:10:08,189 - main - INFO - Included router: routers.health.router
2026-05-11 05:10:08,392 - main - INFO - Included router: routers.movements.router
2026-05-11 05:10:08,397 - main - INFO - Included router: routers.public_auth.router
2026-05-11 05:10:08,422 - main - INFO - Included router: routers.settings.router
2026-05-11 05:10:08,497 - main - INFO - Included router: routers.shifts.router
2026-05-11 05:10:08,557 - main - INFO - Included router: routers.storage.router
2026-05-11 05:10:08,578 - main - INFO - Included router: routers.user.router
2026-05-11 05:10:08,656 - main - INFO - Included router: routers.user_profiles.router
2026-05-11 05:10:08,711 - main - INFO - Included router: routers.vlts.router
2026-05-11 05:10:08,713 - main - INFO - === Application startup initiated ===
2026-05-11 05:10:08,714 - services.database - INFO - Ignore creating tables
2026-05-11 05:10:08,715 - services.mock_data - INFO - Ignore initialize data
2026-05-11 05:10:08,716 - services.auth - INFO - Ignore initialize admin
2026-05-11 05:10:08,717 - main - INFO - === Application startup completed successfully ===
2026-05-11 05:39:57,846 - services.database - DEBUG - [DB_OP] Starting database close
2026-05-11 05:39:57,846 - services.database - INFO - Database connections closed
2026-05-11 05:39:57,846 - services.database - DEBUG - [DB_OP] Database close completed in 0.0004s
