2026-05-10 02:23:47,284 - main - INFO - === Logging system initialized ===
2026-05-10 02:23:47,285 - main - INFO - Log file: logs/app_20260510_022347.log
2026-05-10 02:23:47,286 - main - INFO - Log level: INFO
2026-05-10 02:23:47,286 - main - INFO - Timestamp: 20260510_022347
2026-05-10 02:23:48,707 - main - INFO - Included router: routers.aihub.router
2026-05-10 02:23:48,729 - main - INFO - Included router: routers.auth.router
2026-05-10 02:23:48,850 - main - INFO - Included router: routers.betsmarts.router
2026-05-10 02:23:48,947 - main - INFO - Included router: routers.cash_ops.router
2026-05-10 02:23:49,113 - main - INFO - Included router: routers.cashes.router
2026-05-10 02:23:49,233 - main - INFO - Included router: routers.discrepancies.router
2026-05-10 02:23:49,236 - main - INFO - Included router: routers.health.router
2026-05-10 02:23:49,459 - main - INFO - Included router: routers.movements.router
2026-05-10 02:23:49,480 - main - INFO - Included router: routers.settings.router
2026-05-10 02:23:49,592 - main - INFO - Included router: routers.shifts.router
2026-05-10 02:23:49,643 - main - INFO - Included router: routers.storage.router
2026-05-10 02:23:49,653 - main - INFO - Included router: routers.user.router
2026-05-10 02:23:49,826 - main - INFO - Included router: routers.user_profiles.router
2026-05-10 02:23:50,084 - main - INFO - Included router: routers.vlts.router
2026-05-10 02:23:50,086 - main - INFO - === Application startup initiated ===
2026-05-10 02:23:50,086 - services.database - INFO - Ignore creating tables
2026-05-10 02:23:50,086 - services.mock_data - INFO - Ignore initialize data
2026-05-10 02:23:50,086 - services.auth - INFO - Ignore initialize admin
2026-05-10 02:23:50,087 - main - INFO - === Application startup completed successfully ===
2026-05-10 02:28:16,760 - dependencies.auth - DEBUG - Authentication required for request GET /api/v1/auth/me
2026-05-10 02:29:27,931 - dependencies.auth - DEBUG - Authentication required for request GET /api/v1/auth/me
2026-05-10 02:29:52,892 - services.database - DEBUG - [DB_OP] Starting database close
2026-05-10 02:29:52,892 - services.database - INFO - Database connections closed
2026-05-10 02:29:52,892 - services.database - DEBUG - [DB_OP] Database close completed in 0.0003s
