2026-05-11 01:14:58,256 - main - INFO - === Logging system initialized ===
2026-05-11 01:14:58,257 - main - INFO - Log file: logs/app_20260511_011458.log
2026-05-11 01:14:58,257 - main - INFO - Log level: INFO
2026-05-11 01:14:58,257 - main - INFO - Timestamp: 20260511_011458
2026-05-11 01:15:12,010 - main - INFO - Included router: routers.aihub.router
2026-05-11 01:15:12,216 - main - INFO - Included router: routers.auth.router
2026-05-11 01:15:12,296 - main - INFO - Included router: routers.betsmarts.router
2026-05-11 01:15:12,571 - main - INFO - Included router: routers.cash_ops.router
2026-05-11 01:15:12,704 - main - INFO - Included router: routers.cashes.router
2026-05-11 01:15:12,841 - main - INFO - Included router: routers.discrepancies.router
2026-05-11 01:15:12,872 - main - INFO - Included router: routers.health.router
2026-05-11 01:15:13,099 - main - INFO - Included router: routers.movements.router
2026-05-11 01:15:13,131 - main - INFO - Included router: routers.public_auth.router
2026-05-11 01:15:13,218 - main - INFO - Included router: routers.settings.router
2026-05-11 01:15:13,368 - main - INFO - Included router: routers.shifts.router
2026-05-11 01:15:13,483 - main - INFO - Included router: routers.storage.router
2026-05-11 01:15:13,603 - main - INFO - Included router: routers.user.router
2026-05-11 01:15:13,795 - main - INFO - Included router: routers.user_profiles.router
2026-05-11 01:15:13,904 - main - INFO - Included router: routers.vlts.router
2026-05-11 01:15:13,906 - main - INFO - === Application startup initiated ===
2026-05-11 01:15:13,906 - services.database - INFO - Ignore creating tables
2026-05-11 01:15:13,906 - services.mock_data - INFO - Ignore initialize data
2026-05-11 01:15:13,906 - services.auth - INFO - Ignore initialize admin
2026-05-11 01:15:13,907 - main - INFO - === Application startup completed successfully ===
2026-05-11 01:25:17,547 - services.database - DEBUG - [DB_OP] Starting database close
2026-05-11 01:25:17,547 - services.database - INFO - Database connections closed
2026-05-11 01:25:17,547 - services.database - DEBUG - [DB_OP] Database close completed in 0.0005s
