2026-05-10 03:42:25,808 - main - INFO - === Logging system initialized ===
2026-05-10 03:42:25,808 - main - INFO - Log file: logs/app_20260510_034225.log
2026-05-10 03:42:25,808 - main - INFO - Log level: INFO
2026-05-10 03:42:25,808 - main - INFO - Timestamp: 20260510_034225
2026-05-10 03:42:27,278 - main - INFO - Included router: routers.aihub.router
2026-05-10 03:42:27,308 - main - INFO - Included router: routers.auth.router
2026-05-10 03:42:27,378 - main - INFO - Included router: routers.betsmarts.router
2026-05-10 03:42:27,802 - main - INFO - Included router: routers.cash_ops.router
2026-05-10 03:42:27,859 - main - INFO - Included router: routers.cashes.router
2026-05-10 03:42:27,925 - main - INFO - Included router: routers.discrepancies.router
2026-05-10 03:42:27,929 - main - INFO - Included router: routers.health.router
2026-05-10 03:42:28,157 - main - INFO - Included router: routers.movements.router
2026-05-10 03:42:28,199 - main - INFO - Included router: routers.settings.router
2026-05-10 03:42:28,284 - main - INFO - Included router: routers.shifts.router
2026-05-10 03:42:28,378 - main - INFO - Included router: routers.storage.router
2026-05-10 03:42:28,388 - main - INFO - Included router: routers.user.router
2026-05-10 03:42:28,448 - main - INFO - Included router: routers.user_profiles.router
2026-05-10 03:42:28,515 - main - INFO - Included router: routers.vlts.router
2026-05-10 03:42:28,517 - main - INFO - === Application startup initiated ===
2026-05-10 03:42:28,517 - services.database - INFO - Ignore creating tables
2026-05-10 03:42:28,517 - services.mock_data - INFO - Ignore initialize data
2026-05-10 03:42:28,518 - services.auth - INFO - Ignore initialize admin
2026-05-10 03:42:28,519 - main - INFO - === Application startup completed successfully ===
2026-05-10 03:42:31,529 - services.database - DEBUG - [DB_OP] Starting database close
2026-05-10 03:42:31,529 - services.database - INFO - Database connections closed
2026-05-10 03:42:31,530 - services.database - DEBUG - [DB_OP] Database close completed in 0.0009s
