2026-05-11 09:45:30,279 - main - INFO - === Logging system initialized ===
2026-05-11 09:45:30,280 - main - INFO - Log file: logs/app_20260511_094530.log
2026-05-11 09:45:30,280 - main - INFO - Log level: INFO
2026-05-11 09:45:30,280 - main - INFO - Timestamp: 20260511_094530
2026-05-11 09:45:31,399 - main - INFO - Included router: routers.aihub.router
2026-05-11 09:45:31,427 - main - INFO - Included router: routers.auth.router
2026-05-11 09:45:31,476 - main - INFO - Included router: routers.betsmarts.router
2026-05-11 09:45:31,565 - main - INFO - Included router: routers.cash_ops.router
2026-05-11 09:45:31,611 - main - INFO - Included router: routers.cashes.router
2026-05-11 09:45:31,668 - main - INFO - Included router: routers.discrepancies.router
2026-05-11 09:45:31,672 - main - INFO - Included router: routers.health.router
2026-05-11 09:45:31,845 - main - INFO - Included router: routers.movements.router
2026-05-11 09:45:31,849 - main - INFO - Included router: routers.public_auth.router
2026-05-11 09:45:31,869 - main - INFO - Included router: routers.settings.router
2026-05-11 09:45:31,946 - main - INFO - Included router: routers.shifts.router
2026-05-11 09:45:31,987 - main - INFO - Included router: routers.storage.router
2026-05-11 09:45:32,003 - main - INFO - Included router: routers.user.router
2026-05-11 09:45:32,077 - main - INFO - Included router: routers.user_profiles.router
2026-05-11 09:45:32,122 - main - INFO - Included router: routers.vlts.router
2026-05-11 09:45:32,125 - main - INFO - === Application startup initiated ===
2026-05-11 09:45:32,125 - services.database - INFO - Ignore creating tables
2026-05-11 09:45:32,125 - services.mock_data - INFO - Ignore initialize data
2026-05-11 09:45:32,127 - services.auth - INFO - Ignore initialize admin
2026-05-11 09:45:32,127 - main - INFO - === Application startup completed successfully ===
2026-05-11 09:48:10,634 - core.config - DEBUG - Read dynamic attribute jwt_secret_key from environment variable JWT_SECRET_KEY
2026-05-11 09:48:10,634 - core.config - DEBUG - Read dynamic attribute jwt_algorithm from environment variable JWT_ALGORITHM
2026-05-11 09:48:10,634 - core.auth - WARNING - Token validation failed: JWTError
2026-05-11 09:48:10,634 - dependencies.auth - WARNING - Token validation failed: AccessTokenError
2026-05-11 09:48:40,493 - core.auth - WARNING - Token validation failed: JWTError
2026-05-11 09:48:40,493 - dependencies.auth - WARNING - Token validation failed: AccessTokenError
2026-05-11 09:49:11,033 - core.auth - WARNING - Token validation failed: JWTError
2026-05-11 09:49:11,033 - dependencies.auth - WARNING - Token validation failed: AccessTokenError
2026-05-11 09:50:17,287 - core.auth - WARNING - Token validation failed: JWTError
2026-05-11 09:50:17,287 - dependencies.auth - WARNING - Token validation failed: AccessTokenError
2026-05-11 09:50:18,141 - core.auth - WARNING - Token validation failed: JWTError
2026-05-11 09:50:18,142 - dependencies.auth - WARNING - Token validation failed: AccessTokenError
2026-05-11 09:50:18,538 - core.auth - WARNING - Token validation failed: JWTError
2026-05-11 09:50:18,538 - dependencies.auth - WARNING - Token validation failed: AccessTokenError
2026-05-11 09:50:18,601 - core.auth - WARNING - Token validation failed: JWTError
2026-05-11 09:50:18,601 - dependencies.auth - WARNING - Token validation failed: AccessTokenError
2026-05-11 09:50:18,787 - core.auth - WARNING - Token validation failed: JWTError
2026-05-11 09:50:18,787 - dependencies.auth - WARNING - Token validation failed: AccessTokenError
2026-05-11 09:50:21,444 - core.auth - WARNING - Token validation failed: JWTError
2026-05-11 09:50:21,445 - dependencies.auth - WARNING - Token validation failed: AccessTokenError
2026-05-11 09:50:59,706 - core.auth - WARNING - Token validation failed: JWTError
2026-05-11 09:50:59,706 - dependencies.auth - WARNING - Token validation failed: AccessTokenError
2026-05-11 09:52:22,144 - core.database - DEBUG - [DB_OP] Starting get_db session creation
2026-05-11 09:52:22,144 - core.database - WARNING - Database session maker not available, attempting lazy initialization...
2026-05-11 09:52:22,144 - core.database - WARNING - Database not initialized, attempting lazy initialization...
2026-05-11 09:52:22,144 - core.database - INFO - Starting database initialization...
2026-05-11 09:52:22,144 - core.config - DEBUG - Read dynamic attribute database_url from environment variable DATABASE_URL
2026-05-11 09:52:22,145 - core.database - INFO - Normalizing database URL for async compatibility...
2026-05-11 09:52:22,146 - core.database - INFO - Creating async database engine...
2026-05-11 09:52:22,146 - core.database - INFO - Using QueuePool with connection pooling for non-Lambda environment
2026-05-11 09:52:22,204 - core.database - INFO - Database engine created successfully
2026-05-11 09:52:22,205 - core.database - INFO - Creating async session maker...
2026-05-11 09:52:22,205 - core.database - INFO - Async session maker created successfully
2026-05-11 09:52:22,205 - core.database - INFO - Database connection initialized successfully
2026-05-11 09:52:22,205 - core.database - DEBUG - [DB_OP] Starting create_tables
2026-05-11 09:52:22,205 - core.database - INFO - 🔧 Starting table creation...
2026-05-11 09:52:24,560 - core.database - INFO - Tables initialized successfully
2026-05-11 09:52:24,561 - core.database - DEBUG - [DB_OP] Create tables completed in 2.3556s
2026-05-11 09:52:24,624 - core.database - INFO - Lazy database initialization completed successfully
2026-05-11 09:52:24,625 - core.database - DEBUG - [DB_OP] Database session created successfully in 2.4811s
2026-05-11 09:52:25,090 - routers.public_auth - INFO - [login] Checking password for user admin1@trezzanosnai.it, has stored hash: True
2026-05-11 09:52:25,090 - core.config - DEBUG - Read dynamic attribute jwt_expire_minutes from environment variable JWT_EXPIRE_MINUTES
2026-05-11 09:52:25,466 - core.auth - DEBUG - Authentication token created for user hash: 6368b9a2
2026-05-11 09:52:25,468 - routers.public_auth - INFO - [login] Login successful for user admin1@trezzanosnai.it, role=admin
2026-05-11 09:52:25,494 - core.database - DEBUG - [DB_OP] Database session cleanup after 3.3501s
2026-05-11 09:52:53,876 - core.database - DEBUG - [DB_OP] Starting get_db session creation
2026-05-11 09:52:53,876 - core.database - DEBUG - [DB_OP] Database session created successfully in 0.0006s
2026-05-11 09:52:54,197 - routers.public_auth - INFO - [login] Checking password for user admin1@trezzanosnai.it, has stored hash: True
2026-05-11 09:52:54,197 - core.auth - DEBUG - Authentication token created for user hash: 6368b9a2
2026-05-11 09:52:54,198 - routers.public_auth - INFO - [login] Login successful for user admin1@trezzanosnai.it, role=admin
2026-05-11 09:52:54,198 - core.database - DEBUG - [DB_OP] Database session cleanup after 0.3225s
2026-05-11 09:54:24,221 - services.database - DEBUG - [DB_OP] Starting database close
2026-05-11 09:54:24,289 - core.database - INFO - Database connection closed and engine disposed
2026-05-11 09:54:24,290 - services.database - INFO - Database connections closed
2026-05-11 09:54:24,290 - services.database - DEBUG - [DB_OP] Database close completed in 0.0687s
