2026-05-11 09:44:50,790 - main - INFO - === Logging system initialized ===
2026-05-11 09:44:50,790 - main - INFO - Log file: logs/app_20260511_094450.log
2026-05-11 09:44:50,791 - main - INFO - Log level: INFO
2026-05-11 09:44:50,791 - main - INFO - Timestamp: 20260511_094450
2026-05-11 09:44:52,018 - main - INFO - Included router: routers.aihub.router
2026-05-11 09:44:52,079 - main - INFO - Included router: routers.auth.router
2026-05-11 09:44:52,134 - main - INFO - Included router: routers.betsmarts.router
2026-05-11 09:44:52,243 - main - INFO - Included router: routers.cash_ops.router
2026-05-11 09:44:52,301 - main - INFO - Included router: routers.cashes.router
2026-05-11 09:44:52,379 - main - INFO - Included router: routers.discrepancies.router
2026-05-11 09:44:52,385 - main - INFO - Included router: routers.health.router
2026-05-11 09:44:52,584 - main - INFO - Included router: routers.movements.router
2026-05-11 09:44:52,591 - main - INFO - Included router: routers.public_auth.router
2026-05-11 09:44:52,617 - main - INFO - Included router: routers.settings.router
2026-05-11 09:44:52,696 - main - INFO - Included router: routers.shifts.router
2026-05-11 09:44:52,741 - main - INFO - Included router: routers.storage.router
2026-05-11 09:44:52,754 - main - INFO - Included router: routers.user.router
2026-05-11 09:44:52,805 - main - INFO - Included router: routers.user_profiles.router
2026-05-11 09:44:52,847 - main - INFO - Included router: routers.vlts.router
2026-05-11 09:44:52,848 - main - INFO - === Application startup initiated ===
2026-05-11 09:44:52,849 - services.database - INFO - Ignore creating tables
2026-05-11 09:44:52,849 - services.mock_data - INFO - Ignore initialize data
2026-05-11 09:44:52,849 - services.auth - INFO - Ignore initialize admin
2026-05-11 09:44:52,849 - main - INFO - === Application startup completed successfully ===
2026-05-11 09:45:19,851 - services.database - DEBUG - [DB_OP] Starting database close
2026-05-11 09:45:19,851 - services.database - INFO - Database connections closed
2026-05-11 09:45:19,851 - services.database - DEBUG - [DB_OP] Database close completed in 0.0004s
