2026-05-11 09:54:33,477 - main - INFO - === Logging system initialized ===
2026-05-11 09:54:33,477 - main - INFO - Log file: logs/app_20260511_095433.log
2026-05-11 09:54:33,478 - main - INFO - Log level: INFO
2026-05-11 09:54:33,478 - main - INFO - Timestamp: 20260511_095433
2026-05-11 09:54:34,603 - main - INFO - Included router: routers.aihub.router
2026-05-11 09:54:34,643 - main - INFO - Included router: routers.auth.router
2026-05-11 09:54:34,694 - main - INFO - Included router: routers.betsmarts.router
2026-05-11 09:54:34,808 - main - INFO - Included router: routers.cash_ops.router
2026-05-11 09:54:34,856 - main - INFO - Included router: routers.cashes.router
2026-05-11 09:54:34,920 - main - INFO - Included router: routers.discrepancies.router
2026-05-11 09:54:34,925 - main - INFO - Included router: routers.health.router
2026-05-11 09:54:35,112 - main - INFO - Included router: routers.movements.router
2026-05-11 09:54:35,119 - main - INFO - Included router: routers.public_auth.router
2026-05-11 09:54:35,142 - main - INFO - Included router: routers.settings.router
2026-05-11 09:54:35,222 - main - INFO - Included router: routers.shifts.router
2026-05-11 09:54:35,271 - main - INFO - Included router: routers.storage.router
2026-05-11 09:54:35,284 - main - INFO - Included router: routers.user.router
2026-05-11 09:54:35,336 - main - INFO - Included router: routers.user_profiles.router
2026-05-11 09:54:35,379 - main - INFO - Included router: routers.vlts.router
2026-05-11 09:54:35,381 - main - INFO - === Application startup initiated ===
2026-05-11 09:54:35,381 - services.database - INFO - Ignore creating tables
2026-05-11 09:54:35,382 - services.mock_data - INFO - Ignore initialize data
2026-05-11 09:54:35,382 - services.auth - INFO - Ignore initialize admin
2026-05-11 09:54:35,382 - main - INFO - === Application startup completed successfully ===
