2026-05-10 09:40:48,154 - main - INFO - === Logging system initialized ===
2026-05-10 09:40:48,155 - main - INFO - Log file: logs/app_20260510_094048.log
2026-05-10 09:40:48,155 - main - INFO - Log level: INFO
2026-05-10 09:40:48,156 - main - INFO - Timestamp: 20260510_094048
2026-05-10 09:40:49,163 - main - INFO - Included router: routers.aihub.router
2026-05-10 09:40:49,182 - main - INFO - Included router: routers.auth.router
2026-05-10 09:40:49,225 - main - INFO - Included router: routers.betsmarts.router
2026-05-10 09:40:49,312 - main - INFO - Included router: routers.cash_ops.router
2026-05-10 09:40:49,366 - main - INFO - Included router: routers.cashes.router
2026-05-10 09:40:49,425 - main - INFO - Included router: routers.discrepancies.router
2026-05-10 09:40:49,428 - main - INFO - Included router: routers.health.router
2026-05-10 09:40:49,654 - main - INFO - Included router: routers.movements.router
2026-05-10 09:40:49,694 - main - INFO - Included router: routers.settings.router
2026-05-10 09:40:49,769 - main - INFO - Included router: routers.shifts.router
2026-05-10 09:40:49,821 - main - INFO - Included router: routers.storage.router
2026-05-10 09:40:49,835 - main - INFO - Included router: routers.user.router
2026-05-10 09:40:49,908 - main - INFO - Included router: routers.user_profiles.router
2026-05-10 09:40:49,958 - main - INFO - Included router: routers.vlts.router
2026-05-10 09:40:49,960 - main - INFO - === Application startup initiated ===
2026-05-10 09:40:49,960 - services.database - INFO - Ignore creating tables
2026-05-10 09:40:49,961 - services.mock_data - INFO - Ignore initialize data
2026-05-10 09:40:49,962 - services.auth - INFO - Ignore initialize admin
2026-05-10 09:40:49,962 - main - INFO - === Application startup completed successfully ===
2026-05-10 09:40:56,757 - dependencies.auth - DEBUG - Authentication required for request GET /api/v1/auth/me
2026-05-10 09:41:13,132 - services.database - DEBUG - [DB_OP] Starting database close
2026-05-10 09:41:13,133 - services.database - INFO - Database connections closed
2026-05-10 09:41:13,133 - services.database - DEBUG - [DB_OP] Database close completed in 0.0008s
